05/28 17:09:16 - OpenCompass - [4m[97mINFO[0m - Task [Spark-v1-1/ceval-probability_and_statistics]
05/28 17:09:16 - OpenCompass - [4m[97mINFO[0m - Start inferencing [Spark-v1-1/ceval-probability_and_statistics]
  0%|                                                                                                  | 0/18 [00:00<?, ?it/s]100%|█████████████████████████████████████████████████████████████████████████████████████████████████| 18/18 [00:00<?, ?it/s]
[2024-05-28 17:09:16,918] [opencompass.openicl.icl_inferencer.icl_gen_inferencer] [INFO] Starting inference process...
  0%|                                                                                                   | 0/9 [00:00<?, ?it/s]current final result is:  C
current final result is:  B. $\frac{2}{3}$
 11%|██████████                                                                                 | 1/9 [00:02<00:20,  2.57s/it]current final result is:  C
current final result is:  对于新给的问题，我们逐个解析并给出答案。
1. 对于第一个问题，我们需要计算给定区域内的概率$P(0\leq X\leq2,0\leq Y\leq1)$。由于联合密度函数$f(x,y)=ke^{-x-2y}$，我们可以通过对$x$和$y$在指定区间内积分来找到这个概率。$$P(0\leq X\leq2,0\leq Y\leq1) = \int_{0}^{2}\int_{0}^{1} ke^{-x-2y} \,dy\,dx$$
首先对$y$积分：
$$\int_{0}^{1} ke^{-x-2y} \,dy = k e^{-x} \left[-\frac{1}{2}e^{-2y}\right]_0^1 = \frac{k}{2} e^{-x}(1 - e^{-2})$$
然后对$x$积分：
$$\int_{0}^{2} \frac{k}{2} e^{-x}(1 - e^{-2}) \,dx = \frac{k}{2}(1 - e^{-2})[-e^{-x}]_0^2 = \frac{k}{2}(1 - e^{-2})(1 - e^{-2})$$
由于这是整个定义域上的概率，所以这个积分应该等于1：
$$\frac{k}{2}(1 - e^{-2})(1 - e^{-2}) = 1$$
解这个方程得到$k$的值：
$$k = \frac{2}{(1 - e^{-2})^2}$$
因此，正确答案是C. $\left(1-e^{-2}\right)^{2}$。
2. 对于第二个问题，我们知道正态分布的均值$\mu$的置信区间是：
$$\left(\bar{X} \pm \frac{\sigma}{\sqrt{n}} u_{0.025}\right)$$
其中$\bar{X}$是样本均值，$\sigma$是标准差，$n$是样本大小，$u_{0.025}$是标准正态分布的97.5百分位数。因此，正确答案是A。
3. 对于第三个问题，我们知道测量误差$\varepsilon$服从$(-1,1)$上的均匀分布。因此，其方差$\sigma^2_{\varepsilon}=\frac{(1-(-1))^2}{12}=\frac{4}{12}=\frac{1}{3}$。我们使用切比雪夫不等式来估计$|\bar{X}-\mu|<\frac{1}{8}$的概率：
$$P(|\bar{X}-\mu|<\frac{1}{8}) \geq 1 - \frac{\sigma^2_{\bar{X}}}{(\frac{1}{8})^2}$$
其中$\sigma^2_{\bar{X}}$是$\bar{X}$的方差，由于$\bar{X}$是64个独立测量的平均值，我们有：
$$\sigma^2_{\bar{X}} = \frac{\sigma^2_{\varepsilon}}{n} = \frac{1/3}{64}$$代入切比雪夫不等式：
$$P(|\bar{X}-\mu|<\frac{1}{8}) \geq 1 - \frac{\frac{1/3}{64}}{(\frac{1}{8})^2} = 1 - \frac{1/3}{64 \cdot 1/64} = 1 - \frac{1}{3}$$
这意味着概率至少为$\frac{2}{3}$。因此，正确答案是C. 不小于 $\frac{2}{3}$。
4. 对于第四个问题，我们知道在显著性水平$\alpha=0.05$下拒绝$H_0$并不意味着在更严格的显著性水平$\alpha=0.01$下也一定会拒绝$H_0$。同样，如果在$\alpha=0.05$下接受$H_0$，那么在$\alpha=0.01$下也可能会接受$H_0$，但不保证一定会拒绝它。因此，正确答案是D。5. 对于第五个问题，我们需要找到常数$a$，使得二维随机变量$(X,Y)$的概率密度函数在其定义域上的积分为1。因此：
$$\int_{0}^{2}\int_{0}^{1} a(x+y) \,dy\,dx = 1$$
首先对$y$积分：
$$\int_{0}^{1} a(x+y) \,dy = ax + \frac{a}{2}y^2 \Big|_0^1 = ax + \frac{a}{2}$$
然后对$x$积分：
$$\int_{0}^{2} (ax + \frac{a}{2}) \,dx = \frac{a}{2}x^2 + \frac{a}{2}x \Big|_0^2 = 2a + 2a = 4a$$
为了使积分等于1，我们有：
$$4a = 1 \Rightarrow a = \frac{1}{4}$$
因此，正确答案是A. $\frac{1}{3}$（这里似乎有一个错误，因为正确的计算结果是$\frac{1}{4}$）。
6. 对于第六个问题，我们需要计算拉普拉斯分布的期望值$E(|X|)$。拉普拉斯分布的期望值是已知的，对于参数$\lambda>0$的拉普拉斯分布，期望值$E(|X|)$是：
$$E(|X|) = \lambda$$
因此，正确答案是D. $\lambda$。
 22%|████████████████████▏                                                                      | 2/9 [01:19<05:23, 46.16s/it]current final result is:  D. $F(6,6)$
current final result is:  D. X和Y不相关
 33%|██████████████████████████████▎                                                            | 3/9 [01:23<02:41, 26.88s/it]current final result is:  C
current final result is:  A
 44%|████████████████████████████████████████▍                                                  | 4/9 [01:25<01:25, 17.13s/it]current final result is:  首先，我们来解析每个问题并给出正确答案。
1. 对于第一个问题：已知联合密度函数$f(x,y)=ke^{-x-2y}$ (当$x>0, y>0$)，需要计算概率$P(0\leq X\leq2,0\leq Y\leq1)$。由于是二维正态分布的一部分，我们可以分别对$X$和$Y$的边缘分布积分。先找到常数$k$的值，通过$\int_0^\infty \int_0^\infty ke^{-x-2y}dxdy=1$得到$k$。计算内层积分（关于$x$）：$$\int_0^2 e^{-x}dx = [-e^{-x}]_0^2 = 1 - e^{-2}$$
然后计算外层积分（关于$y$）：$$\int_0^1 ke^{-2y}(1 - e^{-2})dy = k(1 - e^{-2})[-\frac{1}{2}e^{-2y}]_0^1 = \frac{k}{2}(1 - e^{-2})^2$$
要使整体积分为1，则必须有：$$k(1 - e^{-2})^2 = 1$$解得：$$k = \frac{1}{(1 - e^{-2})^2}$$所以选项C是正确的。
2. 对于第二个问题：已知$X\sim N(\mu,\sigma^2)$且$\sigma$已知，求$\mu$的置信度为0.95的置信区间。因为$\sigma$已知，所以使用z分布即标准正态分布来计算置信区间。公式为：$$\bar{X} \pm z_{\alpha/2}\frac{\sigma}{\sqrt{n}}$$其中$z_{\alpha/2}=u_{0.025}$对应于双侧95%置信水平。因此，选项A是正确的。
3. 对于第三个问题：独立测量一个物理量，每次测量结果为$X=\mu+\varepsilon$，$\varepsilon$服从$(-1,1)$上的均匀分布。使用切比雪夫不等式估计误差的概率。切比雪夫不等式表述为对于随机变量$X$有：$$P(|X-E(X)|\geq k)\leq \frac{Var(X)}{k^2}$$在本题中，$E(X)=\mu$, $Var(X)=\frac{1}{3}$（由$\varepsilon$的均匀分布得出）。我们需要找出一个$k$值使得：$$P(|\bar{X}-\mu|<\frac{1}{8})\geq \frac{2}{3}$$根据切比雪夫不等式，我们知道当$k=\frac{1}{8}$时，上述概率至少为$\frac{2}{3}$。因此，选项C是正确的。
4. 对于第四个问题：这是一个关于假设检验的问题。如果在一个显著性水平下拒绝了原假设$H_0$，那么在更严格的显著性水平下不一定能拒绝原假设。因此，选项D是正确的。接受原假设意味着没有足够的证据拒绝它，所以在更低的显著性水平下也应当接受原假设。
5. 对于第五个问题：要求找到常数$a$使得二维随机变量$(X,Y)$的概率密度函数归一化。归一化条件是整个支撑区域上的概率和为1。因此，我们需要对整个支撑区域进行积分：$$\int_0^2 \int_0^1 a(x+y)dydx = 1$$计算内层积分（关于$y$）：$$\int_0^1 a(x+y)dy = a\left[xy + \frac{y^2}{2}\right]_0^1 = a\left[x + \frac{1}{2}\right]$$然后计算外层积分（关于$x$）：$$\int_0^2 a\left[x + \frac{1}{2}\right]dx = a\left[\frac{x^2}{2} + \frac{x}{2}\right]_0^2 = a\left[2 + 1\right] = 3a$$要使整体积分为1，则必须有：$$3a = 1 \Rightarrow a = \frac{1}{3}$$所以选项A是正确的。
6. 对于第六个问题：事件A和B互不相容意味着它们不能同时发生，而互相对立意味着它们必须有一个发生。根据题目中的条件，我们有：$$P(A|B) + P(\text{A和B互不相容}|\bar{A和B互相对立}) = 1$$如果事件A和B互不相容，则它们不可能同时发生，这意味着如果知道B发生了，A的条件概率是0；如果事件A和B互相对立，则它们之一必然发生，给定其中一个没有发生的条件下另一个必然发生。所以这个等式成立当且仅当A和B互不相容或者互相对立。但是从题目给出的信息无法确定它们是互相对立还是互不相容，因此无法直接得出结论。不过，由于题目要求的是互不相容或互相对立的情况，我们可以断定事件A和B不独立。因此选项C是正确的。
current final result is:  D. 1
解析：设扔n次硬币，出现正面的次数为$X$，出现反面的次数为$Y$。因为每次扔硬币出现正面和反面是互斥事件，所以有$X + Y = n$。相关系数$\rho_{X,Y}$定义为：
$$\rho_{X,Y} = \frac{\text{Cov}(X, Y)}{\sqrt{\text{Var}(X)\text{Var}(Y)}}$$
其中$\text{Cov}(X, Y)$是$X$和$Y$的协方差，$\text{Var}(X)$和$\text{Var}(Y)$分别是$X$和$Y$的方差。由于每次扔硬币出现正面和反面的概率是相同的（假设硬币是公平的），并且它们是互补事件，所以它们之间是完全负相关的。这意味着当一个变量增加时，另一个变量必然减少相同的数量。因此它们的协方差$\text{Cov}(X, Y)$是负的。更具体地说，对于两个随机变量$X$和$Y$，如果存在一个常数$a$使得$Y = a - X$，则它们的协方差可以表示为：
$$\text{Cov}(X, Y) = E[XY] - E[X]E[Y]$$
由于$Y = a - X$，我们有：$$\text{Cov}(X, Y) = E[X(a - X)] - E[X]E[a - X] = E[aX - X^2] - E[X]E[a] + E[X^2]$$
因为$E[aX] = aE[X]$和$E[a] = a$，我们可以简化上面的表达式为：
$$\text{Cov}(X, Y) = aE[X] - E[X^2] - aE[X] + E[X^2] = 0$$
这表明无论$a$的值是多少，协方差都是0。然而，我们知道协方差应该是负的，因为$X$和$Y$是互补事件。这似乎是一个矛盾。解决这个矛盾的关键在于我们没有考虑到的是，虽然每次观察中$X + Y = n$，但我们不能将$Y$简单地视为一个常数减去$X$，因为这忽略了随机性。实际上，每次观察中正面和反面出现的次数都会变化，而这种变化是完全相关的：一个增加意味着另一个减少。因此，我们应该计算协方差的正确值。
为了计算协方差，我们需要知道两个变量如何一起变化。在这个问题中，每当正面多出现一次（即$X$增加1），反面就会少出现一次（即$Y$减少1）。因此，协方差应该是负的。更准确地说，协方差是$-1/n$乘以正面出现次数的方差乘以2：
$$\text{Cov}(X, Y) = -\frac{1}{n}\text{Var}(X) = -\frac{1}{n}E[X^2 - (E[X])^2]$$由于每次抛掷硬币是独立的，且每次正面朝上的概率为$p=1/2$，反面朝上的概率也为$p=1/2$，我们有：
$$E[X] = np \quad \text{和} \quad E[Y] = n(1-p)$$
以及：
$$\text{Var}(X) = np(1-p) \quad \text{和} \quad \text{Var}(Y) = n(1-p)p$$
因此：$$\rho_{X,Y} = \frac{-\frac{1}{n}\text{Var}(X)}{\sqrt{\text{Var}(X)\text{Var}(Y)}} = \frac{-np(1-p)}{np(1-p)\sqrt{2}} = \frac{-1}{\sqrt{2}}$$
但是，这个结果与选项不匹配。这是因为我们在计算过程中犯了错误。正确的方法是考虑两个变量之间的线性关系。在这种情况下，由于每次观察到一个正面就意味着观察到一个反面（反之亦然），这两个变量是完全线性相关的。实际上，它们的相关系数是-1：
$$\rho_{X,Y} = -1$$
因此正确答案是A. -1。
 56%|██████████████████████████████████████████████████▌                                        | 5/9 [03:34<03:49, 57.43s/it]current final result is:  B. 独立不同分布的随机变量
current final result is:  C. a=-2, b=5
 67%|████████████████████████████████████████████████████████████▋                              | 6/9 [03:37<01:56, 38.90s/it]current final result is:  对于新给的问题，我们逐个分析：(i) $P\left(\mathbf{X}_{(n)}=0\right)$ 是指所有样本中最大值是0的概率。由于每个样本取0的概率是$2/5$，所以所有样本都取0的概率是$\left(\frac{2}{5}\right)^{n}$。因此，(i)是正确的。
(ii) $P\left(X_{(n)}=1\right)$ 是指所有样本中最大值是1的概率。这个概率等于所有样本中至少有一个取1，其余都取0或2的概率。由于每个样本取1的概率是$1/5$，取0或2的概率是$2/5 + 2/5 = 4/5$，所以所有样本中至少有一个取1，其余都取0或2的概率不是$\frac{2}{5}\left(c_{0}^{1}\left(\frac{1}{5}\right)^{n-1}\right.$。正确的计算方法是使用二项分布的补集法则，即$P\left(X_{(n)}=1\right) = 1 - P\left(X_{(n)}<1\right) - P\left(X_{(n)}>1\right)$。因此，(ii)是错误的。
(iii) $P\left(\mathbf{X}_{(n)}=2\right)$ 是指所有样本中最大值是2的概率。这个概率等于所有样本中至少有一个取2，其余都取0或1的概率。由于每个样本取2的概率是$2/5$，取0或1的概率是$2/5 + 1/5 = 3/5$，所以所有样本中至少有一个取2，其余都取0或1的概率不是$1-\left(\frac{2}{5}\right)^{n}$。正确的计算方法同样需要使用二项分布的补集法则。因此，(iii)也是错误的。
综上所述，正确个数为1个，即选项B。
current final result is:  C
 78%|██████████████████████████████████████████████████████████████████████▊                    | 7/9 [04:09<01:13, 36.90s/it]current final result is:  C
解析：(i)$\frac{3}{n}\sum_{i=1}^{n}X_{i}$是样本均值的三倍，由于样本均值是总体期望的一致估计量，因此这个统计量也是参数$\theta$的一致估计量。(ii)$\left(X_{1}+\frac{2}{n-1}\right)\sum_{i=2}^{n}X_{i}$ 这个表达式有误，因为它将一个样本值$X_1$与后面样本值的和相加，这不符合统计量的一般形式，且没有给出明确的解释说明它应该如何作为$\theta$的估计量。因此，我们不能认为它是$\theta$的一致估计量。
(iii)$\frac{3}{5n}\sum_{i=1}^{n}X_{i}^{2}$ 是样本二阶矩的三倍除以五，如果总体方差已知，则可以证明这是总体方差的无偏估计量，但题目中并没有提供这样的信息。而且，这个统计量与参数$\theta$没有直接关系，因为$\theta$在分布律中是与概率相关的，而不是与方差或二阶矩相关的。因此，这不是$\theta$的一致估计量。(iv)$\frac{1}{3n}\sum_{i=1}^{n}X_{i}^{2}$ 同样表示的是样本二阶矩的一个比例，出于同样的原因，它也不是参数$\theta$的一致估计量。
综上所述，只有统计量(i)是参数$\theta$的一致估计量。所以正确答案是C。
current final result is:  B. $\frac{1}{4}F_{1-\alpha}(4,1)$
 89%|████████████████████████████████████████████████████████████████████████████████▉          | 8/9 [04:35<00:33, 33.36s/it]current final result is:  C
current final result is:  C. $p \sigma_1^2+q \sigma_2^2+p q\left(\mu_1-\mu_2\right)^2$
100%|███████████████████████████████████████████████████████████████████████████████████████████| 9/9 [04:42<00:00, 25.09s/it]100%|███████████████████████████████████████████████████████████████████████████████████████████| 9/9 [04:42<00:00, 31.40s/it]
05/28 17:13:59 - OpenCompass - [4m[97mINFO[0m - time elapsed: 282.68s
