05/28 17:23:49 - OpenCompass - [4m[97mINFO[0m - Task [Spark-v1-1/ceval-high_school_physics]
05/28 17:23:49 - OpenCompass - [4m[97mINFO[0m - Start inferencing [Spark-v1-1/ceval-high_school_physics]
  0%|                                                                                                  | 0/19 [00:00<?, ?it/s]100%|â–ˆâ–ˆâ–ˆâ–ˆâ–ˆâ–ˆâ–ˆâ–ˆâ–ˆâ–ˆâ–ˆâ–ˆâ–ˆâ–ˆâ–ˆâ–ˆâ–ˆâ–ˆâ–ˆâ–ˆâ–ˆâ–ˆâ–ˆâ–ˆâ–ˆâ–ˆâ–ˆâ–ˆâ–ˆâ–ˆâ–ˆâ–ˆâ–ˆâ–ˆâ–ˆâ–ˆâ–ˆâ–ˆâ–ˆâ–ˆâ–ˆâ–ˆâ–ˆâ–ˆâ–ˆâ–ˆâ–ˆâ–ˆâ–ˆâ–ˆâ–ˆâ–ˆâ–ˆâ–ˆâ–ˆâ–ˆâ–ˆâ–ˆâ–ˆâ–ˆâ–ˆâ–ˆâ–ˆâ–ˆâ–ˆâ–ˆâ–ˆâ–ˆâ–ˆâ–ˆâ–ˆâ–ˆâ–ˆâ–ˆâ–ˆâ–ˆâ–ˆâ–ˆâ–ˆâ–ˆâ–ˆâ–ˆâ–ˆâ–ˆâ–ˆâ–ˆâ–ˆâ–ˆâ–ˆâ–ˆâ–ˆâ–ˆâ–ˆâ–ˆâ–ˆâ–ˆâ–ˆ| 19/19 [00:00<?, ?it/s]
[2024-05-28 17:23:49,197] [opencompass.openicl.icl_inferencer.icl_gen_inferencer] [INFO] Starting inference process...
  0%|                                                                                                  | 0/10 [00:00<?, ?it/s]current final result is:  D
current final result is:  C. $\alpha$ç²’å­æ•£å°„å®žéªŒ
 10%|â–ˆâ–ˆâ–ˆâ–ˆâ–ˆâ–ˆâ–ˆâ–ˆâ–ˆ                                                                                 | 1/10 [00:04<00:40,  4.47s/it]current final result is:  B. å°èˆ¹æ¸¡æ²³çš„æœ€çŸ­æ—¶é—´æ˜¯24s
current final result is:  B. åœ¨åœ†è½¨é“ç»•åœ°çƒè¿è¡Œé˜¶æ®µ
 20%|â–ˆâ–ˆâ–ˆâ–ˆâ–ˆâ–ˆâ–ˆâ–ˆâ–ˆâ–ˆâ–ˆâ–ˆâ–ˆâ–ˆâ–ˆâ–ˆâ–ˆâ–ˆ                                                                        | 2/10 [00:09<00:37,  4.69s/it]current final result is:  B. åœ°é¢å¯¹äººçš„æ”¯æŒåŠ›å¤§äºŽäººå—åˆ°çš„é‡åŠ›
current final result is:  B. æµ‹é‡å€¼å°äºŽ$484\Omega$
 30%|â–ˆâ–ˆâ–ˆâ–ˆâ–ˆâ–ˆâ–ˆâ–ˆâ–ˆâ–ˆâ–ˆâ–ˆâ–ˆâ–ˆâ–ˆâ–ˆâ–ˆâ–ˆâ–ˆâ–ˆâ–ˆâ–ˆâ–ˆâ–ˆâ–ˆâ–ˆâ–ˆ                                                               | 3/10 [00:14<00:35,  5.13s/it]current final result is:  A. ç”µåŠ¨æœºçš„ç”µæµå¤§äºŽç”µç‚‰çš„ç”µæµ
è§£é‡Šï¼šåœ¨å¹¶è”ç”µè·¯ä¸­ï¼Œç”µåŽ‹ç›¸åŒã€‚ç”±äºŽç”µç‚‰åªæœ‰ç”µé˜»ï¼Œå…¶åŠŸçŽ‡å®Œå…¨è½¬åŒ–ä¸ºçƒ­èƒ½ï¼Œè€Œç”µåŠ¨æœºé™¤äº†ç”µé˜»é€ æˆçš„çƒ­æŸå¤±å¤–ï¼Œå¤§éƒ¨åˆ†ç”µèƒ½è½¬åŒ–ä¸ºæœºæ¢°èƒ½ã€‚å› æ­¤ï¼Œä¸ºäº†äº§ç”Ÿè¶³å¤Ÿçš„æœºæ¢°åŠŸçŽ‡ï¼Œç”µåŠ¨æœºéœ€è¦æ¶ˆè€—æ›´å¤šçš„ç”µæµã€‚å³ä½¿å®ƒä»¬çš„ç”µé˜»ç›¸åŒï¼Œé€šè¿‡ç”µåŠ¨æœºçš„ç”µæµä¹Ÿä¼šå› ä¸ºå…¶é¢å¤–çš„æœºæ¢°è¾“å‡ºè€Œå¤§äºŽé€šè¿‡çº¯ç”µé˜»ç”µç‚‰çš„ç”µæµã€‚
current final result is:  C. æ³•æ‹‰ç¬¬æå‡ºä¸€ç§è§‚ç‚¹ï¼Œè®¤ä¸ºåœ¨ç”µè·çš„å‘¨å›´å­˜åœ¨ç”±å®ƒäº§ç”Ÿçš„ç”µåœº
 40%|â–ˆâ–ˆâ–ˆâ–ˆâ–ˆâ–ˆâ–ˆâ–ˆâ–ˆâ–ˆâ–ˆâ–ˆâ–ˆâ–ˆâ–ˆâ–ˆâ–ˆâ–ˆâ–ˆâ–ˆâ–ˆâ–ˆâ–ˆâ–ˆâ–ˆâ–ˆâ–ˆâ–ˆâ–ˆâ–ˆâ–ˆâ–ˆâ–ˆâ–ˆâ–ˆâ–ˆ                                                      | 4/10 [00:25<00:42,  7.13s/it]current final result is:  C. ä¸è®ºåœ¨ä»€ä¹ˆè¿åŠ¨ä¸­ï¼Œaä¸ŽFçš„æ–¹å‘æ€»æ˜¯ä¸€è‡´çš„
current final result is:  ä¸ºäº†ä¼°ç®—èµ·è·³æ—¶ç«–ç›´å‘ä¸Šçš„é€Ÿåº¦ï¼Œæˆ‘ä»¬å¯ä»¥ä½¿ç”¨ç‰©ç†ä¸­çš„è¿åŠ¨å­¦å…¬å¼ã€‚åœ¨è¿™ä¸ªé—®é¢˜ä¸­ï¼Œæˆ‘ä»¬å‡è®¾è¯¥åŒå­¦èº«ä½“çš„é‡å¿ƒåœ¨è¶Šè¿‡æ¨ªæ†çš„æœ€é«˜ç‚¹æ—¶é€Ÿåº¦ä¸ºé›¶ï¼Œå³åœ¨è¿™ä¸€ç‚¹ä»–çš„ç«–ç›´å‘ä¸Šé€Ÿåº¦å…¨éƒ¨ç”¨äºŽå…‹æœé‡åŠ›åŠ é€Ÿåº¦gå¹¶è¾¾åˆ°1.8mçš„é«˜åº¦ã€‚
æ ¹æ®è‡ªç”±è½ä½“è¿åŠ¨çš„å…¬å¼ï¼š
v^2 = u^2 + 2gh
å…¶ä¸­ï¼š- v æ˜¯æœ€ç»ˆé€Ÿåº¦ï¼ˆåœ¨æ¨ªæ†å¤„ä¸º0ï¼‰- u æ˜¯åˆå§‹é€Ÿåº¦ï¼ˆæˆ‘ä»¬éœ€è¦æ±‚è§£çš„èµ·è·³é€Ÿåº¦ï¼‰- g æ˜¯é‡åŠ›åŠ é€Ÿåº¦ï¼ˆ10 m/sÂ²ï¼‰- h æ˜¯é«˜åº¦ï¼ˆ1.8 mï¼‰
ç”±äºŽåœ¨è¶Šè¿‡æ¨ªæ†çš„æœ€é«˜ç‚¹æ—¶é€Ÿåº¦v=0ï¼Œæ‰€ä»¥æˆ‘ä»¬å¯ä»¥å°†å…¬å¼ç®€åŒ–ä¸ºï¼š
0 = u^2 - 2gh
çŽ°åœ¨æˆ‘ä»¬è§£è¿™ä¸ªæ–¹ç¨‹æ¥æ‰¾åˆ°uï¼ˆèµ·è·³é€Ÿåº¦ï¼‰ï¼š
u^2 = 2gh
å°†å·²çŸ¥æ•°å€¼ä»£å…¥ï¼š
u^2 = 2 * 10 m/sÂ² * 1.8 mu^2 = 36 mÂ²/sÂ²u = âˆš36 mÂ²/sÂ²u = 6 m/s
å› æ­¤ï¼Œä»–èµ·è·³æ—¶ç«–ç›´å‘ä¸Šçš„é€Ÿåº¦å¤§çº¦ä¸º6 m/sã€‚æ‰€ä»¥æ­£ç¡®ç­”æ¡ˆæ˜¯ï¼š
C. 6m/s
 50%|â–ˆâ–ˆâ–ˆâ–ˆâ–ˆâ–ˆâ–ˆâ–ˆâ–ˆâ–ˆâ–ˆâ–ˆâ–ˆâ–ˆâ–ˆâ–ˆâ–ˆâ–ˆâ–ˆâ–ˆâ–ˆâ–ˆâ–ˆâ–ˆâ–ˆâ–ˆâ–ˆâ–ˆâ–ˆâ–ˆâ–ˆâ–ˆâ–ˆâ–ˆâ–ˆâ–ˆâ–ˆâ–ˆâ–ˆâ–ˆâ–ˆâ–ˆâ–ˆâ–ˆâ–ˆ                                             | 5/10 [00:46<01:00, 12.09s/it]current final result is:  B. $2m/s^{2}$
current final result is:  D. ä¼½åˆ©ç•¥å¾—å‡ºåŠ›ä¸æ˜¯ç»´æŒç‰©ä½“è¿åŠ¨åŽŸå› çš„ç»“è®º
 60%|â–ˆâ–ˆâ–ˆâ–ˆâ–ˆâ–ˆâ–ˆâ–ˆâ–ˆâ–ˆâ–ˆâ–ˆâ–ˆâ–ˆâ–ˆâ–ˆâ–ˆâ–ˆâ–ˆâ–ˆâ–ˆâ–ˆâ–ˆâ–ˆâ–ˆâ–ˆâ–ˆâ–ˆâ–ˆâ–ˆâ–ˆâ–ˆâ–ˆâ–ˆâ–ˆâ–ˆâ–ˆâ–ˆâ–ˆâ–ˆâ–ˆâ–ˆâ–ˆâ–ˆâ–ˆâ–ˆâ–ˆâ–ˆâ–ˆâ–ˆâ–ˆâ–ˆâ–ˆâ–ˆ                                    | 6/10 [00:52<00:40, 10.01s/it]current final result is:  A. é‡åŠ›å¯¹æ»‘å—æ‰€åšçš„åŠŸä¸º$mgh$è§£æžï¼šå½“ä¸€ä¸ªç‰©ä½“åœ¨é‡åŠ›ä½œç”¨ä¸‹æ²¿ç€åž‚ç›´é«˜åº¦å·®hä¸‹è½æ—¶ï¼Œä¸è€ƒè™‘å…¶ä»–åŠ›çš„å½±å“ï¼Œé‡åŠ›åšçš„åŠŸç­‰äºŽç‰©ä½“çš„é‡åŠ›åŠ¿èƒ½å˜åŒ–ï¼Œå³$W = mgh$ã€‚åœ¨æœ¬é¢˜ä¸­ï¼Œç”±äºŽæ»‘å—æ˜¯æ²¿ç€æ–œé¢åŒ€é€Ÿä¸‹æ»‘çš„ï¼Œå› æ­¤é‡åŠ›åœ¨æ–œé¢æ–¹å‘ä¸Šçš„åˆ†é‡åšäº†åŠŸï¼Œè€Œè¿™ä¸ªåŠŸæ­£å¥½ç­‰äºŽ$mgh$ï¼ˆå› ä¸º$h$æ˜¯é«˜åº¦å·®ï¼Œä»£è¡¨é‡åŠ›åŠ¿èƒ½çš„å˜åŒ–ï¼‰ã€‚æ‰€ä»¥é€‰é¡¹Aæ˜¯æ­£ç¡®çš„ã€‚
Bé¡¹ä¸æ­£ç¡®ï¼Œå› ä¸ºå…‹æœæ‘©æ“¦æ‰€åšçš„åŠŸåº”è¯¥ä¸Žæ‘©æ“¦åŠ›çš„å¤§å°å’Œä½ç§»æœ‰å…³ï¼Œè€Œä¸æ˜¯ç›´æŽ¥ä¸Ž$l$ç›¸å…³ã€‚
Cé¡¹ä¸æ­£ç¡®ï¼Œå› ä¸ºå³ä½¿æ»‘å—åŒ€é€Ÿä¸‹æ»‘ï¼Œå…¶æœºæ¢°èƒ½ç”±äºŽæ‘©æ“¦çš„å­˜åœ¨ä¼šå‡å°‘ã€‚Dé¡¹ä¸æ­£ç¡®ï¼Œå› ä¸ºæ»‘å—çš„é‡åŠ›åŠ¿èƒ½åœ¨ä»Žé¡¶ç«¯æ»‘è‡³åº•ç«¯çš„è¿‡ç¨‹ä¸­å‡å°‘äº†$mgh$ï¼Œè€Œä¸æ˜¯å¢žåŠ ã€‚
current final result is:  B. æ ¹æ®é¢˜ç›®å·²çŸ¥æ¡ä»¶ï¼Œå¯ä»¥ä¼°ç®—è¯¥é¥æ„Ÿå«æ˜Ÿçš„çº¿é€Ÿåº¦å¤§å°
 70%|â–ˆâ–ˆâ–ˆâ–ˆâ–ˆâ–ˆâ–ˆâ–ˆâ–ˆâ–ˆâ–ˆâ–ˆâ–ˆâ–ˆâ–ˆâ–ˆâ–ˆâ–ˆâ–ˆâ–ˆâ–ˆâ–ˆâ–ˆâ–ˆâ–ˆâ–ˆâ–ˆâ–ˆâ–ˆâ–ˆâ–ˆâ–ˆâ–ˆâ–ˆâ–ˆâ–ˆâ–ˆâ–ˆâ–ˆâ–ˆâ–ˆâ–ˆâ–ˆâ–ˆâ–ˆâ–ˆâ–ˆâ–ˆâ–ˆâ–ˆâ–ˆâ–ˆâ–ˆâ–ˆâ–ˆâ–ˆâ–ˆâ–ˆâ–ˆâ–ˆâ–ˆâ–ˆâ–‰                           | 7/10 [01:09<00:37, 12.52s/it]current final result is:  B. æ³¢å³°ä¸Žæ³¢å³°ç›¸é‡å¤„è´¨ç‚¹ç¦»å¼€å¹³è¡¡ä½ç½®çš„ä½ç§»å§‹ç»ˆä¸º$A_{1}+A_{2}$
current final result is:  C. ç”¨å…¥å°„å…‰Cç…§å°„é‡‘å±žaæˆ–bï¼Œé‡‘å±žaï¼Œbå‡å¯ä»¥å‘ç”Ÿå…‰ç”µæ•ˆåº”çŽ°è±¡
 80%|â–ˆâ–ˆâ–ˆâ–ˆâ–ˆâ–ˆâ–ˆâ–ˆâ–ˆâ–ˆâ–ˆâ–ˆâ–ˆâ–ˆâ–ˆâ–ˆâ–ˆâ–ˆâ–ˆâ–ˆâ–ˆâ–ˆâ–ˆâ–ˆâ–ˆâ–ˆâ–ˆâ–ˆâ–ˆâ–ˆâ–ˆâ–ˆâ–ˆâ–ˆâ–ˆâ–ˆâ–ˆâ–ˆâ–ˆâ–ˆâ–ˆâ–ˆâ–ˆâ–ˆâ–ˆâ–ˆâ–ˆâ–ˆâ–ˆâ–ˆâ–ˆâ–ˆâ–ˆâ–ˆâ–ˆâ–ˆâ–ˆâ–ˆâ–ˆâ–ˆâ–ˆâ–ˆâ–ˆâ–ˆâ–ˆâ–ˆâ–ˆâ–ˆâ–ˆâ–ˆâ–ˆâ–ˆ                  | 8/10 [01:17<00:21, 10.91s/it]current final result is:  B. æ³•æ‹‰ç¬¬
current final result is:  D
 90%|â–ˆâ–ˆâ–ˆâ–ˆâ–ˆâ–ˆâ–ˆâ–ˆâ–ˆâ–ˆâ–ˆâ–ˆâ–ˆâ–ˆâ–ˆâ–ˆâ–ˆâ–ˆâ–ˆâ–ˆâ–ˆâ–ˆâ–ˆâ–ˆâ–ˆâ–ˆâ–ˆâ–ˆâ–ˆâ–ˆâ–ˆâ–ˆâ–ˆâ–ˆâ–ˆâ–ˆâ–ˆâ–ˆâ–ˆâ–ˆâ–ˆâ–ˆâ–ˆâ–ˆâ–ˆâ–ˆâ–ˆâ–ˆâ–ˆâ–ˆâ–ˆâ–ˆâ–ˆâ–ˆâ–ˆâ–ˆâ–ˆâ–ˆâ–ˆâ–ˆâ–ˆâ–ˆâ–ˆâ–ˆâ–ˆâ–ˆâ–ˆâ–ˆâ–ˆâ–ˆâ–ˆâ–ˆâ–ˆâ–ˆâ–ˆâ–ˆâ–ˆâ–ˆâ–ˆâ–ˆâ–ˆ         | 9/10 [01:21<00:08,  8.79s/it]current final result is:  D. å›ºä½“æ”¶ç¼©æ—¶ï¼Œåˆ†å­é—´è·å‡å°ï¼Œåˆ†å­åŠ›è¡¨çŽ°ä¸ºæ–¥åŠ›
100%|â–ˆâ–ˆâ–ˆâ–ˆâ–ˆâ–ˆâ–ˆâ–ˆâ–ˆâ–ˆâ–ˆâ–ˆâ–ˆâ–ˆâ–ˆâ–ˆâ–ˆâ–ˆâ–ˆâ–ˆâ–ˆâ–ˆâ–ˆâ–ˆâ–ˆâ–ˆâ–ˆâ–ˆâ–ˆâ–ˆâ–ˆâ–ˆâ–ˆâ–ˆâ–ˆâ–ˆâ–ˆâ–ˆâ–ˆâ–ˆâ–ˆâ–ˆâ–ˆâ–ˆâ–ˆâ–ˆâ–ˆâ–ˆâ–ˆâ–ˆâ–ˆâ–ˆâ–ˆâ–ˆâ–ˆâ–ˆâ–ˆâ–ˆâ–ˆâ–ˆâ–ˆâ–ˆâ–ˆâ–ˆâ–ˆâ–ˆâ–ˆâ–ˆâ–ˆâ–ˆâ–ˆâ–ˆâ–ˆâ–ˆâ–ˆâ–ˆâ–ˆâ–ˆâ–ˆâ–ˆâ–ˆâ–ˆâ–ˆâ–ˆâ–ˆâ–ˆâ–ˆâ–ˆâ–ˆ| 10/10 [01:24<00:00,  7.17s/it]100%|â–ˆâ–ˆâ–ˆâ–ˆâ–ˆâ–ˆâ–ˆâ–ˆâ–ˆâ–ˆâ–ˆâ–ˆâ–ˆâ–ˆâ–ˆâ–ˆâ–ˆâ–ˆâ–ˆâ–ˆâ–ˆâ–ˆâ–ˆâ–ˆâ–ˆâ–ˆâ–ˆâ–ˆâ–ˆâ–ˆâ–ˆâ–ˆâ–ˆâ–ˆâ–ˆâ–ˆâ–ˆâ–ˆâ–ˆâ–ˆâ–ˆâ–ˆâ–ˆâ–ˆâ–ˆâ–ˆâ–ˆâ–ˆâ–ˆâ–ˆâ–ˆâ–ˆâ–ˆâ–ˆâ–ˆâ–ˆâ–ˆâ–ˆâ–ˆâ–ˆâ–ˆâ–ˆâ–ˆâ–ˆâ–ˆâ–ˆâ–ˆâ–ˆâ–ˆâ–ˆâ–ˆâ–ˆâ–ˆâ–ˆâ–ˆâ–ˆâ–ˆâ–ˆâ–ˆâ–ˆâ–ˆâ–ˆâ–ˆâ–ˆâ–ˆâ–ˆâ–ˆâ–ˆâ–ˆ| 10/10 [01:24<00:00,  8.48s/it]
05/28 17:25:14 - OpenCompass - [4m[97mINFO[0m - time elapsed: 84.87s
