05/28 17:43:08 - OpenCompass - [4m[97mINFO[0m - Task [Spark-v1-1/ceval-marxism]
05/28 17:43:08 - OpenCompass - [4m[97mINFO[0m - Start inferencing [Spark-v1-1/ceval-marxism]
  0%|                                                                                                  | 0/19 [00:00<?, ?it/s]100%|â–ˆâ–ˆâ–ˆâ–ˆâ–ˆâ–ˆâ–ˆâ–ˆâ–ˆâ–ˆâ–ˆâ–ˆâ–ˆâ–ˆâ–ˆâ–ˆâ–ˆâ–ˆâ–ˆâ–ˆâ–ˆâ–ˆâ–ˆâ–ˆâ–ˆâ–ˆâ–ˆâ–ˆâ–ˆâ–ˆâ–ˆâ–ˆâ–ˆâ–ˆâ–ˆâ–ˆâ–ˆâ–ˆâ–ˆâ–ˆâ–ˆâ–ˆâ–ˆâ–ˆâ–ˆâ–ˆâ–ˆâ–ˆâ–ˆâ–ˆâ–ˆâ–ˆâ–ˆâ–ˆâ–ˆâ–ˆâ–ˆâ–ˆâ–ˆâ–ˆâ–ˆâ–ˆâ–ˆâ–ˆâ–ˆâ–ˆâ–ˆâ–ˆâ–ˆâ–ˆâ–ˆâ–ˆâ–ˆâ–ˆâ–ˆâ–ˆâ–ˆâ–ˆâ–ˆâ–ˆâ–ˆâ–ˆâ–ˆâ–ˆâ–ˆâ–ˆâ–ˆâ–ˆâ–ˆâ–ˆâ–ˆâ–ˆâ–ˆâ–ˆâ–ˆâ–ˆâ–ˆ| 19/19 [00:00<?, ?it/s]
[2024-05-28 17:43:08,671] [opencompass.openicl.icl_inferencer.icl_gen_inferencer] [INFO] Starting inference process...
  0%|                                                                                                  | 0/10 [00:00<?, ?it/s]current final result is:  D. è¿åŠ¨çš„ç»å¯¹æ€§å’Œé™æ­¢çš„ç›¸å¯¹æ€§çš„ç»Ÿä¸€
current final result is:  C. ç†è®ºè”ç³»å®žé™…
 10%|â–ˆâ–ˆâ–ˆâ–ˆâ–ˆâ–ˆâ–ˆâ–ˆâ–ˆ                                                                                 | 1/10 [00:04<00:42,  4.68s/it]current final result is:  C. å¤šæ ·æ€§çš„ç‰©è´¨ç»Ÿä¸€
current final result is:  C. ä¸€äº‹ç‰©åŒºåˆ«ä¸Žå…¶ä»–äº‹ç‰©çš„å†…åœ¨è§„å®šæ€§
 20%|â–ˆâ–ˆâ–ˆâ–ˆâ–ˆâ–ˆâ–ˆâ–ˆâ–ˆâ–ˆâ–ˆâ–ˆâ–ˆâ–ˆâ–ˆâ–ˆâ–ˆâ–ˆ                                                                        | 2/10 [00:10<00:40,  5.08s/it]current final result is:  A. ç‰©è´¨å’Œæ„è¯†çš„å…³ç³»
current final result is:  B. çŸ›ç›¾çš„æ™®éæ€§å’Œç‰¹æ®Šæ€§çš„ç»Ÿä¸€
 30%|â–ˆâ–ˆâ–ˆâ–ˆâ–ˆâ–ˆâ–ˆâ–ˆâ–ˆâ–ˆâ–ˆâ–ˆâ–ˆâ–ˆâ–ˆâ–ˆâ–ˆâ–ˆâ–ˆâ–ˆâ–ˆâ–ˆâ–ˆâ–ˆâ–ˆâ–ˆâ–ˆ                                                               | 3/10 [00:14<00:35,  5.02s/it]current final result is:  A. å”¯å¿ƒä¸»ä¹‰
è§£æžï¼šè®¾æƒ³è„±ç¦»ç‰©è´¨çš„è¿åŠ¨ï¼Œå³è®¤ä¸ºè¿åŠ¨å¯ä»¥ç‹¬ç«‹äºŽç‰©è´¨å­˜åœ¨ï¼Œè¿™æ˜¯å…¸åž‹çš„å”¯å¿ƒä¸»ä¹‰è§‚ç‚¹ã€‚å”¯å¿ƒä¸»ä¹‰ä¸»å¼ æ„è¯†ã€ç²¾ç¥žæˆ–ç†å¿µæ˜¯ç¬¬ä¸€æ€§çš„ï¼Œè€Œç‰©è´¨ä¸–ç•Œæ˜¯æ„è¯†çš„åæ˜ æˆ–è€…äº§ç‰©ã€‚è¿™ç§è§‚ç‚¹ä¸Žé©¬å…‹æ€ä¸»ä¹‰çš„è¾©è¯å”¯ç‰©ä¸»ä¹‰ç›¸å¯¹ç«‹ï¼ŒåŽè€…è®¤ä¸ºç‰©è´¨æ˜¯ä¸–ç•Œçš„æœ¬åŽŸï¼Œæ„è¯†å’Œæ€æƒ³æ˜¯ç‰©è´¨ä¸–ç•Œçš„åæ˜ ã€‚
current final result is:  A. æ˜¯ç›´æŽ¥æˆ–é—´æŽ¥ä»¥ç”Ÿäº§å…³ç³»æ€§è´¨åˆ’åˆ†
 40%|â–ˆâ–ˆâ–ˆâ–ˆâ–ˆâ–ˆâ–ˆâ–ˆâ–ˆâ–ˆâ–ˆâ–ˆâ–ˆâ–ˆâ–ˆâ–ˆâ–ˆâ–ˆâ–ˆâ–ˆâ–ˆâ–ˆâ–ˆâ–ˆâ–ˆâ–ˆâ–ˆâ–ˆâ–ˆâ–ˆâ–ˆâ–ˆâ–ˆâ–ˆâ–ˆâ–ˆ                                                      | 4/10 [01:20<02:53, 28.96s/it]current final result is:  C. ç§‘å­¦ç†è®ºå¯¹å®žè·µæœ‰å·¨å¤§æŒ‡å¯¼ä½œç”¨
current final result is:  B. è‡ªç„¶è§„å¾‹æ˜¯è‡ªå‘èµ·ä½œç”¨çš„ï¼Œç¤¾ä¼šè§„å¾‹åˆ™æ˜¯é€šè¿‡äººçš„æœ‰æ„è¯†çš„æ´»åŠ¨å®žçŽ°çš„
 50%|â–ˆâ–ˆâ–ˆâ–ˆâ–ˆâ–ˆâ–ˆâ–ˆâ–ˆâ–ˆâ–ˆâ–ˆâ–ˆâ–ˆâ–ˆâ–ˆâ–ˆâ–ˆâ–ˆâ–ˆâ–ˆâ–ˆâ–ˆâ–ˆâ–ˆâ–ˆâ–ˆâ–ˆâ–ˆâ–ˆâ–ˆâ–ˆâ–ˆâ–ˆâ–ˆâ–ˆâ–ˆâ–ˆâ–ˆâ–ˆâ–ˆâ–ˆâ–ˆâ–ˆâ–ˆ                                             | 5/10 [01:26<01:42, 20.60s/it]current final result is:  B. æŠ½è±¡äººæ€§è®º
current final result is:  D. è¿åŠ¨å’Œé™æ­¢ç›¸ç»Ÿä¸€çš„è§‚ç‚¹
 60%|â–ˆâ–ˆâ–ˆâ–ˆâ–ˆâ–ˆâ–ˆâ–ˆâ–ˆâ–ˆâ–ˆâ–ˆâ–ˆâ–ˆâ–ˆâ–ˆâ–ˆâ–ˆâ–ˆâ–ˆâ–ˆâ–ˆâ–ˆâ–ˆâ–ˆâ–ˆâ–ˆâ–ˆâ–ˆâ–ˆâ–ˆâ–ˆâ–ˆâ–ˆâ–ˆâ–ˆâ–ˆâ–ˆâ–ˆâ–ˆâ–ˆâ–ˆâ–ˆâ–ˆâ–ˆâ–ˆâ–ˆâ–ˆâ–ˆâ–ˆâ–ˆâ–ˆâ–ˆâ–ˆ                                    | 6/10 [01:32<01:02, 15.54s/it]current final result is:  A. å¯¹ç¤¾ä¼šçš„è´¡çŒ®
current final result is:  A. åŠ³åŠ¨è¿‡ç¨‹å’Œä»·å€¼å¢žæ®–è¿‡ç¨‹çš„ç»Ÿä¸€
 70%|â–ˆâ–ˆâ–ˆâ–ˆâ–ˆâ–ˆâ–ˆâ–ˆâ–ˆâ–ˆâ–ˆâ–ˆâ–ˆâ–ˆâ–ˆâ–ˆâ–ˆâ–ˆâ–ˆâ–ˆâ–ˆâ–ˆâ–ˆâ–ˆâ–ˆâ–ˆâ–ˆâ–ˆâ–ˆâ–ˆâ–ˆâ–ˆâ–ˆâ–ˆâ–ˆâ–ˆâ–ˆâ–ˆâ–ˆâ–ˆâ–ˆâ–ˆâ–ˆâ–ˆâ–ˆâ–ˆâ–ˆâ–ˆâ–ˆâ–ˆâ–ˆâ–ˆâ–ˆâ–ˆâ–ˆâ–ˆâ–ˆâ–ˆâ–ˆâ–ˆâ–ˆâ–ˆâ–‰                           | 7/10 [01:37<00:37, 12.36s/it]current final result is:  C. æ—¢å¯æ˜¯å”¯å¿ƒä¸»ä¹‰çš„ï¼Œä¹Ÿå¯èƒ½æ˜¯å”¯ç‰©ä¸»ä¹‰çš„
current final result is:  B. æ€ç»´å’Œå­˜åœ¨ä½•è€…ç¬¬ä¸€æ€§çš„é—®é¢˜
 80%|â–ˆâ–ˆâ–ˆâ–ˆâ–ˆâ–ˆâ–ˆâ–ˆâ–ˆâ–ˆâ–ˆâ–ˆâ–ˆâ–ˆâ–ˆâ–ˆâ–ˆâ–ˆâ–ˆâ–ˆâ–ˆâ–ˆâ–ˆâ–ˆâ–ˆâ–ˆâ–ˆâ–ˆâ–ˆâ–ˆâ–ˆâ–ˆâ–ˆâ–ˆâ–ˆâ–ˆâ–ˆâ–ˆâ–ˆâ–ˆâ–ˆâ–ˆâ–ˆâ–ˆâ–ˆâ–ˆâ–ˆâ–ˆâ–ˆâ–ˆâ–ˆâ–ˆâ–ˆâ–ˆâ–ˆâ–ˆâ–ˆâ–ˆâ–ˆâ–ˆâ–ˆâ–ˆâ–ˆâ–ˆâ–ˆâ–ˆâ–ˆâ–ˆâ–ˆâ–ˆâ–ˆâ–ˆ                  | 8/10 [01:43<00:20, 10.09s/it]current final result is:  D. çœŸç†ä¸Žè°¬è¯¯å…·æœ‰åŒä¸€æ€§
current final result is:  C. äººç±»çš„ç¤¾ä¼šå®žè·µçš„å‘å±•
 90%|â–ˆâ–ˆâ–ˆâ–ˆâ–ˆâ–ˆâ–ˆâ–ˆâ–ˆâ–ˆâ–ˆâ–ˆâ–ˆâ–ˆâ–ˆâ–ˆâ–ˆâ–ˆâ–ˆâ–ˆâ–ˆâ–ˆâ–ˆâ–ˆâ–ˆâ–ˆâ–ˆâ–ˆâ–ˆâ–ˆâ–ˆâ–ˆâ–ˆâ–ˆâ–ˆâ–ˆâ–ˆâ–ˆâ–ˆâ–ˆâ–ˆâ–ˆâ–ˆâ–ˆâ–ˆâ–ˆâ–ˆâ–ˆâ–ˆâ–ˆâ–ˆâ–ˆâ–ˆâ–ˆâ–ˆâ–ˆâ–ˆâ–ˆâ–ˆâ–ˆâ–ˆâ–ˆâ–ˆâ–ˆâ–ˆâ–ˆâ–ˆâ–ˆâ–ˆâ–ˆâ–ˆâ–ˆâ–ˆâ–ˆâ–ˆâ–ˆâ–ˆâ–ˆâ–ˆâ–ˆâ–ˆ         | 9/10 [01:48<00:08,  8.71s/it]current final result is:  A. ç‰©è´¨å¯¹æ„è¯†çš„å…ˆåœ¨æ€§ã€å®¢è§‚æ€§ã€ç‹¬ç«‹æ€§
100%|â–ˆâ–ˆâ–ˆâ–ˆâ–ˆâ–ˆâ–ˆâ–ˆâ–ˆâ–ˆâ–ˆâ–ˆâ–ˆâ–ˆâ–ˆâ–ˆâ–ˆâ–ˆâ–ˆâ–ˆâ–ˆâ–ˆâ–ˆâ–ˆâ–ˆâ–ˆâ–ˆâ–ˆâ–ˆâ–ˆâ–ˆâ–ˆâ–ˆâ–ˆâ–ˆâ–ˆâ–ˆâ–ˆâ–ˆâ–ˆâ–ˆâ–ˆâ–ˆâ–ˆâ–ˆâ–ˆâ–ˆâ–ˆâ–ˆâ–ˆâ–ˆâ–ˆâ–ˆâ–ˆâ–ˆâ–ˆâ–ˆâ–ˆâ–ˆâ–ˆâ–ˆâ–ˆâ–ˆâ–ˆâ–ˆâ–ˆâ–ˆâ–ˆâ–ˆâ–ˆâ–ˆâ–ˆâ–ˆâ–ˆâ–ˆâ–ˆâ–ˆâ–ˆâ–ˆâ–ˆâ–ˆâ–ˆâ–ˆâ–ˆâ–ˆâ–ˆâ–ˆâ–ˆâ–ˆ| 10/10 [01:51<00:00,  6.88s/it]100%|â–ˆâ–ˆâ–ˆâ–ˆâ–ˆâ–ˆâ–ˆâ–ˆâ–ˆâ–ˆâ–ˆâ–ˆâ–ˆâ–ˆâ–ˆâ–ˆâ–ˆâ–ˆâ–ˆâ–ˆâ–ˆâ–ˆâ–ˆâ–ˆâ–ˆâ–ˆâ–ˆâ–ˆâ–ˆâ–ˆâ–ˆâ–ˆâ–ˆâ–ˆâ–ˆâ–ˆâ–ˆâ–ˆâ–ˆâ–ˆâ–ˆâ–ˆâ–ˆâ–ˆâ–ˆâ–ˆâ–ˆâ–ˆâ–ˆâ–ˆâ–ˆâ–ˆâ–ˆâ–ˆâ–ˆâ–ˆâ–ˆâ–ˆâ–ˆâ–ˆâ–ˆâ–ˆâ–ˆâ–ˆâ–ˆâ–ˆâ–ˆâ–ˆâ–ˆâ–ˆâ–ˆâ–ˆâ–ˆâ–ˆâ–ˆâ–ˆâ–ˆâ–ˆâ–ˆâ–ˆâ–ˆâ–ˆâ–ˆâ–ˆâ–ˆâ–ˆâ–ˆâ–ˆâ–ˆ| 10/10 [01:51<00:00, 11.17s/it]
05/28 17:45:00 - OpenCompass - [4m[97mINFO[0m - time elapsed: 111.69s
