05/28 17:25:14 - OpenCompass - [4m[97mINFO[0m - Task [Spark-v1-1/ceval-high_school_chemistry]
05/28 17:25:14 - OpenCompass - [4m[97mINFO[0m - Start inferencing [Spark-v1-1/ceval-high_school_chemistry]
  0%|                                                                                                  | 0/19 [00:00<?, ?it/s]100%|█████████████████████████████████████████████████████████████████████████████████████████████████| 19/19 [00:00<?, ?it/s]
[2024-05-28 17:25:14,066] [opencompass.openicl.icl_inferencer.icl_gen_inferencer] [INFO] Starting inference process...
  0%|                                                                                                  | 0/10 [00:00<?, ?it/s]current final result is:  A
current final result is:  首先，我们需要知道$Na_2O_2$和$NaHCO_3$加热反应的化学方程式：
$$2Na_2O_2 + 4NaHCO_3 \rightarrow 4Na_2CO_3 + 2H_2O + O_2 + 2CO_2$$
从化学方程式可以看出，每2摩尔$Na_2O_2$需要4摩尔$NaHCO_3$才能产生两种气体（$O_2$和$CO_2$）。因此，a和b的比例应该是$2︰4$或简化为$1︰2$。
现在我们来检查每个选项是否符合这个比例：
A. $3︰4$，这个比例可以通过乘以$\frac{1}{3}$转换为$1︰\frac{4}{3}$，不符合$1︰2$的比例。B. $3︰2$，这个比例可以通过乘以$\frac{1}{3}$转换为$1︰\frac{2}{3}$，不符合$1︰2$的比例。C. $2︰3$，这个比例不能通过乘以任何数转换为$1︰2$的比例。D. $4︰5$，这个比例可以通过乘以$\frac{1}{3}$转换为$1︰\frac{5}{3}$，不符合$1︰2$的比例。
因此，a和b的比例不可能是C. $2︰3$。
答案： C. $2︰3$
 10%|█████████                                                                                 | 1/10 [00:21<03:14, 21.60s/it]current final result is:  A
current final result is:  B
 20%|██████████████████                                                                        | 2/10 [00:28<01:42, 12.84s/it]current final result is:  C
current final result is:  D
 30%|███████████████████████████                                                               | 3/10 [00:35<01:10, 10.08s/it]current final result is:  B
current final result is:  D
解析：A. 错误。仅凭生成的水蒸气和二氧化碳的物质的量之比为1:1，不能确定有机物中是否含有氧原子，因此无法得出C：H：O原子个数比的结论。B. 错误。同上，无法确定C：H原子个数比。C. 错误。根据生成物的比例不能断定有机物中必定含氧。D. 正确。因为从生成物的物质的量之比只能推断出该有机物中碳和氢的比例是1:2（因为水蒸气中的氢来自有机物，二氧化碳中的碳来自有机物），但无法确定是否含有氧原子，也无法确定其准确分子式。
 40%|████████████████████████████████████                                                      | 4/10 [00:47<01:05, 10.87s/it]current final result is:  B
解析：根据题目信息，可以推断出W、X、Y、Z分别是氮（N）、氧（O）、磷（P）和硅（Si）。A. 常温常压下X的单质为气态 - 错误，氧气在常温常压下是气态，但题目中的X指的是氧元素，其单质是氧气或臭氧，不是气态。B. 简单气态氢化物的热稳定性：Y>W - 正确，磷化氢比氨稳定。C. Z的氢化物含有共价键 - 错误，硅烷（SiH4）是含有共价键的化合物，但题目中说的是Z的氢化物遇水可产生最轻的气体，这应该是硅烷与水反应生成氢气和硅酸的过程。D. 简单离子半径：W>X - 错误，氮离子（N³⁻）的半径大于氧离子（O²⁻）。
current final result is:  B. 加硝酸银溶液
解析：根据题目中的化学平衡方程式，要使溶液变成淡蓝色，即需要增加$[Cu(H_2O)_4]^{2+}$的浓度或减少$Cl^-$的浓度。选项A减少蒸馏水相当于增加溶液的浓度，但不会改变$[Cu(H_2O)_4]^{2+}$和$Cl^-$的比例；选项C加氯化钠固体会增加$Cl^-$的浓度，使得平衡向右移动，溶液颜色会偏向黄绿色；选项D加硫酸钠固体对上述平衡无影响。而选项B中加硝酸银溶液会与$Cl^-$反应生成沉淀，从而减少了$Cl^-$的浓度，使得平衡向左移动，增加了$[Cu(H_2O)_4]^{2+}$的浓度，溶液因此会变成淡蓝色。
 50%|█████████████████████████████████████████████                                             | 5/10 [01:13<01:23, 16.61s/it]current final result is:  D
current final result is:  D. ①③④⑤
解析：在恒容密闭容器中，当反应达到平衡状态时，以下物理量不再发生变化：
①混合气体的压强：由于反应物和生成物的气态物质的摩尔数有变化（2B(g) → C(g) + D(g)），所以当压强保持不变时，说明各组分浓度不再改变，达到了平衡。
②混合气体的密度：由于A是固体，不会影响到气体的密度，因此混合气体的密度并不是一个判断平衡的有效指标。
③B的物质的量浓度：当B的物质的量浓度保持不变时，说明正逆反应速率相等，达到了动态平衡。
④气体的总物质的量：由于反应过程中气态物质的摩尔数有变化，当总物质的量不变时，表明反应达到平衡。
⑤混合气体总质量：虽然A是固体，但气态产物C和D的质量会随着反应进行而改变，当混合气体总质量不再变化时，说明系统已达到平衡。综上所述，选项D中的①③④⑤是正确的物理量，它们不再变化时表明反应已达到平衡状态。
 60%|██████████████████████████████████████████████████████                                    | 6/10 [01:52<01:35, 23.91s/it]current final result is:  D. 蛋白质  油脂
current final result is:  D
 70%|██████████████████████████████████████████████████████████████▉                           | 7/10 [01:57<00:53, 17.72s/it]current final result is:  D. 镁
current final result is:  A. 有$BaSO_4$生成
解析：在灼烧绿矾（硫酸亚铁七水合物，FeSO4·7H2O）的反应中，产生的气体包括二氧化硫（SO2）和三氧化硫（SO3）。当这些气体通过氯化钡（BaCl2）溶液时，只有三氧化硫会与水反应生成硫酸（H2SO4），随后与氯化钡反应形成硫酸钡沉淀（BaSO4）。因为二氧化硫在水中的溶解度较低且不与氯化钡直接反应形成沉淀，所以不会有亚硫酸钡（BaSO3）生成。同时，由于三氧化硫能够与水反应并消耗掉，所以不会有三氧化硫逸出。因此，正确答案是A，只有硫酸钡（BaSO4）生成。
 80%|████████████████████████████████████████████████████████████████████████                  | 8/10 [02:12<00:33, 16.86s/it]current final result is:  A. 稀盐酸解析：生石灰主要成分是氧化钙（CaO）。要检验其中的碳酸钙（CaCO3）和二氧化硅（SiO2），可以使用稀盐酸。稀盐酸与碳酸钙反应会生成二氧化碳气体，可以看到冒泡现象；而与二氧化硅反应较慢，但最终会生成硅酸和水，可以观察到溶液变浑浊。因此，使用稀盐酸可以较好地区分这两种杂质。其他选项如水、烧碱溶液和稀硫酸则不能很好地区分这两种杂质。
current final result is:  B. 使用催化剂是为了加快反应速率
 90%|█████████████████████████████████████████████████████████████████████████████████         | 9/10 [02:23<00:15, 15.03s/it]current final result is:  C. 石墨可用做绝缘材料
100%|█████████████████████████████████████████████████████████████████████████████████████████| 10/10 [02:42<00:00, 16.47s/it]100%|█████████████████████████████████████████████████████████████████████████████████████████| 10/10 [02:42<00:00, 16.27s/it]
05/28 17:27:56 - OpenCompass - [4m[97mINFO[0m - time elapsed: 162.79s
