05/28 17:07:17 - OpenCompass - [4m[97mINFO[0m - Task [Spark-v1-1/ceval-college_chemistry]
05/28 17:07:17 - OpenCompass - [4m[97mINFO[0m - Start inferencing [Spark-v1-1/ceval-college_chemistry]
  0%|                                                                                                  | 0/24 [00:00<?, ?it/s]100%|â–ˆâ–ˆâ–ˆâ–ˆâ–ˆâ–ˆâ–ˆâ–ˆâ–ˆâ–ˆâ–ˆâ–ˆâ–ˆâ–ˆâ–ˆâ–ˆâ–ˆâ–ˆâ–ˆâ–ˆâ–ˆâ–ˆâ–ˆâ–ˆâ–ˆâ–ˆâ–ˆâ–ˆâ–ˆâ–ˆâ–ˆâ–ˆâ–ˆâ–ˆâ–ˆâ–ˆâ–ˆâ–ˆâ–ˆâ–ˆâ–ˆâ–ˆâ–ˆâ–ˆâ–ˆâ–ˆâ–ˆâ–ˆâ–ˆâ–ˆâ–ˆâ–ˆâ–ˆâ–ˆâ–ˆâ–ˆâ–ˆâ–ˆâ–ˆâ–ˆâ–ˆâ–ˆâ–ˆâ–ˆâ–ˆâ–ˆâ–ˆâ–ˆâ–ˆâ–ˆâ–ˆâ–ˆâ–ˆâ–ˆâ–ˆâ–ˆâ–ˆâ–ˆâ–ˆâ–ˆâ–ˆâ–ˆâ–ˆâ–ˆâ–ˆâ–ˆâ–ˆâ–ˆâ–ˆâ–ˆâ–ˆâ–ˆâ–ˆâ–ˆâ–ˆâ–ˆâ–ˆ| 24/24 [00:00<?, ?it/s]
[2024-05-28 17:07:17,894] [opencompass.openicl.icl_inferencer.icl_gen_inferencer] [INFO] Starting inference process...
  0%|                                                                                                  | 0/12 [00:00<?, ?it/s]current final result is:  C. æ°¢é”®
current final result is:  B. å˜ä¸ºåŽŸæ¥çš„$10^{-2}$å€
è§£æžï¼šæ ¹æ®æº¶åº¦ç§¯åŽŸç†ï¼Œå¯¹äºŽ$Mg(OH)_2$çš„é¥±å’Œæº¶æ¶²ï¼Œå…¶æº¶åº¦ç§¯$K_{sp}$å¯ä»¥è¡¨ç¤ºä¸ºï¼š$$ K_{sp} = [Mg^{2+}][OH^-]^2 $$
å½“$[OH^-]$çš„æµ“åº¦å˜ä¸ºåŽŸæ¥çš„10å€æ—¶ï¼Œå‡è®¾$Mg(OH)_2$çš„æº¶è§£åº¦ä¸å˜ï¼Œåˆ™æ–°çš„$[Mg^{2+}]$å°†å˜ä¸ºåŽŸæ¥çš„$\frac{1}{10}$ã€‚ç„¶è€Œï¼Œç”±äºŽ$[OH^-]$çš„å¹³æ–¹ä¹Ÿä¼šå½±å“$K_{sp}$ï¼Œæ‰€ä»¥å®žé™…ä¸Š$Mg(OH)_2$çš„æº¶è§£åº¦ä¼šé™ä½Žæ›´å¤šã€‚è®¾åŽŸæ¥çš„æº¶è§£åº¦ä¸º$s$ï¼Œåˆ™åŽŸæ¥çš„$[Mg^{2+}] = s$ï¼Œæ–°çš„$[Mg^{2+}] = \frac{s}{10}$ã€‚å› ä¸º$[OH^-]$å˜ä¸ºåŽŸæ¥çš„10å€ï¼Œå³æ–°çš„$[OH^-] = 10^{-3} mol/dm^3$ï¼Œæ‰€ä»¥æ–°çš„æº¶åº¦ç§¯$K_{sp}'$ä¸ºï¼š$$ K_{sp}' = \left(\frac{s}{10}\right)(10^{-3})^2 = \frac{s}{10}(10^{-6}) = \frac{s}{10^5} $$ç”±äºŽ$K_{sp}$æ˜¯ä¸€ä¸ªå¸¸æ•°ï¼Œæˆ‘ä»¬æœ‰ï¼š$$ K_{sp} = s(10^{-4})^2 = s(10^{-8}) $$
å°†ä¸¤ä¸ªæº¶åº¦ç§¯ç›¸ç­‰ï¼Œå¾—åˆ°ï¼š$$ \frac{s}{10^5} = s(10^{-8}) $$
è§£è¿™ä¸ªæ–¹ç¨‹ï¼Œå¾—åˆ°ï¼š$$ \frac{1}{10^5} = 10^{-8} $$
ä¸¤è¾¹å–å¯¹æ•°ï¼Œå¾—åˆ°ï¼š$$ -5 = -8 $$
è¿™æ˜¾ç„¶æ˜¯é”™è¯¯çš„ï¼Œå› ä¸ºæˆ‘ä»¬å¿½ç•¥äº†$[OH^-]$çš„å˜åŒ–å¯¹$K_{sp}$çš„å½±å“ã€‚æ­£ç¡®çš„è®¡ç®—åº”è¯¥æ˜¯ï¼š$$ K_{sp} = \left(\frac{s}{10}\right)(10^{-3})^2 = \frac{s}{10}(10^{-6}) = \frac{s}{10^5} $$
å› æ­¤ï¼Œæ­£ç¡®çš„æ¯”è¾ƒæ˜¯ï¼š$$ \frac{s}{10^5} = s(10^{-8}) $$
è§£è¿™ä¸ªæ–¹ç¨‹ï¼Œå¾—åˆ°ï¼š$$ \frac{1}{10^5} = 10^{-8} $$ä¸¤è¾¹å–å¯¹æ•°ï¼Œå¾—åˆ°ï¼š$$ -5 = -8 + \log_{10}(10^5) $$$$ -5 = -8 + 5 $$$$ -5 = -3 $$è¿™æ„å‘³ç€$s$å˜ä¸ºåŽŸæ¥çš„$10^{-3}$å€ï¼Œä½†æ˜¯æˆ‘ä»¬éœ€è¦çš„æ˜¯$s$å˜ä¸ºåŽŸæ¥çš„å¤šå°‘å€ï¼Œæ‰€ä»¥ç­”æ¡ˆæ˜¯$s$å˜ä¸ºåŽŸæ¥çš„$10^{-2}$å€ã€‚å› æ­¤ï¼Œæ­£ç¡®ç­”æ¡ˆæ˜¯Bã€‚
  8%|â–ˆâ–ˆâ–ˆâ–ˆâ–ˆâ–ˆâ–ˆâ–Œ                                                                                  | 1/12 [00:39<07:16, 39.64s/it]current final result is:  A. $NH_3$
current final result is:  D
 17%|â–ˆâ–ˆâ–ˆâ–ˆâ–ˆâ–ˆâ–ˆâ–ˆâ–ˆâ–ˆâ–ˆâ–ˆâ–ˆâ–ˆâ–ˆ                                                                           | 2/12 [00:41<02:55, 17.60s/it]current final result is:  D. $HAc<NH_4^+<HCl$
current final result is:  D. $NaNO_3$å’Œ$NaNO_2$
 25%|â–ˆâ–ˆâ–ˆâ–ˆâ–ˆâ–ˆâ–ˆâ–ˆâ–ˆâ–ˆâ–ˆâ–ˆâ–ˆâ–ˆâ–ˆâ–ˆâ–ˆâ–ˆâ–ˆâ–ˆâ–ˆâ–ˆâ–Œ                                                                   | 3/12 [00:44<01:37, 10.87s/it]current final result is:  D. b/a
current final result is:  D. $1.1mol/dm^3$
è§£æžï¼špHæ˜¯æ°¢ç¦»å­æµ“åº¦çš„è´Ÿå¯¹æ•°ï¼Œå³$pH = -\log[H^+]$ã€‚æ‰€ä»¥ï¼Œå¦‚æžœpH=0.04ï¼Œé‚£ä¹ˆ$H^+$çš„æµ“åº¦ä¸º$10^{-0.04}$ï¼Œçº¦ç­‰äºŽ$1.1mol/dm^3$ã€‚
 33%|â–ˆâ–ˆâ–ˆâ–ˆâ–ˆâ–ˆâ–ˆâ–ˆâ–ˆâ–ˆâ–ˆâ–ˆâ–ˆâ–ˆâ–ˆâ–ˆâ–ˆâ–ˆâ–ˆâ–ˆâ–ˆâ–ˆâ–ˆâ–ˆâ–ˆâ–ˆâ–ˆâ–ˆâ–ˆâ–ˆ                                                            | 4/12 [00:50<01:11,  8.92s/it]current final result is:  C. $1.9Ã—10^{-1}$
current final result is:  D. $H_3BO_3$ï¼Œ$H_3PO_2$
 42%|â–ˆâ–ˆâ–ˆâ–ˆâ–ˆâ–ˆâ–ˆâ–ˆâ–ˆâ–ˆâ–ˆâ–ˆâ–ˆâ–ˆâ–ˆâ–ˆâ–ˆâ–ˆâ–ˆâ–ˆâ–ˆâ–ˆâ–ˆâ–ˆâ–ˆâ–ˆâ–ˆâ–ˆâ–ˆâ–ˆâ–ˆâ–ˆâ–ˆâ–ˆâ–ˆâ–ˆâ–ˆâ–Œ                                                    | 5/12 [00:53<00:47,  6.77s/it]current final result is:  D. $V_{NaOH}=2/3V_{KMnO_4}$
è§£æžï¼š
é¦–å…ˆï¼Œæˆ‘ä»¬éœ€è¦çŸ¥é“$KHC_2O_4Â·H_2C_2O_2Â·2H_2O$åœ¨é…¸æ€§æ¡ä»¶ä¸‹ä¸Ž$NaOH$å’Œ$KMnO_4$çš„ååº”æ–¹ç¨‹å¼ã€‚
å¯¹äºŽ$NaOH$ï¼Œååº”æ–¹ç¨‹å¼ä¸ºï¼š$$KHC_2O_4 + NaOH \rightarrow KNaC_2O_4 + H_2O$$
å¯¹äºŽ$KMnO_4$ï¼Œååº”æ–¹ç¨‹å¼ä¸ºï¼š$$5KHC_2O_4 + 2KMnO_4 + 8H_2SO_4 \rightarrow K_2SO_4 + 2MnSO_4 + 10CO_2 + 8H_2O$$
ä»Žä¸Šé¢çš„ååº”æ–¹ç¨‹å¼å¯ä»¥çœ‹å‡ºï¼Œæ¯æ‘©å°”$KHC_2O_4$éœ€è¦0.5æ‘©å°”$NaOH$å’Œ0.1æ‘©å°”$KMnO_4$ã€‚
å› æ­¤ï¼Œå¦‚æžœç›¸åŒè´¨é‡çš„$KHC_2O_4Â·H_2C_2O_2Â·2H_2O$ç”¨äºŽæ ‡å®šä¸¤ç§æº¶æ¶²ï¼Œé‚£ä¹ˆæ¶ˆè€—çš„$NaOH$çš„ä½“ç§¯å°†æ˜¯$KMnO_4$çš„ä¸¤å€ï¼Œå› ä¸ºæ¯ä¸ª$KHC_2O_4$åˆ†å­éœ€è¦æ›´å¤šçš„$NaOH$åˆ†å­æ¥å®Œå…¨ååº”ã€‚
æ‰€ä»¥ï¼Œ$V_{NaOH}=2/3V_{KMnO_4}$ã€‚
current final result is:  D. $WO_3$
 50%|â–ˆâ–ˆâ–ˆâ–ˆâ–ˆâ–ˆâ–ˆâ–ˆâ–ˆâ–ˆâ–ˆâ–ˆâ–ˆâ–ˆâ–ˆâ–ˆâ–ˆâ–ˆâ–ˆâ–ˆâ–ˆâ–ˆâ–ˆâ–ˆâ–ˆâ–ˆâ–ˆâ–ˆâ–ˆâ–ˆâ–ˆâ–ˆâ–ˆâ–ˆâ–ˆâ–ˆâ–ˆâ–ˆâ–ˆâ–ˆâ–ˆâ–ˆâ–ˆâ–ˆâ–ˆ                                             | 6/12 [01:12<01:06, 11.01s/it]current final result is:  D
current final result is:  C. Hçš„ä¸¤è€…ç›¸ç­‰
åœ¨æ°¢åŽŸå­ï¼ˆHï¼‰çš„æƒ…å†µä¸‹ï¼Œç”±äºŽå®ƒåªæœ‰ä¸€ä¸ªç”µå­å’Œä¸€ä¸ªsè½¨é“ï¼Œ2sè½¨é“æ˜¯å…¶å”¯ä¸€çš„ç”µå­å¯å æ®çš„è½¨é“ã€‚å› æ­¤ï¼Œåœ¨æ°¢åŽŸå­ä¸­ï¼Œ2så’Œ2pè½¨é“çš„èƒ½é‡æ˜¯ç›¸åŒçš„ã€‚ç„¶è€Œï¼Œå¯¹äºŽå…¶ä»–å…ƒç´ ï¼Œéšç€åŽŸå­åºæ•°çš„å¢žåŠ ï¼Œ2så’Œ2pè½¨é“çš„èƒ½é‡å¼€å§‹ä¸åŒï¼Œå› ä¸ºç”µå­ä¹‹é—´çš„ç›¸äº’ä½œç”¨å’Œå±è”½æ•ˆåº”å¯¼è‡´èƒ½é‡åˆ†è£‚ã€‚
 58%|â–ˆâ–ˆâ–ˆâ–ˆâ–ˆâ–ˆâ–ˆâ–ˆâ–ˆâ–ˆâ–ˆâ–ˆâ–ˆâ–ˆâ–ˆâ–ˆâ–ˆâ–ˆâ–ˆâ–ˆâ–ˆâ–ˆâ–ˆâ–ˆâ–ˆâ–ˆâ–ˆâ–ˆâ–ˆâ–ˆâ–ˆâ–ˆâ–ˆâ–ˆâ–ˆâ–ˆâ–ˆâ–ˆâ–ˆâ–ˆâ–ˆâ–ˆâ–ˆâ–ˆâ–ˆâ–ˆâ–ˆâ–ˆâ–ˆâ–ˆâ–ˆâ–ˆâ–Œ                                     | 7/12 [01:18<00:46,  9.36s/it]current final result is:  A. ä¸¤ç§éš¾æº¶ç”µè§£è´¨ï¼Œå…¶ä¸­$K^{\theta}_{sp}$å°çš„æº¶è§£åº¦ä¸€å®šå°
è§£æžï¼šå¯¹äºŽéš¾æº¶ç”µè§£è´¨ï¼Œå…¶æº¶è§£åº¦ç§¯å¸¸æ•°$K^{\theta}_{sp}$ä¸Žæº¶è§£åº¦ä¹‹é—´å­˜åœ¨ç›´æŽ¥å…³ç³»ã€‚å½“å…¶ä»–æ¡ä»¶ç›¸åŒæ—¶ï¼Œ$K^{\theta}_{sp}$è¾ƒå°çš„éš¾æº¶ç”µè§£è´¨å…·æœ‰è¾ƒå°çš„æº¶è§£åº¦ã€‚å› æ­¤ï¼Œé€‰é¡¹Aæ­£ç¡®ã€‚
é€‰é¡¹Bæ˜¯é‡å¤çš„ï¼Œå†…å®¹ä¸Žé€‰é¡¹Aç›¸åŒï¼Œæ‰€ä»¥ä¸è€ƒè™‘ã€‚
é€‰é¡¹Cæåˆ°ç›æ•ˆåº”ã€é…¸æ•ˆåº”å’Œé…ä½æ•ˆåº”éƒ½ä¼šå¢žåŠ éš¾æº¶ç”µè§£è´¨çš„æº¶è§£åº¦ï¼Œè¿™æ˜¯æ­£ç¡®çš„ã€‚è¿™äº›æ•ˆåº”é€šè¿‡ä¸åŒçš„æœºåˆ¶å½±å“æº¶è§£å¹³è¡¡ï¼Œä»Žè€Œå¢žåŠ æº¶è§£åº¦ã€‚
é€‰é¡¹DæŒ‡å‡ºåŒç¦»å­æ•ˆåº”ä¼šä½¿éš¾æº¶ç”µè§£è´¨çš„æº¶è§£åº¦å˜å°ï¼Œå¹¶ä¸”ä¹Ÿä½¿$K^{\theta}_{sp}$å˜å°ã€‚è¿™ä¸ªè¯´æ³•æ˜¯é”™è¯¯çš„ã€‚åŒç¦»å­æ•ˆåº”ç¡®å®žä¼šå‡å°éš¾æº¶ç”µè§£è´¨çš„æº¶è§£åº¦ï¼Œä½†ä¸ä¼šæ”¹å˜å…¶$K^{\theta}_{sp}$å€¼ï¼Œå› ä¸º$K^{\theta}_{sp}$æ˜¯ä¸€ä¸ªå›ºæœ‰çš„ç‰©ç†å¸¸æ•°ï¼Œä»…åœ¨ç‰¹å®šæ¸©åº¦ä¸‹æ”¹å˜ã€‚
ç»¼ä¸Šæ‰€è¿°ï¼Œæ­£ç¡®ç­”æ¡ˆæ˜¯ï¼š
A. ä¸¤ç§éš¾æº¶ç”µè§£è´¨ï¼Œå…¶ä¸­$K^{\theta}_{sp}$å°çš„æº¶è§£åº¦ä¸€å®šå°C. ç›æ•ˆåº”ã€é…¸æ•ˆåº”ï¹‘é…ä½æ•ˆåº”éƒ½ä¼šå¢žåŠ éš¾æº¶ç”µè§£è´¨çš„æº¶è§£åº¦
current final result is:  B. [Ar]3d54s1
 67%|â–ˆâ–ˆâ–ˆâ–ˆâ–ˆâ–ˆâ–ˆâ–ˆâ–ˆâ–ˆâ–ˆâ–ˆâ–ˆâ–ˆâ–ˆâ–ˆâ–ˆâ–ˆâ–ˆâ–ˆâ–ˆâ–ˆâ–ˆâ–ˆâ–ˆâ–ˆâ–ˆâ–ˆâ–ˆâ–ˆâ–ˆâ–ˆâ–ˆâ–ˆâ–ˆâ–ˆâ–ˆâ–ˆâ–ˆâ–ˆâ–ˆâ–ˆâ–ˆâ–ˆâ–ˆâ–ˆâ–ˆâ–ˆâ–ˆâ–ˆâ–ˆâ–ˆâ–ˆâ–ˆâ–ˆâ–ˆâ–ˆâ–ˆâ–ˆâ–ˆ                              | 8/12 [01:35<00:47, 11.77s/it]current final result is:  C. ç­‰è¾¹ä¸‰è§’å½¢
äºŒç¡«åŒ–ç¢³ï¼ˆCS2ï¼‰åˆ†å­ä¸­ï¼Œä¸­å¿ƒç¢³åŽŸå­å…·æœ‰ä¸¤ä¸ªÏƒé”®å’Œæ²¡æœ‰å­¤å¯¹ç”µå­ã€‚æ ¹æ®VSEPRï¼ˆä»·å£³ç”µå­å¯¹æŽ’æ–¥ï¼‰ç†è®ºï¼Œè¯¥åˆ†å­çš„å‡ ä½•å½¢çŠ¶æ˜¯ç”±ä¸­å¿ƒåŽŸå­å‘¨å›´çš„ç”µå­å¯¹ï¼ˆåŒ…æ‹¬æˆé”®ç”µå­å¯¹å’Œå­¤å¯¹ç”µå­ï¼‰çš„æŽ’æ–¥æœ€å°åŒ–å†³å®šçš„ã€‚åœ¨CS2çš„æƒ…å†µä¸‹ï¼Œä¸¤ä¸ªç¡«åŽŸå­å„å½¢æˆä¸€ä¸ªÏƒé”®ï¼Œè€Œæ²¡æœ‰å­¤å¯¹ç”µå­ï¼Œå› æ­¤ç”µå­åŸŸï¼ˆç”µå­å¯¹ï¼‰çš„æ€»æ•°æ˜¯2ã€‚å½“ç”µå­åŸŸæ•°ä¸º2æ—¶ï¼Œé¢„æµ‹çš„å‡ ä½•å½¢çŠ¶æ˜¯ç›´çº¿åž‹ã€‚ç„¶è€Œï¼Œç”±äºŽäºŒç¡«åŒ–ç¢³ä¸­çš„ä¸¤ä¸ªç¡«åŽŸå­è¾ƒå¤§ï¼Œå®ƒä»¬ä¹‹é—´çš„æŽ’æ–¥åŠ›å¯¼è‡´å®žé™…åˆ†å­ç»“æž„ç¨å¾®å¼¯æ›²ï¼Œå½¢æˆé’è§’ã€‚å› æ­¤ï¼Œæ­£ç¡®çš„ç­”æ¡ˆæ˜¯B. é’è§’ä¸‰è§’å½¢ã€‚
current final result is:  D. $H[Ag(CN)_2]$
 75%|â–ˆâ–ˆâ–ˆâ–ˆâ–ˆâ–ˆâ–ˆâ–ˆâ–ˆâ–ˆâ–ˆâ–ˆâ–ˆâ–ˆâ–ˆâ–ˆâ–ˆâ–ˆâ–ˆâ–ˆâ–ˆâ–ˆâ–ˆâ–ˆâ–ˆâ–ˆâ–ˆâ–ˆâ–ˆâ–ˆâ–ˆâ–ˆâ–ˆâ–ˆâ–ˆâ–ˆâ–ˆâ–ˆâ–ˆâ–ˆâ–ˆâ–ˆâ–ˆâ–ˆâ–ˆâ–ˆâ–ˆâ–ˆâ–ˆâ–ˆâ–ˆâ–ˆâ–ˆâ–ˆâ–ˆâ–ˆâ–ˆâ–ˆâ–ˆâ–ˆâ–ˆâ–ˆâ–ˆâ–ˆâ–ˆâ–ˆâ–ˆâ–Œ                      | 9/12 [01:45<00:33, 11.29s/it]current final result is:  A. $F_2$
current final result is:  D. æ´»åŒ–èƒ½è¶Šå°ï¼Œååº”é€ŸçŽ‡è¶Šå¿«
 83%|â–ˆâ–ˆâ–ˆâ–ˆâ–ˆâ–ˆâ–ˆâ–ˆâ–ˆâ–ˆâ–ˆâ–ˆâ–ˆâ–ˆâ–ˆâ–ˆâ–ˆâ–ˆâ–ˆâ–ˆâ–ˆâ–ˆâ–ˆâ–ˆâ–ˆâ–ˆâ–ˆâ–ˆâ–ˆâ–ˆâ–ˆâ–ˆâ–ˆâ–ˆâ–ˆâ–ˆâ–ˆâ–ˆâ–ˆâ–ˆâ–ˆâ–ˆâ–ˆâ–ˆâ–ˆâ–ˆâ–ˆâ–ˆâ–ˆâ–ˆâ–ˆâ–ˆâ–ˆâ–ˆâ–ˆâ–ˆâ–ˆâ–ˆâ–ˆâ–ˆâ–ˆâ–ˆâ–ˆâ–ˆâ–ˆâ–ˆâ–ˆâ–ˆâ–ˆâ–ˆâ–ˆâ–ˆâ–ˆâ–ˆâ–              | 10/12 [01:48<00:16,  8.50s/it]current final result is:  C. 1.5
current final result is:  B. èž¯åˆå‰‚
 92%|â–ˆâ–ˆâ–ˆâ–ˆâ–ˆâ–ˆâ–ˆâ–ˆâ–ˆâ–ˆâ–ˆâ–ˆâ–ˆâ–ˆâ–ˆâ–ˆâ–ˆâ–ˆâ–ˆâ–ˆâ–ˆâ–ˆâ–ˆâ–ˆâ–ˆâ–ˆâ–ˆâ–ˆâ–ˆâ–ˆâ–ˆâ–ˆâ–ˆâ–ˆâ–ˆâ–ˆâ–ˆâ–ˆâ–ˆâ–ˆâ–ˆâ–ˆâ–ˆâ–ˆâ–ˆâ–ˆâ–ˆâ–ˆâ–ˆâ–ˆâ–ˆâ–ˆâ–ˆâ–ˆâ–ˆâ–ˆâ–ˆâ–ˆâ–ˆâ–ˆâ–ˆâ–ˆâ–ˆâ–ˆâ–ˆâ–ˆâ–ˆâ–ˆâ–ˆâ–ˆâ–ˆâ–ˆâ–ˆâ–ˆâ–ˆâ–ˆâ–ˆâ–ˆâ–ˆâ–ˆâ–ˆâ–Œ       | 11/12 [01:50<00:06,  6.48s/it]current final result is:  C. è¯±å¯¼åŠ›å¢žå¤§
HClã€HBrã€HIè¿™ä¸‰ç§ç‰©è´¨éƒ½æ˜¯æžæ€§åˆ†å­ï¼Œå®ƒä»¬ä¹‹é—´çš„ä½œç”¨åŠ›åŒ…æ‹¬èŒƒå¾·åŽåŠ›ï¼ˆè‰²æ•£åŠ›ã€å–å‘åŠ›å’Œè¯±å¯¼åŠ›ï¼‰ã€‚ç”±äºŽå®ƒä»¬çš„ç»“æž„ç›¸ä¼¼ï¼Œéƒ½æ˜¯ç”±ä¸€ä¸ªæ°¢åŽŸå­ä¸Žä¸€ä¸ªå¤ç´ åŽŸå­ç»„æˆï¼Œå› æ­¤è‰²æ•£åŠ›å’Œå–å‘åŠ›åœ¨è¿™ä¸‰ç§åˆ†å­ä¸­çš„å·®å¼‚ä¸å¤§ã€‚ä½†æ˜¯éšç€åŽŸå­åºæ•°çš„å¢žåŠ ï¼Œä»ŽClåˆ°Iï¼Œåˆ†å­çš„æžåŒ–çŽ‡å¢žåŠ ï¼Œè¿™æ„å‘³ç€åˆ†å­é—´çš„è¯±å¯¼åŠ›ä¹Ÿéšä¹‹å¢žåŠ ã€‚è¯±å¯¼åŠ›çš„å¢žåŠ ä¼šå¯¼è‡´åˆ†å­é—´ä½œç”¨åŠ›çš„å¢žå¼ºï¼Œä»Žè€Œä½¿å¾—æ²¸ç‚¹å‡é«˜ã€‚å› æ­¤ï¼Œè¿™ä¸‰ç§ç‰©è´¨çš„æ²¸ç‚¹ä¾æ¬¡å‡é«˜ä¸»è¦æ˜¯ç”±äºŽè¯±å¯¼åŠ›çš„å¢žå¤§ã€‚
current final result is:  A. $C_v$ï¼ŒQï¼ŒVï¼ŒS
100%|â–ˆâ–ˆâ–ˆâ–ˆâ–ˆâ–ˆâ–ˆâ–ˆâ–ˆâ–ˆâ–ˆâ–ˆâ–ˆâ–ˆâ–ˆâ–ˆâ–ˆâ–ˆâ–ˆâ–ˆâ–ˆâ–ˆâ–ˆâ–ˆâ–ˆâ–ˆâ–ˆâ–ˆâ–ˆâ–ˆâ–ˆâ–ˆâ–ˆâ–ˆâ–ˆâ–ˆâ–ˆâ–ˆâ–ˆâ–ˆâ–ˆâ–ˆâ–ˆâ–ˆâ–ˆâ–ˆâ–ˆâ–ˆâ–ˆâ–ˆâ–ˆâ–ˆâ–ˆâ–ˆâ–ˆâ–ˆâ–ˆâ–ˆâ–ˆâ–ˆâ–ˆâ–ˆâ–ˆâ–ˆâ–ˆâ–ˆâ–ˆâ–ˆâ–ˆâ–ˆâ–ˆâ–ˆâ–ˆâ–ˆâ–ˆâ–ˆâ–ˆâ–ˆâ–ˆâ–ˆâ–ˆâ–ˆâ–ˆâ–ˆâ–ˆâ–ˆâ–ˆâ–ˆâ–ˆ| 12/12 [01:58<00:00,  7.21s/it]100%|â–ˆâ–ˆâ–ˆâ–ˆâ–ˆâ–ˆâ–ˆâ–ˆâ–ˆâ–ˆâ–ˆâ–ˆâ–ˆâ–ˆâ–ˆâ–ˆâ–ˆâ–ˆâ–ˆâ–ˆâ–ˆâ–ˆâ–ˆâ–ˆâ–ˆâ–ˆâ–ˆâ–ˆâ–ˆâ–ˆâ–ˆâ–ˆâ–ˆâ–ˆâ–ˆâ–ˆâ–ˆâ–ˆâ–ˆâ–ˆâ–ˆâ–ˆâ–ˆâ–ˆâ–ˆâ–ˆâ–ˆâ–ˆâ–ˆâ–ˆâ–ˆâ–ˆâ–ˆâ–ˆâ–ˆâ–ˆâ–ˆâ–ˆâ–ˆâ–ˆâ–ˆâ–ˆâ–ˆâ–ˆâ–ˆâ–ˆâ–ˆâ–ˆâ–ˆâ–ˆâ–ˆâ–ˆâ–ˆâ–ˆâ–ˆâ–ˆâ–ˆâ–ˆâ–ˆâ–ˆâ–ˆâ–ˆâ–ˆâ–ˆâ–ˆâ–ˆâ–ˆâ–ˆâ–ˆ| 12/12 [01:58<00:00,  9.92s/it]
05/28 17:09:16 - OpenCompass - [4m[97mINFO[0m - time elapsed: 119.03s
