05/28 17:56:02 - OpenCompass - [4m[97mINFO[0m - Task [Spark-v1-1/ceval-law]
05/28 17:56:02 - OpenCompass - [4m[97mINFO[0m - Start inferencing [Spark-v1-1/ceval-law]
  0%|                                                                                                  | 0/24 [00:00<?, ?it/s]100%|â–ˆâ–ˆâ–ˆâ–ˆâ–ˆâ–ˆâ–ˆâ–ˆâ–ˆâ–ˆâ–ˆâ–ˆâ–ˆâ–ˆâ–ˆâ–ˆâ–ˆâ–ˆâ–ˆâ–ˆâ–ˆâ–ˆâ–ˆâ–ˆâ–ˆâ–ˆâ–ˆâ–ˆâ–ˆâ–ˆâ–ˆâ–ˆâ–ˆâ–ˆâ–ˆâ–ˆâ–ˆâ–ˆâ–ˆâ–ˆâ–ˆâ–ˆâ–ˆâ–ˆâ–ˆâ–ˆâ–ˆâ–ˆâ–ˆâ–ˆâ–ˆâ–ˆâ–ˆâ–ˆâ–ˆâ–ˆâ–ˆâ–ˆâ–ˆâ–ˆâ–ˆâ–ˆâ–ˆâ–ˆâ–ˆâ–ˆâ–ˆâ–ˆâ–ˆâ–ˆâ–ˆâ–ˆâ–ˆâ–ˆâ–ˆâ–ˆâ–ˆâ–ˆâ–ˆâ–ˆâ–ˆâ–ˆâ–ˆâ–ˆâ–ˆâ–ˆâ–ˆâ–ˆâ–ˆâ–ˆâ–ˆâ–ˆâ–ˆâ–ˆâ–ˆâ–ˆâ–ˆ| 24/24 [00:00<?, ?it/s]
[2024-05-28 17:56:02,581] [opencompass.openicl.icl_inferencer.icl_gen_inferencer] [INFO] Starting inference process...
  0%|                                                                                                  | 0/12 [00:00<?, ?it/s]current final result is:  C. ç±»æ¯”æŽ¨ç†æ˜¯åˆ¤ä¾‹æ³•å›½å®¶è¿ç”¨çš„ä¸€ç§åŸºæœ¬çš„æ³•å¾‹åˆ†æžæ–¹æ³•
current final result is:  C
  8%|â–ˆâ–ˆâ–ˆâ–ˆâ–ˆâ–ˆâ–ˆâ–Œ                                                                                  | 1/12 [00:06<01:07,  6.11s/it]current final result is:  D
current final result is:  A
 17%|â–ˆâ–ˆâ–ˆâ–ˆâ–ˆâ–ˆâ–ˆâ–ˆâ–ˆâ–ˆâ–ˆâ–ˆâ–ˆâ–ˆâ–ˆ                                                                           | 2/12 [00:11<00:55,  5.53s/it]current final result is:  D. é™ˆæŸå’Œå´æŸåŒåœ¨æ²³è¾¹æ”¾ç‰›ï¼ŒåŽé™ˆæŸçš„ä¸€å¤´ç‰›èµ°å…¥å´æŸçš„ç‰›ç¾¤ä¸­ï¼Œè€Œå´æŸå¯¹æ­¤å¹¶ä¸çŸ¥æƒ…
è§£æžï¼šä¸å½“å¾—åˆ©æ˜¯æŒ‡ä¸€æ–¹æ— æ­£å½“ç†ç”±èŽ·å¾—åˆ©ç›Šï¼Œå¯¼è‡´å¦ä¸€æ–¹é­å—æŸå¤±çš„æƒ…å½¢ã€‚æ ¹æ®ä¸­å›½æ³•å¾‹ï¼Œä¸å½“å¾—åˆ©éœ€è¦æ»¡è¶³ä»¥ä¸‹æ¡ä»¶ï¼šä¸€æ–¹å¾—åˆ°åˆ©ç›Šï¼›å¦ä¸€æ–¹é­å—æŸå¤±ï¼›å¾—åˆ°åˆ©ç›Šçš„ä¸€æ–¹æ²¡æœ‰æ­£å½“ç†ç”±ï¼›åŒæ–¹é—´å­˜åœ¨å› æžœå…³ç³»ã€‚
Aé¡¹ä¸­ï¼Œç”²ä¸ºä¹™æ”¯ä»˜å­¦è´¹å±žäºŽå®¶åº­æˆå‘˜é—´çš„èµ„åŠ©è¡Œä¸ºï¼Œé€šå¸¸ä¸æž„æˆä¸å½“å¾—åˆ©ã€‚Bé¡¹ä¸­ï¼Œä¸™æ˜ŽçŸ¥ä¸æ¬ ä¸çš„é’±è€Œæ‰§æ„è¿˜é’±ï¼Œæ˜¯è‡ªæ„¿è¡Œä¸ºï¼Œä¸å±žäºŽä¸å½“å¾—åˆ©ã€‚Cé¡¹ä¸­ï¼Œå¼ æŸå¿è¿˜èµŒå€ºï¼ŒèµŒå€ºæœ¬èº«ä¸å—æ³•å¾‹ä¿æŠ¤ï¼Œå› æ­¤ä¸èƒ½ä»¥ä¸å½“å¾—åˆ©è¦æ±‚è¿”è¿˜ã€‚Dé¡¹ä¸­ï¼Œé™ˆæŸçš„ç‰›æ··å…¥å´æŸçš„ç‰›ç¾¤ï¼Œå´æŸæ— æ­£å½“ç†ç”±èŽ·å¾—è¯¥ç‰›çš„åˆ©ç›Šï¼Œå¯¼è‡´é™ˆæŸæŸå¤±ï¼Œæž„æˆä¸å½“å¾—åˆ©ã€‚
current final result is:  B. è‚–å©†å©†åº”å¯¹å°å›¡çš„æ­»äº¡æ‰¿æ‹…æ°‘äº‹è´£ä»»
è§£æžï¼šæ ¹æ®ä¸­å›½æ³•å¾‹ï¼Œåœ¨è¿™ç§æƒ…å†µä¸‹ï¼Œè‚–å©†å©†ä½œä¸ºçŽ°åœºç›‘æŠ¤äººï¼Œæœ‰ä¹‰åŠ¡å¯¹ä¸¤ä¸ªå­©å­è¿›è¡Œé€‚å½“çš„çœ‹ç®¡å’Œä¿æŠ¤ã€‚ç”±äºŽè‚–å©†å©†ç–å¿½å¤§æ„ï¼Œæ²¡æœ‰åŠæ—¶å‘çŽ°å¹¶é˜»æ­¢å°å›¡åžé£Ÿé¦™è•‰å¯¼è‡´çª’æ¯ï¼Œå› æ­¤åº”å½“æ‰¿æ‹…ç›¸åº”çš„æ°‘äº‹è´£ä»»ã€‚åˆ˜å©†å©†è™½ç„¶ç»™äº†å­©å­ä»¬é¦™è•‰ï¼Œä½†æ— æ³•é¢„è§åˆ°å­©å­ä¼šå› æ­¤è€Œå‘ç”Ÿæ„å¤–ï¼Œæ•…ä¸æ‰¿æ‹…è´£ä»»ã€‚å°å‹‡çš„çˆ¶æ¯åœ¨äº‹ä»¶å‘ç”Ÿæ—¶ä¸åœ¨åœºæ‰€ï¼Œæ— æ³•ç›´æŽ¥å¯¹äº‹ä»¶è¿›è¡Œç›‘ç®¡ï¼Œä¹Ÿä¸åº”æ‰¿æ‹…è´£ä»»ã€‚æ­¤äº‹ä»¶ä¸å±žäºŽæ„å¤–äº‹ä»¶å…è´£èŒƒç•´ï¼Œå› ä¸ºå­˜åœ¨ç›‘ç®¡ä¸å½“çš„æƒ…å½¢ã€‚
 25%|â–ˆâ–ˆâ–ˆâ–ˆâ–ˆâ–ˆâ–ˆâ–ˆâ–ˆâ–ˆâ–ˆâ–ˆâ–ˆâ–ˆâ–ˆâ–ˆâ–ˆâ–ˆâ–ˆâ–ˆâ–ˆâ–ˆâ–Œ                                                                   | 3/12 [00:35<02:08, 14.23s/it]current final result is:  C. å†’åå°†ä»–äººç¨¿é…¬å–èµ°
current final result is:  B. æž„æˆæ•…æ„ä¼¤å®³ç½ª
è§£æžï¼šæ ¹æ®æè¿°ï¼Œç”²ç”¨æœ¨æ£å‘ä¹™å¤´éƒ¨çŒ›å‡»ï¼Œè¡¨æ˜Žç”²æœ‰ä¼¤å®³ä¹™çš„æ•…æ„ã€‚ä¹™åœ¨æƒ…æ€¥ä¹‹ä¸‹æŠ½å‡ºæ°´æžœåˆ€åˆºå‘ç”²ï¼Œè‡´ç”²é‡ä¼¤ï¼Œè¿™å±žäºŽæ­£å½“é˜²å«è¡Œä¸ºè¶…å‡ºå¿…è¦é™åº¦é€ æˆä¸åº”æœ‰çš„æŸå®³ï¼Œä½†è€ƒè™‘åˆ°ä¹™æ˜¯åœ¨ç”Ÿå‘½å®‰å…¨å—åˆ°ä¸¥é‡å¨èƒçš„æƒ…å†µä¸‹è¿›è¡Œåå‡»ï¼Œå› æ­¤ä¹™çš„è¡Œä¸ºæž„æˆæ•…æ„ä¼¤å®³ç½ªã€‚å…¶ä»–é€‰é¡¹ä¸ç¬¦åˆæ¡ˆæƒ…æè¿°ã€‚
 33%|â–ˆâ–ˆâ–ˆâ–ˆâ–ˆâ–ˆâ–ˆâ–ˆâ–ˆâ–ˆâ–ˆâ–ˆâ–ˆâ–ˆâ–ˆâ–ˆâ–ˆâ–ˆâ–ˆâ–ˆâ–ˆâ–ˆâ–ˆâ–ˆâ–ˆâ–ˆâ–ˆâ–ˆâ–ˆâ–ˆ                                                            | 4/12 [00:45<01:40, 12.60s/it]current final result is:  A. å§“åæƒ
current final result is:  A
 42%|â–ˆâ–ˆâ–ˆâ–ˆâ–ˆâ–ˆâ–ˆâ–ˆâ–ˆâ–ˆâ–ˆâ–ˆâ–ˆâ–ˆâ–ˆâ–ˆâ–ˆâ–ˆâ–ˆâ–ˆâ–ˆâ–ˆâ–ˆâ–ˆâ–ˆâ–ˆâ–ˆâ–ˆâ–ˆâ–ˆâ–ˆâ–ˆâ–ˆâ–ˆâ–ˆâ–ˆâ–ˆâ–Œ                                                    | 5/12 [00:51<01:10, 10.08s/it]current final result is:  C. ç›—çªƒç½ª
current final result is:  C. è™å¾…ç½ªè‡´ä½¿è¢«å®³äººé‡ä¼¤ã€æ­»äº¡çš„
 50%|â–ˆâ–ˆâ–ˆâ–ˆâ–ˆâ–ˆâ–ˆâ–ˆâ–ˆâ–ˆâ–ˆâ–ˆâ–ˆâ–ˆâ–ˆâ–ˆâ–ˆâ–ˆâ–ˆâ–ˆâ–ˆâ–ˆâ–ˆâ–ˆâ–ˆâ–ˆâ–ˆâ–ˆâ–ˆâ–ˆâ–ˆâ–ˆâ–ˆâ–ˆâ–ˆâ–ˆâ–ˆâ–ˆâ–ˆâ–ˆâ–ˆâ–ˆâ–ˆâ–ˆâ–ˆ                                             | 6/12 [00:57<00:52,  8.79s/it]current final result is:  B
current final result is:  C. æƒ³è±¡ç«žåˆçŠ¯
 58%|â–ˆâ–ˆâ–ˆâ–ˆâ–ˆâ–ˆâ–ˆâ–ˆâ–ˆâ–ˆâ–ˆâ–ˆâ–ˆâ–ˆâ–ˆâ–ˆâ–ˆâ–ˆâ–ˆâ–ˆâ–ˆâ–ˆâ–ˆâ–ˆâ–ˆâ–ˆâ–ˆâ–ˆâ–ˆâ–ˆâ–ˆâ–ˆâ–ˆâ–ˆâ–ˆâ–ˆâ–ˆâ–ˆâ–ˆâ–ˆâ–ˆâ–ˆâ–ˆâ–ˆâ–ˆâ–ˆâ–ˆâ–ˆâ–ˆâ–ˆâ–ˆâ–ˆâ–Œ                                     | 7/12 [01:03<00:38,  7.69s/it]current final result is:  B. æ±‡ç¥¨çš„å‡ºç¥¨
current final result is:  B
 67%|â–ˆâ–ˆâ–ˆâ–ˆâ–ˆâ–ˆâ–ˆâ–ˆâ–ˆâ–ˆâ–ˆâ–ˆâ–ˆâ–ˆâ–ˆâ–ˆâ–ˆâ–ˆâ–ˆâ–ˆâ–ˆâ–ˆâ–ˆâ–ˆâ–ˆâ–ˆâ–ˆâ–ˆâ–ˆâ–ˆâ–ˆâ–ˆâ–ˆâ–ˆâ–ˆâ–ˆâ–ˆâ–ˆâ–ˆâ–ˆâ–ˆâ–ˆâ–ˆâ–ˆâ–ˆâ–ˆâ–ˆâ–ˆâ–ˆâ–ˆâ–ˆâ–ˆâ–ˆâ–ˆâ–ˆâ–ˆâ–ˆâ–ˆâ–ˆâ–ˆ                              | 8/12 [01:08<00:27,  6.80s/it]current final result is:  D. å¼•è¯ç½ªçŠ¶
current final result is:  B
 75%|â–ˆâ–ˆâ–ˆâ–ˆâ–ˆâ–ˆâ–ˆâ–ˆâ–ˆâ–ˆâ–ˆâ–ˆâ–ˆâ–ˆâ–ˆâ–ˆâ–ˆâ–ˆâ–ˆâ–ˆâ–ˆâ–ˆâ–ˆâ–ˆâ–ˆâ–ˆâ–ˆâ–ˆâ–ˆâ–ˆâ–ˆâ–ˆâ–ˆâ–ˆâ–ˆâ–ˆâ–ˆâ–ˆâ–ˆâ–ˆâ–ˆâ–ˆâ–ˆâ–ˆâ–ˆâ–ˆâ–ˆâ–ˆâ–ˆâ–ˆâ–ˆâ–ˆâ–ˆâ–ˆâ–ˆâ–ˆâ–ˆâ–ˆâ–ˆâ–ˆâ–ˆâ–ˆâ–ˆâ–ˆâ–ˆâ–ˆâ–ˆâ–Œ                      | 9/12 [01:13<00:18,  6.29s/it]current final result is:  A. ç”²ã€ä¹™ã€ä¸™å¯¹äºŽè´§è½¦äº«æœ‰çš„æƒåˆ©ä»½é¢ï¼Œåº”å½“æŒ‰ç…§å‡ºèµ„é¢ç¡®å®š
è§£æžï¼šæ ¹æ®ä¸­å›½ã€Šç‰©æƒæ³•ã€‹çš„ç›¸å…³è§„å®šï¼Œå…±æœ‰äººå¯¹å…±æœ‰ç‰©äº«æœ‰çš„æƒåˆ©ä»½é¢ï¼Œé™¤éžå¦æœ‰çº¦å®šï¼Œä¸€èˆ¬æ˜¯æŒ‰ç…§å„è‡ªçš„å‡ºèµ„æ¯”ä¾‹æ¥ç¡®å®šçš„ã€‚åœ¨è¿™ä¸ªæ¡ˆä¾‹ä¸­ï¼Œç”²ã€ä¹™ã€ä¸™ä¸‰äººåˆ†åˆ«å‡ºèµ„30ä¸‡å…ƒã€30ä¸‡å…ƒã€40ä¸‡å…ƒè´­ä¹°è´§è½¦ï¼Œæ²¡æœ‰å…¶ä»–çº¦å®šï¼Œå› æ­¤ä»–ä»¬å„è‡ªçš„æƒåˆ©ä»½é¢åº”æŒ‰ç…§å‡ºèµ„é¢ï¼ˆå³30ä¸‡ã€30ä¸‡ã€40ä¸‡ï¼‰æ¥ç¡®å®šã€‚é€‰é¡¹Bé”™è¯¯ï¼Œå› ä¸ºæ ¹æ®ã€Šä¾µæƒè´£ä»»æ³•ã€‹ï¼Œåœ¨å‘ç”Ÿäº¤é€šäº‹æ•…æ—¶ï¼ŒåŽŸåˆ™ä¸Šç”±å®žé™…é©¾é©¶äººæ‰¿æ‹…è´£ä»»ï¼Œä½†å¦‚æžœè½¦è¾†æ‰€æœ‰è€…æœ‰è¿‡é”™ï¼Œåˆ™è½¦è¾†æ‰€æœ‰è€…ä¹Ÿè¦æ‰¿æ‹…ç›¸åº”è´£ä»»ã€‚å› æ­¤ï¼Œè¡ŒäººæˆŠå¯ä»¥è¦æ±‚ç”²èµ”å¿æŸå¤±ï¼Œä¹Ÿå¯ä»¥è¦æ±‚è½¦è¾†çš„å…±æœ‰äººä¹™å’Œä¸™æ‰¿æ‹…ç›¸åº”è´£ä»»ã€‚é€‰é¡¹Cé”™è¯¯ï¼Œå› ä¸ºä¸è™½ç„¶ä¸çŸ¥æƒ…ï¼Œä½†ç”²å’Œä¸™æ“…è‡ªè®¾ç«‹æŠµæŠ¼æƒçš„è¡Œä¸ºè¶…è¶Šäº†ä»–ä»¬çš„å¤„åˆ†æƒé™ï¼Œè¯¥æŠµæŠ¼æƒçš„è®¾ç«‹æ˜¯å¦æœ‰æ•ˆå–å†³äºŽä¹™æ˜¯å¦è¿½è®¤ã€‚å¦‚æžœä¹™ä¸è¿½è®¤ï¼Œåˆ™æŠµæŠ¼æƒæ— æ•ˆï¼Œä¸ä¸èƒ½å–„æ„å–å¾—æŠµæŠ¼æƒã€‚
é€‰é¡¹Dé”™è¯¯ï¼Œå› ä¸ºæ ¹æ®ã€Šç‰©æƒæ³•ã€‹ï¼Œå…±æœ‰äººä¹‹é—´å…³äºŽä¸å¾—åˆ†å‰²å…±æœ‰ç‰©çš„çº¦å®šæ˜¯æœ‰æ•ˆçš„ï¼Œé™¤éžå¦æœ‰çº¦å®šæˆ–è€…å…±æœ‰äººåŒæ„åˆ†å‰²ã€‚åœ¨è¿™ä¸ªæ¡ˆä¾‹ä¸­ï¼Œç”²ã€ä¹™ã€ä¸™ä¸‰äººæ˜Žç¡®çº¦å®šäº†3å¹´å†…ä¸å¾—åˆ†å‰²å…±æœ‰ç‰©ï¼Œå› æ­¤ä»–ä»¬ä¸èƒ½éšæ—¶è¯·æ±‚åˆ†å‰²å…±æœ‰ç‰©ã€‚
current final result is:  C. è™å¾…è¢«ç›‘æŠ¤ã€çœ‹æŠ¤äººç½ª
 83%|â–ˆâ–ˆâ–ˆâ–ˆâ–ˆâ–ˆâ–ˆâ–ˆâ–ˆâ–ˆâ–ˆâ–ˆâ–ˆâ–ˆâ–ˆâ–ˆâ–ˆâ–ˆâ–ˆâ–ˆâ–ˆâ–ˆâ–ˆâ–ˆâ–ˆâ–ˆâ–ˆâ–ˆâ–ˆâ–ˆâ–ˆâ–ˆâ–ˆâ–ˆâ–ˆâ–ˆâ–ˆâ–ˆâ–ˆâ–ˆâ–ˆâ–ˆâ–ˆâ–ˆâ–ˆâ–ˆâ–ˆâ–ˆâ–ˆâ–ˆâ–ˆâ–ˆâ–ˆâ–ˆâ–ˆâ–ˆâ–ˆâ–ˆâ–ˆâ–ˆâ–ˆâ–ˆâ–ˆâ–ˆâ–ˆâ–ˆâ–ˆâ–ˆâ–ˆâ–ˆâ–ˆâ–ˆâ–ˆâ–ˆâ–              | 10/12 [01:35<00:22, 11.21s/it]current final result is:  D
current final result is:  A. ä¹™åº”å¯¹ç”²æ‰¿æ‹…ç¼”çº¦è¿‡å¤±è´£ä»»
è§£é‡Šï¼šæ ¹æ®æè¿°ï¼Œä¹™æ•…æ„é€šè¿‡ç¬¬ä¸‰æ–¹ä¸æå‡ºæ›´é«˜çš„æŠ¥ä»·æ¥ç ´åç”²ä¸Žä¸™ä¹‹é—´æ½œåœ¨çš„äº¤æ˜“ï¼Œè¿™å±žäºŽæ¶æ„å¹²é¢„ä»–äººæ­£å½“äº¤æ˜“çš„è¡Œä¸ºã€‚åœ¨æ°‘æ³•é€šåˆ™ä¸­ï¼Œæ­¤ç±»è¡Œä¸ºå¯èƒ½æž„æˆä¸æ­£å½“ç«žäº‰ï¼Œä¸”åœ¨åˆåŒæ³•ä¸­å¯è¢«è§†ä½œç¼”çº¦è¿‡ç¨‹ä¸­çš„è¿‡é”™è¡Œä¸ºã€‚å› æ­¤ï¼Œä¹™å¯¹ç”²æ‰¿æ‹…ç¼”çº¦è¿‡å¤±è´£ä»»æ˜¯åˆç†çš„ã€‚ä¸™å’Œä¸è™½ç„¶å‚ä¸Žäº†è¿‡ç¨‹ï¼Œä½†ä¸™å¹¶ä¸çŸ¥æƒ…ï¼Œè€Œä¸æ˜¯ä½œä¸ºä¹™çš„æŒ‡ä½¿è¡Œäº‹ï¼Œæ‰€ä»¥ä¸»è¦è´£ä»»åº”ç”±ä¹™æ‰¿æ‹…ã€‚
 92%|â–ˆâ–ˆâ–ˆâ–ˆâ–ˆâ–ˆâ–ˆâ–ˆâ–ˆâ–ˆâ–ˆâ–ˆâ–ˆâ–ˆâ–ˆâ–ˆâ–ˆâ–ˆâ–ˆâ–ˆâ–ˆâ–ˆâ–ˆâ–ˆâ–ˆâ–ˆâ–ˆâ–ˆâ–ˆâ–ˆâ–ˆâ–ˆâ–ˆâ–ˆâ–ˆâ–ˆâ–ˆâ–ˆâ–ˆâ–ˆâ–ˆâ–ˆâ–ˆâ–ˆâ–ˆâ–ˆâ–ˆâ–ˆâ–ˆâ–ˆâ–ˆâ–ˆâ–ˆâ–ˆâ–ˆâ–ˆâ–ˆâ–ˆâ–ˆâ–ˆâ–ˆâ–ˆâ–ˆâ–ˆâ–ˆâ–ˆâ–ˆâ–ˆâ–ˆâ–ˆâ–ˆâ–ˆâ–ˆâ–ˆâ–ˆâ–ˆâ–ˆâ–ˆâ–ˆâ–ˆâ–ˆâ–Œ       | 11/12 [01:51<00:12, 12.67s/it]current final result is:  D. å¦‚ä¹™æ¸…å¿10ä¸‡å…ƒå€ºåŠ¡ï¼Œåˆ™äº«æœ‰å¯¹æˆŠçš„æ±‚å¿æƒ
è§£æžï¼šæ ¹æ®å€ºæƒè½¬è®©çš„è§„å®šï¼Œç”²å°†å€ºæƒè½¬è®©ç»™ä¸™ï¼Œä¸™å†è½¬è®©ç»™ä¸ï¼Œå³ä½¿å€ºåŠ¡äººä¹™ä¸çŸ¥æƒ…ï¼Œè¿™äº›è½¬è®©è¡Œä¸ºéƒ½æ˜¯æœ‰æ•ˆçš„ï¼Œåªè¦è½¬è®©ç¬¦åˆæ³•å¾‹è§„å®šçš„ç¨‹åºã€‚å› æ­¤ï¼Œé€‰é¡¹Aå’ŒBéƒ½æ˜¯é”™è¯¯çš„ã€‚
å…³äºŽå€ºåŠ¡è½¬ç§»ï¼Œå¦‚æžœå€ºæƒäººç”²åŒæ„ä¹™å°†å€ºåŠ¡è½¬è®©ç»™æˆŠï¼Œé‚£ä¹ˆè¯¥è½¬è®©æ˜¯æœ‰æ•ˆçš„ã€‚å› æ­¤ï¼Œé€‰é¡¹Cä¹Ÿæ˜¯é”™è¯¯çš„ã€‚æœ€åŽï¼Œå¦‚æžœä¹™æ¸…å¿äº†10ä¸‡å…ƒå€ºåŠ¡ï¼Œç”±äºŽå€ºåŠ¡å·²ç»è½¬ç§»ç»™äº†æˆŠï¼Œä¹™å¯ä»¥å‘æˆŠè¿½å¿å·²æ”¯ä»˜çš„æ¬¾é¡¹ã€‚å› æ­¤ï¼Œé€‰é¡¹Dæ˜¯æ­£ç¡®çš„ã€‚
current final result is:  C. ç«‹æ¡ˆã€ä¾¦æŸ¥ã€èµ·è¯‰å’Œå®¡åˆ¤è¿‡ç¨‹ä¸­
100%|â–ˆâ–ˆâ–ˆâ–ˆâ–ˆâ–ˆâ–ˆâ–ˆâ–ˆâ–ˆâ–ˆâ–ˆâ–ˆâ–ˆâ–ˆâ–ˆâ–ˆâ–ˆâ–ˆâ–ˆâ–ˆâ–ˆâ–ˆâ–ˆâ–ˆâ–ˆâ–ˆâ–ˆâ–ˆâ–ˆâ–ˆâ–ˆâ–ˆâ–ˆâ–ˆâ–ˆâ–ˆâ–ˆâ–ˆâ–ˆâ–ˆâ–ˆâ–ˆâ–ˆâ–ˆâ–ˆâ–ˆâ–ˆâ–ˆâ–ˆâ–ˆâ–ˆâ–ˆâ–ˆâ–ˆâ–ˆâ–ˆâ–ˆâ–ˆâ–ˆâ–ˆâ–ˆâ–ˆâ–ˆâ–ˆâ–ˆâ–ˆâ–ˆâ–ˆâ–ˆâ–ˆâ–ˆâ–ˆâ–ˆâ–ˆâ–ˆâ–ˆâ–ˆâ–ˆâ–ˆâ–ˆâ–ˆâ–ˆâ–ˆâ–ˆâ–ˆâ–ˆâ–ˆâ–ˆ| 12/12 [02:12<00:00, 15.22s/it]100%|â–ˆâ–ˆâ–ˆâ–ˆâ–ˆâ–ˆâ–ˆâ–ˆâ–ˆâ–ˆâ–ˆâ–ˆâ–ˆâ–ˆâ–ˆâ–ˆâ–ˆâ–ˆâ–ˆâ–ˆâ–ˆâ–ˆâ–ˆâ–ˆâ–ˆâ–ˆâ–ˆâ–ˆâ–ˆâ–ˆâ–ˆâ–ˆâ–ˆâ–ˆâ–ˆâ–ˆâ–ˆâ–ˆâ–ˆâ–ˆâ–ˆâ–ˆâ–ˆâ–ˆâ–ˆâ–ˆâ–ˆâ–ˆâ–ˆâ–ˆâ–ˆâ–ˆâ–ˆâ–ˆâ–ˆâ–ˆâ–ˆâ–ˆâ–ˆâ–ˆâ–ˆâ–ˆâ–ˆâ–ˆâ–ˆâ–ˆâ–ˆâ–ˆâ–ˆâ–ˆâ–ˆâ–ˆâ–ˆâ–ˆâ–ˆâ–ˆâ–ˆâ–ˆâ–ˆâ–ˆâ–ˆâ–ˆâ–ˆâ–ˆâ–ˆâ–ˆâ–ˆâ–ˆâ–ˆ| 12/12 [02:12<00:00, 11.05s/it]
05/28 17:58:15 - OpenCompass - [4m[97mINFO[0m - time elapsed: 132.60s
