05/28 17:53:47 - OpenCompass - [4m[97mINFO[0m - Task [Spark-v1-1/ceval-middle_school_politics]
05/28 17:53:47 - OpenCompass - [4m[97mINFO[0m - Start inferencing [Spark-v1-1/ceval-middle_school_politics]
  0%|                                                                                                  | 0/21 [00:00<?, ?it/s]100%|â–ˆâ–ˆâ–ˆâ–ˆâ–ˆâ–ˆâ–ˆâ–ˆâ–ˆâ–ˆâ–ˆâ–ˆâ–ˆâ–ˆâ–ˆâ–ˆâ–ˆâ–ˆâ–ˆâ–ˆâ–ˆâ–ˆâ–ˆâ–ˆâ–ˆâ–ˆâ–ˆâ–ˆâ–ˆâ–ˆâ–ˆâ–ˆâ–ˆâ–ˆâ–ˆâ–ˆâ–ˆâ–ˆâ–ˆâ–ˆâ–ˆâ–ˆâ–ˆâ–ˆâ–ˆâ–ˆâ–ˆâ–ˆâ–ˆâ–ˆâ–ˆâ–ˆâ–ˆâ–ˆâ–ˆâ–ˆâ–ˆâ–ˆâ–ˆâ–ˆâ–ˆâ–ˆâ–ˆâ–ˆâ–ˆâ–ˆâ–ˆâ–ˆâ–ˆâ–ˆâ–ˆâ–ˆâ–ˆâ–ˆâ–ˆâ–ˆâ–ˆâ–ˆâ–ˆâ–ˆâ–ˆâ–ˆâ–ˆâ–ˆâ–ˆâ–ˆâ–ˆâ–ˆâ–ˆâ–ˆâ–ˆâ–ˆâ–ˆâ–ˆâ–ˆâ–ˆâ–ˆ| 21/21 [00:00<?, ?it/s]
[2024-05-28 17:53:47,378] [opencompass.openicl.icl_inferencer.icl_gen_inferencer] [INFO] Starting inference process...
  0%|                                                                                                  | 0/11 [00:00<?, ?it/s]current final result is:  B. â‘ â‘¡â‘£
current final result is:  C. â‘¡â‘£
  9%|â–ˆâ–ˆâ–ˆâ–ˆâ–ˆâ–ˆâ–ˆâ–ˆâ–                                                                                 | 1/11 [00:05<00:53,  5.30s/it]current final result is:  A. â‘ â‘¡è§£æžï¼šå¸‚åœºåœ¨èµ„æºé…ç½®ä¸­èµ·å†³å®šæ€§ä½œç”¨çš„åŽŸå› åœ¨äºŽï¼Œå¸‚åœºç»æµŽä½“åˆ¶ä¸‹ï¼Œé€šè¿‡ä¾›æ±‚å…³ç³»å’Œä»·æ ¼æœºåˆ¶èƒ½å¤Ÿç›¸å¯¹æœ‰æ•ˆåœ°æŒ‡å¯¼èµ„æºçš„æµåŠ¨ä¸Žåˆ†é…ï¼Œä»Žè€Œä¿æŒç»æµŽå‘å±•çš„æ´»åŠ›ï¼ˆâ‘ ï¼‰ï¼Œå¹¶ä¸”é€šå¸¸è®¤ä¸ºå¸‚åœºé…ç½®èµ„æºæ˜¯æœ€æœ‰æ•ˆçŽ‡çš„å½¢å¼ï¼ˆâ‘¡ï¼‰ã€‚è€Œæ”¿åºœå±¥è¡ŒèŒèƒ½ä¿æŒå®è§‚ç»æµŽç¨³å®šï¼ˆâ‘¢ï¼‰ä»¥åŠåŠ å¼ºå’Œä¼˜åŒ–å…¬å…±æœåŠ¡ä¿ƒè¿›å…±åŒå¯Œè£•ï¼ˆâ‘£ï¼‰è™½ç„¶æ˜¯æ”¿åºœå¹²é¢„å¸‚åœºçš„é‡è¦ç›®çš„å’Œæ‰‹æ®µï¼Œä½†å¹¶ä¸æ˜¯è®©å¸‚åœºåœ¨èµ„æºé…ç½®ä¸­èµ·å†³å®šæ€§ä½œç”¨çš„åŽŸå› ã€‚å› æ­¤ï¼Œæ­£ç¡®ç­”æ¡ˆæ˜¯ A. â‘ â‘¡ã€‚
current final result is:  B
 18%|â–ˆâ–ˆâ–ˆâ–ˆâ–ˆâ–ˆâ–ˆâ–ˆâ–ˆâ–ˆâ–ˆâ–ˆâ–ˆâ–ˆâ–ˆâ–ˆâ–Ž                                                                         | 2/11 [00:16<01:20,  8.89s/it]current final result is:  A. å›½æœ‰ç»æµŽæ˜¯å›½æ°‘ç»æµŽçš„ä¸»å¯¼åŠ›é‡
current final result is:  C. å¯¹è¯äº¤æµæˆä¸ºå½“ä»Šå›½é™…ç¤¾ä¼šå‘å±•å‹å¥½å…³ç³»ã€è§£å†³å›½é™…äº‰ç«¯ã€ä¿ƒè¿›åˆä½œçš„ä¸»è¦æ–¹å¼
 27%|â–ˆâ–ˆâ–ˆâ–ˆâ–ˆâ–ˆâ–ˆâ–ˆâ–ˆâ–ˆâ–ˆâ–ˆâ–ˆâ–ˆâ–ˆâ–ˆâ–ˆâ–ˆâ–ˆâ–ˆâ–ˆâ–ˆâ–ˆâ–ˆâ–Œ                                                                 | 3/11 [00:33<01:38, 12.28s/it]current final result is:  A
current final result is:  D. è¡Œæ”¿è¿æ³•è¡Œä¸ºï¼Œæ°‘äº‹è¿æ³•è¡Œä¸ºã€åˆ‘äº‹è¿æ³•è¡Œä¸º
 36%|â–ˆâ–ˆâ–ˆâ–ˆâ–ˆâ–ˆâ–ˆâ–ˆâ–ˆâ–ˆâ–ˆâ–ˆâ–ˆâ–ˆâ–ˆâ–ˆâ–ˆâ–ˆâ–ˆâ–ˆâ–ˆâ–ˆâ–ˆâ–ˆâ–ˆâ–ˆâ–ˆâ–ˆâ–ˆâ–ˆâ–ˆâ–ˆâ–‹                                                         | 4/11 [00:38<01:06,  9.44s/it]current final result is:  B. â‘ â‘¢
current final result is:  C. â‘¡â‘¢â‘£
 45%|â–ˆâ–ˆâ–ˆâ–ˆâ–ˆâ–ˆâ–ˆâ–ˆâ–ˆâ–ˆâ–ˆâ–ˆâ–ˆâ–ˆâ–ˆâ–ˆâ–ˆâ–ˆâ–ˆâ–ˆâ–ˆâ–ˆâ–ˆâ–ˆâ–ˆâ–ˆâ–ˆâ–ˆâ–ˆâ–ˆâ–ˆâ–ˆâ–ˆâ–ˆâ–ˆâ–ˆâ–ˆâ–ˆâ–ˆâ–ˆâ–‰                                                 | 5/11 [00:44<00:49,  8.21s/it]current final result is:  A. å°å®å¤«å¦»ç»è¥çš„å°é¤é¦†
current final result is:  D
 55%|â–ˆâ–ˆâ–ˆâ–ˆâ–ˆâ–ˆâ–ˆâ–ˆâ–ˆâ–ˆâ–ˆâ–ˆâ–ˆâ–ˆâ–ˆâ–ˆâ–ˆâ–ˆâ–ˆâ–ˆâ–ˆâ–ˆâ–ˆâ–ˆâ–ˆâ–ˆâ–ˆâ–ˆâ–ˆâ–ˆâ–ˆâ–ˆâ–ˆâ–ˆâ–ˆâ–ˆâ–ˆâ–ˆâ–ˆâ–ˆâ–ˆâ–ˆâ–ˆâ–ˆâ–ˆâ–ˆâ–ˆâ–ˆâ–ˆ                                         | 6/11 [00:49<00:35,  7.20s/it]current final result is:  D
current final result is:  B. â‘ â‘¢è§£æžï¼šâ‘  ç”Ÿç‰©å®‰å…¨æ¶‰åŠå›½å®¶é‡è¦åˆ©ç›Šï¼šè¿™æ˜¯æ­£ç¡®çš„ï¼Œå› ä¸ºç”Ÿç‰©å®‰å…¨ç›´æŽ¥å…³ç³»åˆ°å›½å®¶çš„å…¬å…±å«ç”Ÿã€å†œä¸šå®‰å…¨ã€ç”Ÿæ€çŽ¯å¢ƒç­‰å¤šä¸ªæ–¹é¢ï¼Œæ˜¯å›½å®¶é‡è¦çš„æˆ˜ç•¥é—®é¢˜ã€‚â‘¡ ä¿éšœç”Ÿç‰©å®‰å…¨å°±èƒ½å®žçŽ°å›½å®¶å®‰å…¨ï¼šè¿™ç§è¯´æ³•è¿‡äºŽç»å¯¹ï¼Œè™½ç„¶ç”Ÿç‰©å®‰å…¨æ˜¯å›½å®¶å®‰å…¨çš„é‡è¦ç»„æˆéƒ¨åˆ†ï¼Œä½†å›½å®¶å®‰å…¨è¿˜åŒ…æ‹¬å…¶ä»–æ–¹é¢ï¼Œå¦‚å†›äº‹å®‰å…¨ã€æ”¿æ²»å®‰å…¨ã€ç»æµŽå®‰å…¨ç­‰ã€‚â‘¢ ç”Ÿç‰©å®‰å…¨å…³ç³»äººæ°‘å¹¸ç¦å®‰åº·ï¼šè¿™æ˜¯æ­£ç¡®çš„ï¼Œç”Ÿç‰©å®‰å…¨é—®é¢˜å¯èƒ½å¯¼è‡´ç–«æƒ…çˆ†å‘ã€é£Ÿå“å®‰å…¨äº‹ä»¶ç­‰ï¼Œç›´æŽ¥å½±å“åˆ°äººæ°‘çš„å¥åº·å’Œç”Ÿæ´»è´¨é‡ã€‚â‘£ ç”Ÿç‰©å®‰å…¨é—®é¢˜åªå¯¹ç»æµŽé€ æˆå±å®³ï¼šè¿™ç§è¯´æ³•æ˜¯é”™è¯¯çš„ï¼Œç”Ÿç‰©å®‰å…¨é—®é¢˜ä¸ä»…å¯èƒ½å¯¹ç»æµŽé€ æˆå±å®³ï¼Œè¿˜å¯èƒ½å¯¹äººæ°‘çš„ç”Ÿå‘½å¥åº·ã€ç¤¾ä¼šç¨³å®šç­‰æ–¹é¢é€ æˆä¸¥é‡å½±å“ã€‚
 64%|â–ˆâ–ˆâ–ˆâ–ˆâ–ˆâ–ˆâ–ˆâ–ˆâ–ˆâ–ˆâ–ˆâ–ˆâ–ˆâ–ˆâ–ˆâ–ˆâ–ˆâ–ˆâ–ˆâ–ˆâ–ˆâ–ˆâ–ˆâ–ˆâ–ˆâ–ˆâ–ˆâ–ˆâ–ˆâ–ˆâ–ˆâ–ˆâ–ˆâ–ˆâ–ˆâ–ˆâ–ˆâ–ˆâ–ˆâ–ˆâ–ˆâ–ˆâ–ˆâ–ˆâ–ˆâ–ˆâ–ˆâ–ˆâ–ˆâ–ˆâ–ˆâ–ˆâ–ˆâ–ˆâ–ˆâ–ˆâ–ˆâ–Ž                                | 7/11 [01:02<00:35,  8.99s/it]current final result is:  C. è¦å…³å¿ƒç¤¾ä¼šå‘å±•ï¼Œå…³æ³¨å›½å®¶å¤§äº‹
current final result is:  C. 6%-6.5%
 73%|â–ˆâ–ˆâ–ˆâ–ˆâ–ˆâ–ˆâ–ˆâ–ˆâ–ˆâ–ˆâ–ˆâ–ˆâ–ˆâ–ˆâ–ˆâ–ˆâ–ˆâ–ˆâ–ˆâ–ˆâ–ˆâ–ˆâ–ˆâ–ˆâ–ˆâ–ˆâ–ˆâ–ˆâ–ˆâ–ˆâ–ˆâ–ˆâ–ˆâ–ˆâ–ˆâ–ˆâ–ˆâ–ˆâ–ˆâ–ˆâ–ˆâ–ˆâ–ˆâ–ˆâ–ˆâ–ˆâ–ˆâ–ˆâ–ˆâ–ˆâ–ˆâ–ˆâ–ˆâ–ˆâ–ˆâ–ˆâ–ˆâ–ˆâ–ˆâ–ˆâ–ˆâ–ˆâ–ˆâ–ˆâ–ˆâ–                        | 8/11 [01:08<00:24,  8.10s/it]current final result is:  A. â‘ â‘¡â‘¢
current final result is:  A. å‘å±•è´¨é‡
 82%|â–ˆâ–ˆâ–ˆâ–ˆâ–ˆâ–ˆâ–ˆâ–ˆâ–ˆâ–ˆâ–ˆâ–ˆâ–ˆâ–ˆâ–ˆâ–ˆâ–ˆâ–ˆâ–ˆâ–ˆâ–ˆâ–ˆâ–ˆâ–ˆâ–ˆâ–ˆâ–ˆâ–ˆâ–ˆâ–ˆâ–ˆâ–ˆâ–ˆâ–ˆâ–ˆâ–ˆâ–ˆâ–ˆâ–ˆâ–ˆâ–ˆâ–ˆâ–ˆâ–ˆâ–ˆâ–ˆâ–ˆâ–ˆâ–ˆâ–ˆâ–ˆâ–ˆâ–ˆâ–ˆâ–ˆâ–ˆâ–ˆâ–ˆâ–ˆâ–ˆâ–ˆâ–ˆâ–ˆâ–ˆâ–ˆâ–ˆâ–ˆâ–ˆâ–ˆâ–ˆâ–ˆâ–ˆâ–ˆâ–‹                | 9/11 [01:12<00:13,  6.98s/it]current final result is:  B. å…¨å›½äººæ°‘ä»£è¡¨å¤§ä¼šå’Œä¸­å›½äººæ°‘æ”¿æ²»åå•†ä¼šè®®
current final result is:  B. ä¿è¯äººæ°‘å½“å®¶ä½œä¸»
 91%|â–ˆâ–ˆâ–ˆâ–ˆâ–ˆâ–ˆâ–ˆâ–ˆâ–ˆâ–ˆâ–ˆâ–ˆâ–ˆâ–ˆâ–ˆâ–ˆâ–ˆâ–ˆâ–ˆâ–ˆâ–ˆâ–ˆâ–ˆâ–ˆâ–ˆâ–ˆâ–ˆâ–ˆâ–ˆâ–ˆâ–ˆâ–ˆâ–ˆâ–ˆâ–ˆâ–ˆâ–ˆâ–ˆâ–ˆâ–ˆâ–ˆâ–ˆâ–ˆâ–ˆâ–ˆâ–ˆâ–ˆâ–ˆâ–ˆâ–ˆâ–ˆâ–ˆâ–ˆâ–ˆâ–ˆâ–ˆâ–ˆâ–ˆâ–ˆâ–ˆâ–ˆâ–ˆâ–ˆâ–ˆâ–ˆâ–ˆâ–ˆâ–ˆâ–ˆâ–ˆâ–ˆâ–ˆâ–ˆâ–ˆâ–ˆâ–ˆâ–ˆâ–ˆâ–ˆâ–ˆâ–‰        | 10/11 [01:17<00:06,  6.32s/it]current final result is:  C. äººæ°‘å¹¸ç¦
100%|â–ˆâ–ˆâ–ˆâ–ˆâ–ˆâ–ˆâ–ˆâ–ˆâ–ˆâ–ˆâ–ˆâ–ˆâ–ˆâ–ˆâ–ˆâ–ˆâ–ˆâ–ˆâ–ˆâ–ˆâ–ˆâ–ˆâ–ˆâ–ˆâ–ˆâ–ˆâ–ˆâ–ˆâ–ˆâ–ˆâ–ˆâ–ˆâ–ˆâ–ˆâ–ˆâ–ˆâ–ˆâ–ˆâ–ˆâ–ˆâ–ˆâ–ˆâ–ˆâ–ˆâ–ˆâ–ˆâ–ˆâ–ˆâ–ˆâ–ˆâ–ˆâ–ˆâ–ˆâ–ˆâ–ˆâ–ˆâ–ˆâ–ˆâ–ˆâ–ˆâ–ˆâ–ˆâ–ˆâ–ˆâ–ˆâ–ˆâ–ˆâ–ˆâ–ˆâ–ˆâ–ˆâ–ˆâ–ˆâ–ˆâ–ˆâ–ˆâ–ˆâ–ˆâ–ˆâ–ˆâ–ˆâ–ˆâ–ˆâ–ˆâ–ˆâ–ˆâ–ˆâ–ˆâ–ˆ| 11/11 [01:19<00:00,  5.10s/it]100%|â–ˆâ–ˆâ–ˆâ–ˆâ–ˆâ–ˆâ–ˆâ–ˆâ–ˆâ–ˆâ–ˆâ–ˆâ–ˆâ–ˆâ–ˆâ–ˆâ–ˆâ–ˆâ–ˆâ–ˆâ–ˆâ–ˆâ–ˆâ–ˆâ–ˆâ–ˆâ–ˆâ–ˆâ–ˆâ–ˆâ–ˆâ–ˆâ–ˆâ–ˆâ–ˆâ–ˆâ–ˆâ–ˆâ–ˆâ–ˆâ–ˆâ–ˆâ–ˆâ–ˆâ–ˆâ–ˆâ–ˆâ–ˆâ–ˆâ–ˆâ–ˆâ–ˆâ–ˆâ–ˆâ–ˆâ–ˆâ–ˆâ–ˆâ–ˆâ–ˆâ–ˆâ–ˆâ–ˆâ–ˆâ–ˆâ–ˆâ–ˆâ–ˆâ–ˆâ–ˆâ–ˆâ–ˆâ–ˆâ–ˆâ–ˆâ–ˆâ–ˆâ–ˆâ–ˆâ–ˆâ–ˆâ–ˆâ–ˆâ–ˆâ–ˆâ–ˆâ–ˆâ–ˆâ–ˆ| 11/11 [01:19<00:00,  7.27s/it]
05/28 17:55:07 - OpenCompass - [4m[97mINFO[0m - time elapsed: 79.98s
