05/28 17:55:59 - OpenCompass - [4m[97mINFO[0m - Task [Spark-v1-1/ceval-logic]
05/28 17:55:59 - OpenCompass - [4m[97mINFO[0m - Start inferencing [Spark-v1-1/ceval-logic]
  0%|                                                                                                  | 0/22 [00:00<?, ?it/s]100%|█████████████████████████████████████████████████████████████████████████████████████████████████| 22/22 [00:00<?, ?it/s]
[2024-05-28 17:55:59,318] [opencompass.openicl.icl_inferencer.icl_gen_inferencer] [INFO] Starting inference process...
  0%|                                                                                                  | 0/11 [00:00<?, ?it/s]current final result is:  C. 有规律的锻炼可以减少心脏病发病率并使人的精力更加充沛。
选项C直接支持了上述论证，即提供健身等服务项目有益于员工个人健康和增加生产力。如果有规律的锻炼确实可以减少心脏病发病率并使人精力更充沛，那么公司提供的健身服务就有助于提高员工的健康状况，进而可能提升他们的工作表现和降低健康保险费用，符合论证的逻辑链条。
current final result is:  C. 实行该规则，没有候选人可能被提名。
解析：根据题干描述的规则，“如果候选人多于一个，那么候选人必须同意被提名，并且在表态之前，必须被告之其他的候选人是谁。” 但紧接着的条件是，“只有当候选人同意被提名后才能知道实际的候选人是谁。” 这意味着在候选人同意之前，他们无法得知其他候选人的信息。由于规则要求在表态（即同意被提名）之前就要知道其他候选人是谁，这就形成了逻辑上的矛盾。因此，在这个规则下，实际上不可能有人成为候选人，因为候选人的知情权和同意权相互矛盾，导致规则无法实施。所以选项C是正确的评价。
  9%|████████▏                                                                                 | 1/11 [00:21<03:36, 21.63s/it]current final result is:  D. 上述改革措施在增加公务员幸福感总量的同时，减少了S市全体社会成员的幸福感总量。
current final result is:  首先，我们可以根据题目中的信息进行一些基本的计算。
1. 该市常住外来人口440万，G区和H区的常住外来人口合计是200万，占全市常住外来人口的45%以上，即：   200万 / 440万 >= 45%   这意味着其他所有区的常住外来人口合计是240万（440万 - 200万）。
2. G区和H区的户籍人口数量可以通过从各区的常住人口中减去外来人口来计算得出：   - G区户籍人口 = G区常住人口 - G区常住外来人口   - H区户籍人口 = H区常住人口 - H区常住外来人口由于题目没有给出每个区外来人口的具体分布，我们不能直接计算出G区和H区各自的户籍人口数。但是，我们可以做一些逻辑推断：
- 如果G区的常住外来人口多于H区，那么G区的户籍人口会少于H区。- 如果H区的常住外来人口多于G区，那么H区的户籍人口会少于G区。
现在让我们检查选项：A. 该市G区的户籍人口比H区的常住外来人口多。这个说法无法验证，因为我们不知道G区和H区各自外来人口的数量。B. 该市H区的户籍人口比G区的常住外来人口多。这个说法也无法验证，理由同上。C. 该市H区的户籍人口比H区的常住外来人口多。这个说法可能是正确的，但没有足够的信息来证实它。D. 该市G区的户籍人口比G区的常住外来人口多。这个说法可能是正确的，但同样地，我们没有足够的信息来证实它。
因此，根据给出的信息，我们无法确定上述哪个选项是正确的。我们需要额外的信息来确定每个区域外来人口的具体分布情况。如果必须选择一个答案，我们只能猜测或假设某些条件，但这将不是基于逻辑推理得出的结论。
 18%|████████████████▎                                                                         | 2/11 [01:00<04:45, 31.71s/it]current final result is:  B
current final result is:  C
 27%|████████████████████████▌                                                                 | 3/11 [01:05<02:37, 19.65s/it]current final result is:  李老师的话是“并非丽丽考上了清华大学并且明明没有考上南京大学。”这句话的逻辑结构是“非(A且B)”，根据逻辑学的德摩根定律，这句话等价于“非A或非B”，即“丽丽没有考上清华大学或明明考上了南京大学”。
现在我们来看选项：
Ⅰ．丽丽考上了清华大学，明明考上了南京大学。这个选项与李老师的话矛盾，因为这里说的是丽丽考上了清华，而李老师说的是丽丽没有考上清华或明明考上了南京大学。Ⅱ．丽丽没考上清华大学，明明没考上南京大学。这个选项符合李老师的话中的“非A”部分，因为它表明丽丽没有考上清华。
Ⅲ．丽丽没考上清华大学，明明考上了南京大学。这个选项也符合李老师的话，因为它满足了“非A或非B”中的“非B”部分。
Ⅳ．丽丽考上了清华大学，明明没有考上南京大学。这个选项与李老师的话矛盾，因为它表明明明没有考上南京大学，而我们要找的是满足“非A或非B”的情况。
因此，可能为真的选项是Ⅱ、Ⅲ，对应答案为：
B. 仅Ⅱ和Ⅲ。
current final result is:  让我们根据给出的信息来分析每件商品的位置：
1. 肉松后面紧跟着蛋糕。2. 酸奶后面接着放的是饼干。3. 可口可乐汽水紧跟在水果汁后面。4. 方便面后面紧跟着酸奶。5. 肉松和饼干之间有两件商品。6. 方便面和水果汁之间有两件商品。7. 最后放上去的是一只蛋糕。
首先，我们知道最后一个商品是蛋糕，结合信息1，我们可以知道倒数第二个商品是肉松。因此，可以排除选项Ⅲ，因为如果汽水在中间，蛋糕就不可能在最后（因为中间的定义是四个商品中的位置，而这里总共有七个商品）。
接下来，由于方便面后面紧跟着酸奶，且酸奶后面是饼干，这意味着方便面、酸奶和饼干必须连续放置。同时，我们知道肉松和饼干之间隔了两个商品，所以方便面、酸奶和饼干不能放在前三个位置上，否则无法满足肉松与饼干之间有两个商品的条件。因此，这三者的组合只能放在第四个位置开始的三个连续位置上。这样，方便面不能放在第一个位置上，排除Ⅱ。
现在考虑水果汁和汽水的顺序，我们知道它们也是连续放置的，并且方便面和水果汁之间隔了两个商品。既然方便面在第四个位置上，那么水果汁只能在第七个位置上（因为第六个位置是酸奶），这正好满足了条件6。由此可知，水果汁在倒数第三位。
综合以上信息，我们可以确定商品的排列顺序如下：未知-未知-未知-方便面-酸奶-饼干-水果汁-未知-肉松-蛋糕。其中“未知”代表我们尚未确定的商品。
因此，只有Ⅰ是正确的。正确答案是：
A. 只有Ⅰ。
 36%|████████████████████████████████▋                                                         | 4/11 [01:55<03:42, 31.72s/it]current final result is:  B
current final result is:  B
 45%|████████████████████████████████████████▉                                                 | 5/11 [02:01<02:13, 22.32s/it]current final result is:  C. 核电站如果持续运作，那么发生核泄漏严重事故几乎是不可避免的。
current final result is:  A
 55%|█████████████████████████████████████████████████                                         | 6/11 [02:07<01:24, 16.86s/it]current final result is:  B. 班长和学习委员都及格了。
current final result is:  D. 投入市场的影片中，大部分是中小投资的影片。
 64%|█████████████████████████████████████████████████████████▎                                | 7/11 [02:14<00:54, 13.58s/it]current final result is:  B. 使用了不相关的事实来证明一个关于产品质量的断定。
current final result is:  A. 液体没有颗粒状的微观结构。
这个选项最有可能从上述议论中推出，因为议论中提到金属由于具有颗粒状的微观结构在深海高压下容易断裂，而玻璃则因为其在一定压力下可以流动的性质（暗示它没有颗粒状的微观结构）被视为液体，所以不会像金属那样断裂。其他选项B、C和D都没有直接从原文中的议论推导出来。
 73%|█████████████████████████████████████████████████████████████████▍                        | 8/11 [02:25<00:38, 12.71s/it]current final result is:  C. 如果不建立责任追究制度，就不能为生态文明建设提供可靠保障。
current final result is:  D. 除了四川外，其他省份也可以提供蜜橘。
 82%|█████████████████████████████████████████████████████████████████████████▋                | 9/11 [02:31<00:21, 10.60s/it]current final result is:  C. 小王本来基础好并且能不断努力，但也可能比别人更晚取得成功。根据李教授的陈述，如果一个人基础好并且不断努力，那么他应该能够更早取得成功。因此，选项C与李教授的陈述相矛盾，一定为假。其他选项并不直接违反李教授的逻辑。
current final result is:  D. 违背默认的承诺有时要比违背表达的承诺更不好。解析：老师认为，在人际交往中存在一个默认的承诺，即说真话。这个默认承诺被视为是根本的，以至于其他任何形式的明确承诺（比如保密的承诺）在它面前都显得次要。因此，如果违背了这个默认的、不言而喻的承诺（即说真话），那么在某些情况下可能比违背一个明确表达的承诺（如保密的承诺）更为严重。这是为了强调真实性的重要性，并解释为什么在这种情况下老师期望大明打破他之前给出的保密承诺。
 91%|████████████████████████████████████████████████████████████████████████████████▉        | 10/11 [02:52<00:13, 13.77s/it]current final result is:  D. 甲被宣判为无罪。解析：根据(3)，甲被指控的犯罪活动只可能由一个人独立完成。而根据(2)，乙的证词说明他自己实际上也参加了甲的犯罪活动。这就产生了矛盾，因为如果乙确实参与了犯罪，那么甲就不可能是唯一的犯罪者。因此，乙的证词不可信，不能作为判罪的依据。所以，最可能的审判结果是甲被宣判为无罪。
current final result is:  D. 仅仅Ⅰ和Ⅱ。
100%|█████████████████████████████████████████████████████████████████████████████████████████| 11/11 [03:06<00:00, 14.00s/it]100%|█████████████████████████████████████████████████████████████████████████████████████████| 11/11 [03:06<00:00, 16.99s/it]
05/28 17:59:06 - OpenCompass - [4m[97mINFO[0m - time elapsed: 186.89s
