05/28 17:05:59 - OpenCompass - [4m[97mINFO[0m - Task [Spark-v1-1/ceval-college_physics]
05/28 17:05:59 - OpenCompass - [4m[97mINFO[0m - Start inferencing [Spark-v1-1/ceval-college_physics]
  0%|                                                                                                  | 0/19 [00:00<?, ?it/s]100%|█████████████████████████████████████████████████████████████████████████████████████████████████| 19/19 [00:00<?, ?it/s]
[2024-05-28 17:05:59,868] [opencompass.openicl.icl_inferencer.icl_gen_inferencer] [INFO] Starting inference process...
  0%|                                                                                                  | 0/10 [00:00<?, ?it/s]current final result is:  C. 4倍解释：当α粒子（即氦原子核，含有2个质子和2个中子）在加速器中被加速时，它的动能增加。根据相对论，一个粒子的总能量E由下面的方程给出：\[ E = \gamma mc^2 \]
其中，\( m \)是粒子的静止质量，\( c \)是光速，而Lorentz因子\(\gamma\)定义为：
\[ \gamma = \frac{1}{\sqrt{1 - (v^2 / c^2)}} \]
这里，\( v \)是粒子的速度。静止能量（也就是粒子的固有能量）是\( mc^2 \)。当粒子运动时，其总能量包括静止能量和动能。
题目指出当α粒子的质量为静止质量的3倍时，我们可以理解为此时的总能量是静止能量的3倍。因此，动能（总能量减去静止能量）必然是静止能量的2倍，因为3倍的总能量减去1倍的静止能量等于2倍的动能。所以正确答案是A. 2倍。
current final result is:  C. F/2
 10%|█████████                                                                                 | 1/10 [00:18<02:45, 18.33s/it]current final result is:  C. 干涉条纹的间距不变，但原极小处的强度不再为零
current final result is:  C. ν_2=2ν_1-ν_0
 20%|██████████████████                                                                        | 2/10 [00:21<01:15,  9.44s/it]current final result is:  C. $n$相同，($E_K/V$)相同，$\rho$不同
理想气体状态方程为$PV=nRT$，其中$P$是压强，$V$是体积，$n$是摩尔数，$R$是理想气体常数，$T$是温度。对于两瓶不同种类的理想气体，它们的温度和压强都相同，因此单位体积内的气体分子数$n$（即摩尔数除以体积）也相同。由于温度相同，根据动能公式，单位体积内的气体分子的总平动动能($E_K/V$)也相同。但是不同种类的气体分子质量可能不同，所以单位体积内的气体质量$\rho$（密度）可能不同。
current final result is:  D. 1/4
 30%|███████████████████████████                                                               | 3/10 [00:31<01:08,  9.83s/it]current final result is:  A. 间隔变小，并向棱边方向平移
current final result is:  C. λD/(2d)
 40%|████████████████████████████████████                                                      | 4/10 [00:35<00:45,  7.56s/it]current final result is:  B
current final result is:  B. E1 = E2，U1 > U2
解释：带正电的导体球壳在外部产生的电场与球壳内部是否填充电介质无关。因此，两种情况下球壳外部一点的电场强度E1和E2是相等的。这是由于高斯定律指出，闭合曲面通过的电通量仅取决于该闭合曲面内部的净电荷，与内部的介质无关。
然而，当球壳内充满电介质时，电介质会极化并产生感生电矩，这会降低球壳内部的电势。因此，相对于内部为真空的情况，球壳内充满电介质时，球壳外部的电势U1会更高。这是因为在有电介质的情况下，球壳内的电场被极化的电介质部分抵消了，导致球壳内表面电荷对外部空间的电势贡献相对减小，而球壳外表面的电荷对外部空间的电势贡献不变。所以，U1 > U2。
 50%|█████████████████████████████████████████████                                             | 5/10 [00:54<00:57, 11.52s/it]current final result is:  B. 使电容减小，且与金属板相对极板的位置有关
current final result is:  C. λ/2
 60%|██████████████████████████████████████████████████████                                    | 6/10 [00:58<00:35,  8.81s/it]current final result is:  对于第一个问题，我们分析如下：
当弹簧上端缓慢提起直到小球刚能脱离地面时，弹簧的伸长量$x$等于小球的重力$\frac{mg}{k}$。根据胡克定律，弹簧的势能为$\frac{1}{2}kx^2$，将$x=\frac{mg}{k}$代入得：
$$\frac{1}{2}k\left(\frac{mg}{k}\right)^2 = \frac{1}{2}k\frac{m^2g^2}{k^2} = \frac{m^2g^2}{2k}$$
所以外力作功为$\frac{m^2g^2}{2k}$，正确答案为C。对于第二个问题，我们分析如下：
运动学方程为 $x=3t-5t^3 +6$，求导得到速度 $v=\frac{dx}{dt}=3-15t^2$，再次求导得到加速度 $a=\frac{dv}{dt}=-30t$。由于加速度随时间变化且与位置有关，因此该质点进行的是变加速直线运动。又因为加速度始终指向x轴负方向，所以正确答案为D。对于第三个问题，我们分析如下：
康普顿散射中，入射光子能量$E_0=h\nu_0=hc/\lambda_0$，反冲电子能量$E_e=0.1MeV$，散射后光子能量$E'=E_0-E_e$。康普顿散射公式给出散射光波长的改变量$\Delta\lambda=\lambda'-\lambda_0$，其中$\lambda'$是散射后波长。由康普顿散射公式：
$$\Delta\lambda=\lambda_0\frac{h}{mc}(1-\cos\phi)$$
其中$\phi$是散射角，$h$是普朗克常数，$m$是电子质量，$c$是光速。由于题目没有提供具体的散射角和电子的静止质量，无法直接计算$\Delta\lambda$与$\lambda_0$之比值。但我们知道$\Delta\lambda>0$（因为$\lambda'>\lambda_0$），所以选项A和C可以排除。由于题目中未提及是否在同一散射角下比较不同物质的散射结果，我们无法确定$\Delta\lambda$的具体值或比值。因此，无法判断答案。
对于第四个问题，我们分析如下：
热力学第一定律即能量守恒定律，表明系统内能的增加等于外界对系统做的功加上系统吸收的热量。等温膨胀时理想气体内能不变，吸收的热量全部用来对外作功不违反热力学第一定律。热力学第二定律涉及熵的概念和不可逆过程的方向性；理想气体在单一热源下的等温膨胀是一个可逆过程，不违反热力学第二定律。因此正确答案是C。
对于第五个问题，我们分析如下：
康普顿散射中波长的改变量与原子序数Z无关，仅与散射角、入射光波长和普朗克常数有关。因此在同一散射角下测得的康普顿散射X射线波长应该相同，即$\lambda_{Li}=\lambda_{Fe}$。强度I与原子序数Z的关系比较复杂，但对于康普顿散射而言，更重的原子（高Z）会导致更多的光子被散射，因此在相同的条件下铁(Z=26)的康普顿散射强度会大于锂(Z=3)的强度，即$I_{Li}<I_{Fe}$。正确答案是A。
综上所述，最终答案为：C, D, C, A, A
current final result is:  C. 两线圈的轴线互相垂直放置
当两个平面圆线圈的轴线互相垂直放置时，由于互感系数取决于两个线圈之间的磁通量耦合，垂直放置会使得一个线圈产生的磁场与另一个线圈的交链磁通最小化，因此互感系数可以近似为零。
 70%|██████████████████████████████████████████████████████████████▉                           | 7/10 [01:52<01:11, 23.68s/it]current final result is:  C. (4mv/k)^(1/4)
current final result is:  D. $2π\sqrt{l\cosθ/g}$
 80%|████████████████████████████████████████████████████████████████████████                  | 8/10 [01:55<00:34, 17.12s/it]current final result is:  C. 向外扩张，环心呈明暗交替变化
current final result is:  A. 切向加速度必不为零
 90%|█████████████████████████████████████████████████████████████████████████████████         | 9/10 [01:58<00:12, 12.73s/it]current final result is:  对于第一个问题，当小球刚能脱离地面时，弹簧的伸长量$x$满足：
$mg = kx$
解得：
$x = \frac{mg}{k}$
在此过程中，外力（即重力）作功等于小球重力势能的减少，即：
$W = mgx = m^2g^2/k$
因此，正确答案是C。
对于第二个问题，根据运动学方程 $x=3t-5t^3 +6$ 可知，质点的加速度是时间的函数（因为含有$t^3$项），所以是变加速直线运动。由于最高次项系数为负，随着时间增加，加速度方向会与速度方向相反，即沿x轴负方向。因此正确答案是D。对于第三个问题，康普顿散射中，入射光子和反冲电子的能量之和应等于散射后光子的能量。设入射光的波长为$\lambda_0$，则其能量为：
$E_{photon} = hc/\lambda_0$
其中$h$是普朗克常数，$c$是光速。散射后光子的能量为：
$E'_{photon} = hc/\lambda'$
其中$\lambda'$是散射后光的波长。由能量守恒有：
$E_{photon} = E'_{photon} + E_{electron}$
代入数值得到：
$\lambda_0 / \lambda' = (0.5 - 0.1) MeV / 0.5 MeV = 0.8$
所以 $\lambda' = 1.25\lambda_0$，改变量 $\Delta\lambda = \lambda' - \lambda_0 = 0.25\lambda_0$。故改变量与原波长之比为：
$\Delta\lambda / \lambda_0 = 0.25$
正确答案是B。
对于第四个问题，理想气体在等温膨胀时对外做的功等于吸收的热量，这符合热力学第一定律（能量守恒）。同时，这个过程也符合热力学第二定律（熵增原理），因为气体膨胀导致无序度增加。因此正确答案是C。
对于第五个问题，小球1和小球2带等量异号电荷，相互作用力为F。当用不带电的小球3先后与它们接触时，由于小球3将从小球1和小球2上各取走一半的电荷（假设小球1带电量为+Q，小球2带电量为-Q），小球1和小球2上的净电荷将变为+Q/2和-Q/2。库仑力与电荷量的平方成正比，因此新的相互作用力F'将是原来F的四分之一：
$F' = k\frac{(Q/2)^2}{r^2} = \frac{1}{4}k\frac{Q^2}{r^2} = \frac{1}{4}F$
正确答案是B。
100%|█████████████████████████████████████████████████████████████████████████████████████████| 10/10 [02:40<00:00, 21.84s/it]100%|█████████████████████████████████████████████████████████████████████████████████████████| 10/10 [02:40<00:00, 16.07s/it]
05/28 17:08:40 - OpenCompass - [4m[97mINFO[0m - time elapsed: 160.73s
