05/28 17:27:56 - OpenCompass - [4m[97mINFO[0m - Task [Spark-v1-1/ceval-high_school_biology]
05/28 17:27:56 - OpenCompass - [4m[97mINFO[0m - Start inferencing [Spark-v1-1/ceval-high_school_biology]
  0%|                                                                                                  | 0/19 [00:00<?, ?it/s]100%|â–ˆâ–ˆâ–ˆâ–ˆâ–ˆâ–ˆâ–ˆâ–ˆâ–ˆâ–ˆâ–ˆâ–ˆâ–ˆâ–ˆâ–ˆâ–ˆâ–ˆâ–ˆâ–ˆâ–ˆâ–ˆâ–ˆâ–ˆâ–ˆâ–ˆâ–ˆâ–ˆâ–ˆâ–ˆâ–ˆâ–ˆâ–ˆâ–ˆâ–ˆâ–ˆâ–ˆâ–ˆâ–ˆâ–ˆâ–ˆâ–ˆâ–ˆâ–ˆâ–ˆâ–ˆâ–ˆâ–ˆâ–ˆâ–ˆâ–ˆâ–ˆâ–ˆâ–ˆâ–ˆâ–ˆâ–ˆâ–ˆâ–ˆâ–ˆâ–ˆâ–ˆâ–ˆâ–ˆâ–ˆâ–ˆâ–ˆâ–ˆâ–ˆâ–ˆâ–ˆâ–ˆâ–ˆâ–ˆâ–ˆâ–ˆâ–ˆâ–ˆâ–ˆâ–ˆâ–ˆâ–ˆâ–ˆâ–ˆâ–ˆâ–ˆâ–ˆâ–ˆâ–ˆâ–ˆâ–ˆâ–ˆâ–ˆâ–ˆâ–ˆâ–ˆâ–ˆâ–ˆ| 19/19 [00:00<?, ?it/s]
[2024-05-28 17:27:56,858] [opencompass.openicl.icl_inferencer.icl_gen_inferencer] [INFO] Starting inference process...
  0%|                                                                                                  | 0/10 [00:00<?, ?it/s]current final result is:  A. è¿è¾“è¥å…»ç‰©è´¨å’Œä»£è°¢åºŸç‰©
current final result is:  C
 10%|â–ˆâ–ˆâ–ˆâ–ˆâ–ˆâ–ˆâ–ˆâ–ˆâ–ˆ                                                                                 | 1/10 [00:05<00:50,  5.60s/it]current final result is:  B. Aabb
current final result is:  A. â‘¡â‘¥è§£é‡Šï¼šâ‘ ç¾Šçš„é•¿è§’ä¸ŽçŸ­è…¿ - è¿™ä¸æ˜¯ç›¸å¯¹æ€§çŠ¶ï¼Œå› ä¸ºé•¿è§’æè¿°çš„æ˜¯è§’çš„é•¿åº¦ï¼Œè€ŒçŸ­è…¿æè¿°çš„æ˜¯è…¿çš„é•¿åº¦ï¼Œå®ƒä»¬ä¸æ˜¯åŒä¸€æ€§çŠ¶ã€‚â‘¡æ°´ç¨»çš„éžç³¯æ€§å’Œç³¯æ€§ - è¿™æ˜¯ä¸€å¯¹ç›¸å¯¹æ€§çŠ¶ï¼Œæè¿°çš„æ˜¯æ°´ç¨»ç§å­çš„è´¨åœ°ã€‚â‘¢å…”çš„ç²—æ¯›å’Œç‹—çš„ç»†æ¯› - è¿™ä¸æ˜¯ç›¸å¯¹æ€§çŠ¶ï¼Œå› ä¸ºå®ƒä»¬æ˜¯ä¸åŒçš„ç‰©ç§ã€‚â‘£é«˜èŒŽè±Œè±†ä¸ŽçŸ®èŒŽè±Œè±†æ‚äº¤ï¼ŒåŽä»£å…¨ä¸ºé«˜èŒŽè±Œè±† - è¿™æè¿°çš„æ˜¯æ˜¾æ€§é—ä¼ ï¼Œå¹¶ä¸è¡¨ç¤ºæ€§çŠ¶åˆ†ç¦»ã€‚â‘¤å¼€çº¢èŠ±çš„ç‰¡ä¸¹ä¸Žå¼€ç™½èŠ±çš„ç‰¡ä¸¹æ‚äº¤ï¼ŒåŽä»£å…¨å¼€ç²‰çº¢èŠ± - è¿™æè¿°äº†ä¸­é—´é—ä¼ ï¼Œå¹¶ä¸è¡¨ç¤ºæ€§çŠ¶åˆ†ç¦»ã€‚â‘¥ç™½æ¯›å…”ä¸Žç™½æ¯›å…”æ‚äº¤åŽä»£ä¸­å‡ºçŽ°äº†ç°æ¯›å…” - è¿™æè¿°äº†æ€§çŠ¶åˆ†ç¦»ï¼Œå³éšæ€§æ€§çŠ¶åœ¨åŽä»£ä¸­çš„å‡ºçŽ°ã€‚
 20%|â–ˆâ–ˆâ–ˆâ–ˆâ–ˆâ–ˆâ–ˆâ–ˆâ–ˆâ–ˆâ–ˆâ–ˆâ–ˆâ–ˆâ–ˆâ–ˆâ–ˆâ–ˆ                                                                        | 2/10 [00:19<01:25, 10.70s/it]current final result is:  A
current final result is:  A
 30%|â–ˆâ–ˆâ–ˆâ–ˆâ–ˆâ–ˆâ–ˆâ–ˆâ–ˆâ–ˆâ–ˆâ–ˆâ–ˆâ–ˆâ–ˆâ–ˆâ–ˆâ–ˆâ–ˆâ–ˆâ–ˆâ–ˆâ–ˆâ–ˆâ–ˆâ–ˆâ–ˆ                                                               | 3/10 [00:27<01:03,  9.09s/it]current final result is:  C. å¶ç»¿ä½“ä¸­çš„è‰²ç´ éƒ½æœ‰å¸æ”¶å…‰èƒ½çš„ä½œç”¨
current final result is:  B. æŽ§åˆ¶ä¼ æŸ“æº
 40%|â–ˆâ–ˆâ–ˆâ–ˆâ–ˆâ–ˆâ–ˆâ–ˆâ–ˆâ–ˆâ–ˆâ–ˆâ–ˆâ–ˆâ–ˆâ–ˆâ–ˆâ–ˆâ–ˆâ–ˆâ–ˆâ–ˆâ–ˆâ–ˆâ–ˆâ–ˆâ–ˆâ–ˆâ–ˆâ–ˆâ–ˆâ–ˆâ–ˆâ–ˆâ–ˆâ–ˆ                                                      | 4/10 [00:32<00:46,  7.75s/it]current final result is:  B. å•å€ä½“ï¼Œä½“ç»†èƒžå†…å«æœ‰ä¸‰ä¸ªæŸ“è‰²ä½“ç»„
current final result is:  C. è¡°è€
 50%|â–ˆâ–ˆâ–ˆâ–ˆâ–ˆâ–ˆâ–ˆâ–ˆâ–ˆâ–ˆâ–ˆâ–ˆâ–ˆâ–ˆâ–ˆâ–ˆâ–ˆâ–ˆâ–ˆâ–ˆâ–ˆâ–ˆâ–ˆâ–ˆâ–ˆâ–ˆâ–ˆâ–ˆâ–ˆâ–ˆâ–ˆâ–ˆâ–ˆâ–ˆâ–ˆâ–ˆâ–ˆâ–ˆâ–ˆâ–ˆâ–ˆâ–ˆâ–ˆâ–ˆâ–ˆ                                             | 5/10 [00:37<00:33,  6.78s/it]current final result is:  D
è§£æžï¼šAé€‰é¡¹ï¼Œç”²Ã—ä¹™åªèƒ½å¾—åˆ°æ‚äº¤çš„åŽä»£ï¼Œæ— æ³•ç›´æŽ¥åˆ¤æ–­å“ªä¸ªæ˜¯çº¯åˆå­ã€‚Bé€‰é¡¹ï¼Œç”²Ã—ä¹™å¾—F1å†è‡ªäº¤å¯ä»¥åˆ¤æ–­ï¼Œä½†æ˜¯æ­¥éª¤ç¹çï¼Œä¸æ˜¯æœ€ç®€ä¾¿çš„æ–¹æ³•ã€‚Cé€‰é¡¹ï¼Œç”²ã€ä¹™åˆ†åˆ«å’Œéšæ€§ç±»åž‹æµ‹äº¤ä¹Ÿå¯ä»¥åˆ¤æ–­çº¯åˆå­ï¼Œä½†éœ€è¦æœ‰éšæ€§ç±»åž‹çš„æ¤æ ªï¼Œä¸å¤Ÿç®€ä¾¿ã€‚Dé€‰é¡¹ï¼Œç”²Ã—ç”²ã€ä¹™Ã—ä¹™æ˜¯æœ€ç®€ä¾¿çš„æ–¹æ³•ï¼Œå› ä¸ºçº¯åˆå­è‡ªäº¤åŽä»£éƒ½æ˜¯çº¯åˆå­ï¼Œè€Œæ‚åˆå­è‡ªäº¤åŽä»£ä¼šå‡ºçŽ°æ€§çŠ¶åˆ†ç¦»ã€‚é€šè¿‡è§‚å¯ŸåŽä»£æ˜¯å¦å‡ºçŽ°æ€§çŠ¶åˆ†ç¦»å³å¯åˆ¤æ–­å“ªä¸ªæ˜¯çº¯åˆçš„æŠ—é”ˆç—…å°éº¦ã€‚
current final result is:  A. ç»†èƒžæ ¸æ˜¯ç»†èƒžçš„æŽ§åˆ¶ä¸­å¿ƒï¼Œèƒ½æŽ§åˆ¶ç»†èƒžé—ä¼ å’Œä»£è°¢
 60%|â–ˆâ–ˆâ–ˆâ–ˆâ–ˆâ–ˆâ–ˆâ–ˆâ–ˆâ–ˆâ–ˆâ–ˆâ–ˆâ–ˆâ–ˆâ–ˆâ–ˆâ–ˆâ–ˆâ–ˆâ–ˆâ–ˆâ–ˆâ–ˆâ–ˆâ–ˆâ–ˆâ–ˆâ–ˆâ–ˆâ–ˆâ–ˆâ–ˆâ–ˆâ–ˆâ–ˆâ–ˆâ–ˆâ–ˆâ–ˆâ–ˆâ–ˆâ–ˆâ–ˆâ–ˆâ–ˆâ–ˆâ–ˆâ–ˆâ–ˆâ–ˆâ–ˆâ–ˆâ–ˆ                                    | 6/10 [00:50<00:35,  8.83s/it]current final result is:  C. ä¸åŒç‰©ç§çš„ç»†èƒžä¸­åŸºå› æ•°é‡å’ŒæŸ“è‰²ä½“æ•°é‡çš„æ¯”å€¼æ˜¯ä¸€å®šçš„
current final result is:  D. é«˜å°”åŸºä½“ã€€çº¤ç»´ç´ ã€æžœèƒ¶
 70%|â–ˆâ–ˆâ–ˆâ–ˆâ–ˆâ–ˆâ–ˆâ–ˆâ–ˆâ–ˆâ–ˆâ–ˆâ–ˆâ–ˆâ–ˆâ–ˆâ–ˆâ–ˆâ–ˆâ–ˆâ–ˆâ–ˆâ–ˆâ–ˆâ–ˆâ–ˆâ–ˆâ–ˆâ–ˆâ–ˆâ–ˆâ–ˆâ–ˆâ–ˆâ–ˆâ–ˆâ–ˆâ–ˆâ–ˆâ–ˆâ–ˆâ–ˆâ–ˆâ–ˆâ–ˆâ–ˆâ–ˆâ–ˆâ–ˆâ–ˆâ–ˆâ–ˆâ–ˆâ–ˆâ–ˆâ–ˆâ–ˆâ–ˆâ–ˆâ–ˆâ–ˆâ–ˆâ–‰                           | 7/10 [00:56<00:23,  7.88s/it]current final result is:  A
current final result is:  å¯¹äºŽæœ€åŽä¸€é¢˜ï¼Œæˆ‘ä»¬å¯ä»¥é€šè¿‡åˆ†æžé—ä¼ æ¦‚çŽ‡æ¥è§£ç­”ã€‚
å·²çŸ¥21ä¸‰ä½“ç»¼åˆå¾æ‚£è€…å…·æœ‰ä¸‰æ¡21å·æŸ“è‰²ä½“ã€‚åœ¨å½¢æˆé…å­æ—¶ï¼Œå¦‚æžœä¸€æ¡æŸ“è‰²ä½“ç§»å‘ç»†èƒžçš„ä¸€æžï¼Œä¸¤æ¡ç§»å‘å¦ä¸€æžï¼Œé‚£ä¹ˆå¯èƒ½å½¢æˆçš„é…å­ç±»åž‹æœ‰ä¸¤ç§ï¼šä¸€ç§æ˜¯å¸¦æœ‰ä¸€æ¡21å·æŸ“è‰²ä½“çš„æ­£å¸¸é…å­ï¼ˆè®°ä¸ºNï¼‰ï¼Œå¦ä¸€ç§æ˜¯å¸¦æœ‰ä¸¤æ¡21å·æŸ“è‰²ä½“çš„å¼‚å¸¸é…å­ï¼ˆè®°ä¸ºTï¼‰ã€‚
å› æ­¤ï¼Œæ¯ä¸ª21ä¸‰ä½“çš„æ‚£è€…äº§ç”Ÿçš„é…å­ä¸­ï¼Œæœ‰1/3çš„æ¦‚çŽ‡æ˜¯Nï¼Œ2/3çš„æ¦‚çŽ‡æ˜¯Tã€‚
å½“ä¸¤ä¸ª21ä¸‰ä½“çš„æ‚£è€…ç”Ÿè‚²æ—¶ï¼Œä»–ä»¬å„è‡ªçš„é…å­ç»„åˆæ¦‚çŽ‡å¦‚ä¸‹ï¼š- çˆ¶äº²äº§ç”ŸNï¼Œæ¯äº²äº§ç”ŸNï¼Œå­©å­æ­£å¸¸ï¼ˆNNï¼‰ï¼Œæ¦‚çŽ‡ä¸º (1/3) * (1/3) = 1/9- çˆ¶äº²äº§ç”ŸNï¼Œæ¯äº²äº§ç”ŸTï¼Œå­©å­ä¸º21ä¸‰ä½“ï¼ˆNTï¼‰ï¼Œæ¦‚çŽ‡ä¸º (1/3) * (2/3) = 2/9- çˆ¶äº²äº§ç”ŸTï¼Œæ¯äº²äº§ç”ŸNï¼Œå­©å­ä¸º21ä¸‰ä½“ï¼ˆTNï¼‰ï¼Œæ¦‚çŽ‡ä¸º (2/3) * (1/3) = 2/9- çˆ¶äº²äº§ç”ŸTï¼Œæ¯äº²äº§ç”ŸTï¼Œå­©å­ä¸èƒ½æˆæ´»ï¼ˆTTï¼‰ï¼Œæ¦‚çŽ‡ä¸º (2/3) * (2/3) = 4/9
ç”±äºŽTTçš„æƒ…å†µèƒšèƒŽä¸èƒ½æˆæ´»ï¼Œæ‰€ä»¥æˆ‘ä»¬å¯ä»¥å¿½ç•¥è¿™ç§æƒ…å†µã€‚
çŽ°åœ¨æˆ‘ä»¬éœ€è¦è®¡ç®—ç”Ÿå‡ºæ‚£ç—…å¥³å­©çš„æ¦‚çŽ‡ã€‚ç”±äºŽæ€§æŸ“è‰²ä½“å†³å®šæ€§åˆ«ï¼Œè€Œè¿™é‡Œåªè€ƒè™‘ç¬¬21å·æŸ“è‰²ä½“ï¼Œæˆ‘ä»¬å¯ä»¥å‡è®¾æ€§åˆ«çš„å†³å®šæ˜¯éšæœºçš„ï¼Œå³ç”Ÿç”·ç”Ÿå¥³çš„æ¦‚çŽ‡å„ä¸º1/2ã€‚å› æ­¤ï¼Œç”Ÿå‡ºæ‚£ç—…å¥³å­©çš„æ¦‚çŽ‡å°±æ˜¯ç”Ÿå‡ºæ‚£ç—…å­©å­ï¼ˆä¸è€ƒè™‘æ€§åˆ«ï¼‰çš„æ¦‚çŽ‡ä¹˜ä»¥ç”Ÿå¥³å­©çš„æ¦‚çŽ‡ã€‚
ç”Ÿå‡ºæ‚£ç—…å­©å­çš„æ¦‚çŽ‡æ˜¯ï¼š(NT + TN) / (é™¤åŽ»TTçš„æ‰€æœ‰æƒ…å†µ) = (2/9 + 2/9) / (1/9 + 2/9 + 2/9) = 4/9 / (5/9) = 4/5
æ‰€ä»¥ç”Ÿå‡ºæ‚£ç—…å¥³å­©çš„æ¦‚çŽ‡æ˜¯ï¼š4/5 * 1/2 = 4/10 = 2/5
è¿™ä¸ªç»“æžœæ²¡æœ‰ç›´æŽ¥å‡ºçŽ°åœ¨é€‰é¡¹ä¸­ï¼Œä½†æœ€æŽ¥è¿‘çš„é€‰é¡¹æ˜¯C. 2/3ã€‚ç„¶è€Œï¼Œæ ¹æ®æˆ‘ä»¬çš„è®¡ç®—ï¼Œæ­£ç¡®ç­”æ¡ˆåº”è¯¥æ˜¯2/5ã€‚è¿™å¯èƒ½è¡¨æ˜Žé¢˜ç›®æœ¬èº«å­˜åœ¨é—®é¢˜æˆ–è€…ç»™å‡ºçš„é€‰é¡¹ä¸æ­£ç¡®ã€‚åœ¨å®žé™…è€ƒè¯•ä¸­ï¼Œåº”è¯¥æ ¹æ®æä¾›çš„é€‰æ‹©æ¥ç¡®å®šæœ€ä½³ç­”æ¡ˆï¼Œä½†åœ¨è¿™é‡Œæˆ‘ä»¬å¯ä»¥æ ¹æ®åˆ†æžå¾—å‡ºæ­£ç¡®ç­”æ¡ˆæ˜¯2/5ã€‚
 80%|â–ˆâ–ˆâ–ˆâ–ˆâ–ˆâ–ˆâ–ˆâ–ˆâ–ˆâ–ˆâ–ˆâ–ˆâ–ˆâ–ˆâ–ˆâ–ˆâ–ˆâ–ˆâ–ˆâ–ˆâ–ˆâ–ˆâ–ˆâ–ˆâ–ˆâ–ˆâ–ˆâ–ˆâ–ˆâ–ˆâ–ˆâ–ˆâ–ˆâ–ˆâ–ˆâ–ˆâ–ˆâ–ˆâ–ˆâ–ˆâ–ˆâ–ˆâ–ˆâ–ˆâ–ˆâ–ˆâ–ˆâ–ˆâ–ˆâ–ˆâ–ˆâ–ˆâ–ˆâ–ˆâ–ˆâ–ˆâ–ˆâ–ˆâ–ˆâ–ˆâ–ˆâ–ˆâ–ˆâ–ˆâ–ˆâ–ˆâ–ˆâ–ˆâ–ˆâ–ˆâ–ˆâ–ˆ                  | 8/10 [01:30<00:32, 16.24s/it]current final result is:  A
current final result is:  B. $\frac{1}{{2}^{n}-1}$
 90%|â–ˆâ–ˆâ–ˆâ–ˆâ–ˆâ–ˆâ–ˆâ–ˆâ–ˆâ–ˆâ–ˆâ–ˆâ–ˆâ–ˆâ–ˆâ–ˆâ–ˆâ–ˆâ–ˆâ–ˆâ–ˆâ–ˆâ–ˆâ–ˆâ–ˆâ–ˆâ–ˆâ–ˆâ–ˆâ–ˆâ–ˆâ–ˆâ–ˆâ–ˆâ–ˆâ–ˆâ–ˆâ–ˆâ–ˆâ–ˆâ–ˆâ–ˆâ–ˆâ–ˆâ–ˆâ–ˆâ–ˆâ–ˆâ–ˆâ–ˆâ–ˆâ–ˆâ–ˆâ–ˆâ–ˆâ–ˆâ–ˆâ–ˆâ–ˆâ–ˆâ–ˆâ–ˆâ–ˆâ–ˆâ–ˆâ–ˆâ–ˆâ–ˆâ–ˆâ–ˆâ–ˆâ–ˆâ–ˆâ–ˆâ–ˆâ–ˆâ–ˆâ–ˆâ–ˆâ–ˆâ–ˆ         | 9/10 [01:37<00:13, 13.38s/it]current final result is:  B
100%|â–ˆâ–ˆâ–ˆâ–ˆâ–ˆâ–ˆâ–ˆâ–ˆâ–ˆâ–ˆâ–ˆâ–ˆâ–ˆâ–ˆâ–ˆâ–ˆâ–ˆâ–ˆâ–ˆâ–ˆâ–ˆâ–ˆâ–ˆâ–ˆâ–ˆâ–ˆâ–ˆâ–ˆâ–ˆâ–ˆâ–ˆâ–ˆâ–ˆâ–ˆâ–ˆâ–ˆâ–ˆâ–ˆâ–ˆâ–ˆâ–ˆâ–ˆâ–ˆâ–ˆâ–ˆâ–ˆâ–ˆâ–ˆâ–ˆâ–ˆâ–ˆâ–ˆâ–ˆâ–ˆâ–ˆâ–ˆâ–ˆâ–ˆâ–ˆâ–ˆâ–ˆâ–ˆâ–ˆâ–ˆâ–ˆâ–ˆâ–ˆâ–ˆâ–ˆâ–ˆâ–ˆâ–ˆâ–ˆâ–ˆâ–ˆâ–ˆâ–ˆâ–ˆâ–ˆâ–ˆâ–ˆâ–ˆâ–ˆâ–ˆâ–ˆâ–ˆâ–ˆâ–ˆâ–ˆ| 10/10 [01:54<00:00, 14.32s/it]100%|â–ˆâ–ˆâ–ˆâ–ˆâ–ˆâ–ˆâ–ˆâ–ˆâ–ˆâ–ˆâ–ˆâ–ˆâ–ˆâ–ˆâ–ˆâ–ˆâ–ˆâ–ˆâ–ˆâ–ˆâ–ˆâ–ˆâ–ˆâ–ˆâ–ˆâ–ˆâ–ˆâ–ˆâ–ˆâ–ˆâ–ˆâ–ˆâ–ˆâ–ˆâ–ˆâ–ˆâ–ˆâ–ˆâ–ˆâ–ˆâ–ˆâ–ˆâ–ˆâ–ˆâ–ˆâ–ˆâ–ˆâ–ˆâ–ˆâ–ˆâ–ˆâ–ˆâ–ˆâ–ˆâ–ˆâ–ˆâ–ˆâ–ˆâ–ˆâ–ˆâ–ˆâ–ˆâ–ˆâ–ˆâ–ˆâ–ˆâ–ˆâ–ˆâ–ˆâ–ˆâ–ˆâ–ˆâ–ˆâ–ˆâ–ˆâ–ˆâ–ˆâ–ˆâ–ˆâ–ˆâ–ˆâ–ˆâ–ˆâ–ˆâ–ˆâ–ˆâ–ˆâ–ˆâ–ˆ| 10/10 [01:54<00:00, 11.42s/it]
05/28 17:29:51 - OpenCompass - [4m[97mINFO[0m - time elapsed: 114.23s
