05/28 17:32:11 - OpenCompass - [4m[97mINFO[0m - Task [Spark-v1-1/ceval-middle_school_biology]
05/28 17:32:11 - OpenCompass - [4m[97mINFO[0m - Start inferencing [Spark-v1-1/ceval-middle_school_biology]
  0%|                                                                                                  | 0/21 [00:00<?, ?it/s]100%|â–ˆâ–ˆâ–ˆâ–ˆâ–ˆâ–ˆâ–ˆâ–ˆâ–ˆâ–ˆâ–ˆâ–ˆâ–ˆâ–ˆâ–ˆâ–ˆâ–ˆâ–ˆâ–ˆâ–ˆâ–ˆâ–ˆâ–ˆâ–ˆâ–ˆâ–ˆâ–ˆâ–ˆâ–ˆâ–ˆâ–ˆâ–ˆâ–ˆâ–ˆâ–ˆâ–ˆâ–ˆâ–ˆâ–ˆâ–ˆâ–ˆâ–ˆâ–ˆâ–ˆâ–ˆâ–ˆâ–ˆâ–ˆâ–ˆâ–ˆâ–ˆâ–ˆâ–ˆâ–ˆâ–ˆâ–ˆâ–ˆâ–ˆâ–ˆâ–ˆâ–ˆâ–ˆâ–ˆâ–ˆâ–ˆâ–ˆâ–ˆâ–ˆâ–ˆâ–ˆâ–ˆâ–ˆâ–ˆâ–ˆâ–ˆâ–ˆâ–ˆâ–ˆâ–ˆâ–ˆâ–ˆâ–ˆâ–ˆâ–ˆâ–ˆâ–ˆâ–ˆâ–ˆâ–ˆâ–ˆâ–ˆâ–ˆâ–ˆâ–ˆâ–ˆâ–ˆâ–ˆ| 21/21 [00:00<?, ?it/s]
[2024-05-28 17:32:11,908] [opencompass.openicl.icl_inferencer.icl_gen_inferencer] [INFO] Starting inference process...
  0%|                                                                                                  | 0/11 [00:00<?, ?it/s]current final result is:  C. è„±æ°´æ³•
current final result is:  B. åŠ¨ç‰©èƒ½å°†æœ‰æœºç‰©è½¬åŒ–ä¸ºæ— æœºç‰©å›žåˆ°è‡ªç„¶ç•Œä¸­
  9%|â–ˆâ–ˆâ–ˆâ–ˆâ–ˆâ–ˆâ–ˆâ–ˆâ–                                                                                 | 1/11 [00:04<00:43,  4.34s/it]current final result is:  B. å°±åœ°ä¿æŠ¤
current final result is:  C. èƒŽç›˜
 18%|â–ˆâ–ˆâ–ˆâ–ˆâ–ˆâ–ˆâ–ˆâ–ˆâ–ˆâ–ˆâ–ˆâ–ˆâ–ˆâ–ˆâ–ˆâ–ˆâ–Ž                                                                         | 2/11 [00:08<00:38,  4.32s/it]current final result is:  C. èµ›åœºä¸Šé€‰æ‰‹å¬åˆ°å‘ä»¤æžªå£°åŽè¿…é€Ÿèµ·è·‘å±žäºŽç®€å•åå°„
current final result is:  B. ç§å­å¤–é¢æ˜¯å¦æœ‰æžœçš®åŒ…è¢«
 27%|â–ˆâ–ˆâ–ˆâ–ˆâ–ˆâ–ˆâ–ˆâ–ˆâ–ˆâ–ˆâ–ˆâ–ˆâ–ˆâ–ˆâ–ˆâ–ˆâ–ˆâ–ˆâ–ˆâ–ˆâ–ˆâ–ˆâ–ˆâ–ˆâ–Œ                                                                 | 3/11 [00:14<00:38,  4.85s/it]current final result is:  A. ç»†èƒžå£
current final result is:  C. â‘ â‘¢â‘£
 36%|â–ˆâ–ˆâ–ˆâ–ˆâ–ˆâ–ˆâ–ˆâ–ˆâ–ˆâ–ˆâ–ˆâ–ˆâ–ˆâ–ˆâ–ˆâ–ˆâ–ˆâ–ˆâ–ˆâ–ˆâ–ˆâ–ˆâ–ˆâ–ˆâ–ˆâ–ˆâ–ˆâ–ˆâ–ˆâ–ˆâ–ˆâ–ˆâ–‹                                                         | 4/11 [00:18<00:32,  4.62s/it]current final result is:  B. è’¸è…¾ä½œç”¨
current final result is:  B. å‘çŽ°äº†è¡€æ¶²å¾ªçŽ¯
 45%|â–ˆâ–ˆâ–ˆâ–ˆâ–ˆâ–ˆâ–ˆâ–ˆâ–ˆâ–ˆâ–ˆâ–ˆâ–ˆâ–ˆâ–ˆâ–ˆâ–ˆâ–ˆâ–ˆâ–ˆâ–ˆâ–ˆâ–ˆâ–ˆâ–ˆâ–ˆâ–ˆâ–ˆâ–ˆâ–ˆâ–ˆâ–ˆâ–ˆâ–ˆâ–ˆâ–ˆâ–ˆâ–ˆâ–ˆâ–ˆâ–‰                                                 | 5/11 [00:23<00:28,  4.77s/it]current final result is:  B
current final result is:  B. æ¯›ç»†è¡€ç®¡å£ç”±ä¸€å±‚æ‰å¹³ä¸Šçš®ç»†èƒžæž„æˆ
 55%|â–ˆâ–ˆâ–ˆâ–ˆâ–ˆâ–ˆâ–ˆâ–ˆâ–ˆâ–ˆâ–ˆâ–ˆâ–ˆâ–ˆâ–ˆâ–ˆâ–ˆâ–ˆâ–ˆâ–ˆâ–ˆâ–ˆâ–ˆâ–ˆâ–ˆâ–ˆâ–ˆâ–ˆâ–ˆâ–ˆâ–ˆâ–ˆâ–ˆâ–ˆâ–ˆâ–ˆâ–ˆâ–ˆâ–ˆâ–ˆâ–ˆâ–ˆâ–ˆâ–ˆâ–ˆâ–ˆâ–ˆâ–ˆâ–ˆ                                         | 6/11 [00:27<00:22,  4.57s/it]current final result is:  æ•è‡è‰å’Œè‡åœ¨ç»†èƒžåŸºæœ¬ç»“æž„ä¸Šçš„åŒºåˆ«æ˜¯æ•è‡è‰çš„ç»†èƒžä¸­å…·æœ‰ï¼šD. ç»†èƒžå£åŠ¨ç‰©ç»†èƒžï¼ˆå¦‚è‡ï¼‰é€šå¸¸æ²¡æœ‰ç»†èƒžå£ï¼Œè€Œæ¤ç‰©ç»†èƒžï¼ˆå¦‚æ•è‡è‰ï¼‰åˆ™æœ‰ã€‚è¿™æ˜¯åŠ¨æ¤ç‰©ç»†èƒžçš„ä¸»è¦åŒºåˆ«ä¹‹ä¸€ã€‚
current final result is:  C
 64%|â–ˆâ–ˆâ–ˆâ–ˆâ–ˆâ–ˆâ–ˆâ–ˆâ–ˆâ–ˆâ–ˆâ–ˆâ–ˆâ–ˆâ–ˆâ–ˆâ–ˆâ–ˆâ–ˆâ–ˆâ–ˆâ–ˆâ–ˆâ–ˆâ–ˆâ–ˆâ–ˆâ–ˆâ–ˆâ–ˆâ–ˆâ–ˆâ–ˆâ–ˆâ–ˆâ–ˆâ–ˆâ–ˆâ–ˆâ–ˆâ–ˆâ–ˆâ–ˆâ–ˆâ–ˆâ–ˆâ–ˆâ–ˆâ–ˆâ–ˆâ–ˆâ–ˆâ–ˆâ–ˆâ–ˆâ–ˆâ–ˆâ–Ž                                | 7/11 [00:34<00:21,  5.44s/it]current final result is:  A. å‘¼å¸ä½œç”¨è§£æžï¼šå½“è”¬èœå †æ”¾æ—¶é—´è¾ƒé•¿æ—¶ï¼Œç»†èƒžä»ç„¶è¿›è¡Œç€å‘¼å¸ä½œç”¨ã€‚åœ¨å‘¼å¸ä½œç”¨ä¸­ï¼Œç»†èƒžæ¶ˆè€—æ°§æ°”å¹¶é‡Šæ”¾äºŒæ°§åŒ–ç¢³ã€æ°´å’Œèƒ½é‡ã€‚è¿™ä¸ªè¿‡ç¨‹ä¼šäº§ç”Ÿçƒ­é‡ï¼Œå¦‚æžœè”¬èœå †æ”¾å¾—è¿‡å¤šä¸”é€šé£Žä¸è‰¯ï¼Œäº§ç”Ÿçš„çƒ­é‡ä¸èƒ½åŠæ—¶æ•£å‘ï¼Œä¼šå¯¼è‡´è”¬èœçš„æ¸©åº¦å‡é«˜ï¼Œä»Žè€ŒåŠ é€Ÿäº†è…è´¥è¿‡ç¨‹ã€‚å› æ­¤ï¼Œä¸Žç»†èƒžäº§çƒ­ç›´æŽ¥ç›¸å…³çš„ç”Ÿç†è¿‡ç¨‹æ˜¯å‘¼å¸ä½œç”¨ã€‚å…¶ä»–é€‰é¡¹å¦‚è’¸è…¾ä½œç”¨ã€å…‰åˆä½œç”¨å’Œè¿è¾“ä½œç”¨å¹¶ä¸ç›´æŽ¥å¯¼è‡´äº§çƒ­ã€‚
current final result is:  A. é…µæ¯èŒ
 73%|â–ˆâ–ˆâ–ˆâ–ˆâ–ˆâ–ˆâ–ˆâ–ˆâ–ˆâ–ˆâ–ˆâ–ˆâ–ˆâ–ˆâ–ˆâ–ˆâ–ˆâ–ˆâ–ˆâ–ˆâ–ˆâ–ˆâ–ˆâ–ˆâ–ˆâ–ˆâ–ˆâ–ˆâ–ˆâ–ˆâ–ˆâ–ˆâ–ˆâ–ˆâ–ˆâ–ˆâ–ˆâ–ˆâ–ˆâ–ˆâ–ˆâ–ˆâ–ˆâ–ˆâ–ˆâ–ˆâ–ˆâ–ˆâ–ˆâ–ˆâ–ˆâ–ˆâ–ˆâ–ˆâ–ˆâ–ˆâ–ˆâ–ˆâ–ˆâ–ˆâ–ˆâ–ˆâ–ˆâ–ˆâ–ˆâ–                        | 8/11 [00:45<00:21,  7.12s/it]current final result is:  A. å¤§è„‘
current final result is:  D. é˜²å¾¡è¡Œä¸º
 82%|â–ˆâ–ˆâ–ˆâ–ˆâ–ˆâ–ˆâ–ˆâ–ˆâ–ˆâ–ˆâ–ˆâ–ˆâ–ˆâ–ˆâ–ˆâ–ˆâ–ˆâ–ˆâ–ˆâ–ˆâ–ˆâ–ˆâ–ˆâ–ˆâ–ˆâ–ˆâ–ˆâ–ˆâ–ˆâ–ˆâ–ˆâ–ˆâ–ˆâ–ˆâ–ˆâ–ˆâ–ˆâ–ˆâ–ˆâ–ˆâ–ˆâ–ˆâ–ˆâ–ˆâ–ˆâ–ˆâ–ˆâ–ˆâ–ˆâ–ˆâ–ˆâ–ˆâ–ˆâ–ˆâ–ˆâ–ˆâ–ˆâ–ˆâ–ˆâ–ˆâ–ˆâ–ˆâ–ˆâ–ˆâ–ˆâ–ˆâ–ˆâ–ˆâ–ˆâ–ˆâ–ˆâ–ˆâ–ˆâ–‹                | 9/11 [00:50<00:12,  6.45s/it]current final result is:  D. èš¯èš“ç”Ÿæ´»åœ¨åœŸå£¤ä¸­ï¼Œä¾é è‚ºè¿›è¡Œå‘¼å¸
current final result is:  C
 91%|â–ˆâ–ˆâ–ˆâ–ˆâ–ˆâ–ˆâ–ˆâ–ˆâ–ˆâ–ˆâ–ˆâ–ˆâ–ˆâ–ˆâ–ˆâ–ˆâ–ˆâ–ˆâ–ˆâ–ˆâ–ˆâ–ˆâ–ˆâ–ˆâ–ˆâ–ˆâ–ˆâ–ˆâ–ˆâ–ˆâ–ˆâ–ˆâ–ˆâ–ˆâ–ˆâ–ˆâ–ˆâ–ˆâ–ˆâ–ˆâ–ˆâ–ˆâ–ˆâ–ˆâ–ˆâ–ˆâ–ˆâ–ˆâ–ˆâ–ˆâ–ˆâ–ˆâ–ˆâ–ˆâ–ˆâ–ˆâ–ˆâ–ˆâ–ˆâ–ˆâ–ˆâ–ˆâ–ˆâ–ˆâ–ˆâ–ˆâ–ˆâ–ˆâ–ˆâ–ˆâ–ˆâ–ˆâ–ˆâ–ˆâ–ˆâ–ˆâ–ˆâ–ˆâ–ˆâ–ˆâ–‰        | 10/11 [00:54<00:05,  5.76s/it]current final result is:  A
100%|â–ˆâ–ˆâ–ˆâ–ˆâ–ˆâ–ˆâ–ˆâ–ˆâ–ˆâ–ˆâ–ˆâ–ˆâ–ˆâ–ˆâ–ˆâ–ˆâ–ˆâ–ˆâ–ˆâ–ˆâ–ˆâ–ˆâ–ˆâ–ˆâ–ˆâ–ˆâ–ˆâ–ˆâ–ˆâ–ˆâ–ˆâ–ˆâ–ˆâ–ˆâ–ˆâ–ˆâ–ˆâ–ˆâ–ˆâ–ˆâ–ˆâ–ˆâ–ˆâ–ˆâ–ˆâ–ˆâ–ˆâ–ˆâ–ˆâ–ˆâ–ˆâ–ˆâ–ˆâ–ˆâ–ˆâ–ˆâ–ˆâ–ˆâ–ˆâ–ˆâ–ˆâ–ˆâ–ˆâ–ˆâ–ˆâ–ˆâ–ˆâ–ˆâ–ˆâ–ˆâ–ˆâ–ˆâ–ˆâ–ˆâ–ˆâ–ˆâ–ˆâ–ˆâ–ˆâ–ˆâ–ˆâ–ˆâ–ˆâ–ˆâ–ˆâ–ˆâ–ˆâ–ˆâ–ˆ| 11/11 [00:57<00:00,  4.78s/it]100%|â–ˆâ–ˆâ–ˆâ–ˆâ–ˆâ–ˆâ–ˆâ–ˆâ–ˆâ–ˆâ–ˆâ–ˆâ–ˆâ–ˆâ–ˆâ–ˆâ–ˆâ–ˆâ–ˆâ–ˆâ–ˆâ–ˆâ–ˆâ–ˆâ–ˆâ–ˆâ–ˆâ–ˆâ–ˆâ–ˆâ–ˆâ–ˆâ–ˆâ–ˆâ–ˆâ–ˆâ–ˆâ–ˆâ–ˆâ–ˆâ–ˆâ–ˆâ–ˆâ–ˆâ–ˆâ–ˆâ–ˆâ–ˆâ–ˆâ–ˆâ–ˆâ–ˆâ–ˆâ–ˆâ–ˆâ–ˆâ–ˆâ–ˆâ–ˆâ–ˆâ–ˆâ–ˆâ–ˆâ–ˆâ–ˆâ–ˆâ–ˆâ–ˆâ–ˆâ–ˆâ–ˆâ–ˆâ–ˆâ–ˆâ–ˆâ–ˆâ–ˆâ–ˆâ–ˆâ–ˆâ–ˆâ–ˆâ–ˆâ–ˆâ–ˆâ–ˆâ–ˆâ–ˆâ–ˆ| 11/11 [00:57<00:00,  5.21s/it]
05/28 17:33:09 - OpenCompass - [4m[97mINFO[0m - time elapsed: 57.35s
