05/28 17:05:02 - OpenCompass - [4m[97mINFO[0m - Task [Spark-v1-1/ceval-computer_network]
05/28 17:05:02 - OpenCompass - [4m[97mINFO[0m - Start inferencing [Spark-v1-1/ceval-computer_network]
  0%|                                                                                                  | 0/19 [00:00<?, ?it/s]100%|â–ˆâ–ˆâ–ˆâ–ˆâ–ˆâ–ˆâ–ˆâ–ˆâ–ˆâ–ˆâ–ˆâ–ˆâ–ˆâ–ˆâ–ˆâ–ˆâ–ˆâ–ˆâ–ˆâ–ˆâ–ˆâ–ˆâ–ˆâ–ˆâ–ˆâ–ˆâ–ˆâ–ˆâ–ˆâ–ˆâ–ˆâ–ˆâ–ˆâ–ˆâ–ˆâ–ˆâ–ˆâ–ˆâ–ˆâ–ˆâ–ˆâ–ˆâ–ˆâ–ˆâ–ˆâ–ˆâ–ˆâ–ˆâ–ˆâ–ˆâ–ˆâ–ˆâ–ˆâ–ˆâ–ˆâ–ˆâ–ˆâ–ˆâ–ˆâ–ˆâ–ˆâ–ˆâ–ˆâ–ˆâ–ˆâ–ˆâ–ˆâ–ˆâ–ˆâ–ˆâ–ˆâ–ˆâ–ˆâ–ˆâ–ˆâ–ˆâ–ˆâ–ˆâ–ˆâ–ˆâ–ˆâ–ˆâ–ˆâ–ˆâ–ˆâ–ˆâ–ˆâ–ˆâ–ˆâ–ˆâ–ˆâ–ˆâ–ˆâ–ˆâ–ˆâ–ˆâ–ˆ| 19/19 [00:00<?, ?it/s]
[2024-05-28 17:05:02,167] [opencompass.openicl.icl_inferencer.icl_gen_inferencer] [INFO] Starting inference process...
  0%|                                                                                                  | 0/10 [00:00<?, ?it/s]current final result is:  C. 3
current final result is:  C. ç›‘å¬ä»‹è´¨
 10%|â–ˆâ–ˆâ–ˆâ–ˆâ–ˆâ–ˆâ–ˆâ–ˆâ–ˆ                                                                                 | 1/10 [00:02<00:26,  2.92s/it]current final result is:  C. è¿›ç¨‹ä¹‹é—´
current final result is:  C
 20%|â–ˆâ–ˆâ–ˆâ–ˆâ–ˆâ–ˆâ–ˆâ–ˆâ–ˆâ–ˆâ–ˆâ–ˆâ–ˆâ–ˆâ–ˆâ–ˆâ–ˆâ–ˆ                                                                        | 2/10 [00:04<00:18,  2.31s/it]current final result is:  A. 33.4ms
current final result is:  C. ä¼ è¾“å±‚UDPåè®®æœ¬èº«æ˜¯ä¸å¯é çš„ï¼Œå› ä¸ºå®ƒä¸æä¾›æ•°æ®åŒ…çš„æŽ’åºã€é‡ä¼ æˆ–ç¡®è®¤æœºåˆ¶ã€‚å¦‚æžœæƒ³å®žçŽ°å¯é ä¼ è¾“ï¼Œé€šå¸¸éœ€è¦åœ¨ä¼ è¾“å±‚ä¹‹ä¸Šæ·»åŠ é¢å¤–çš„é€»è¾‘æ¥å¤„ç†è¿™äº›åŠŸèƒ½ï¼Œä¾‹å¦‚é€šè¿‡ä½¿ç”¨TCPåè®®æˆ–è€…åœ¨åº”ç”¨å±‚å®žçŽ°è‡ªå®šä¹‰çš„å¯é ä¼ è¾“æœºåˆ¶ã€‚
 30%|â–ˆâ–ˆâ–ˆâ–ˆâ–ˆâ–ˆâ–ˆâ–ˆâ–ˆâ–ˆâ–ˆâ–ˆâ–ˆâ–ˆâ–ˆâ–ˆâ–ˆâ–ˆâ–ˆâ–ˆâ–ˆâ–ˆâ–ˆâ–ˆâ–ˆâ–ˆâ–ˆ                                                               | 3/10 [00:11<00:31,  4.49s/it]current final result is:  B. 5
current final result is:  D. SYNå’ŒACK
 40%|â–ˆâ–ˆâ–ˆâ–ˆâ–ˆâ–ˆâ–ˆâ–ˆâ–ˆâ–ˆâ–ˆâ–ˆâ–ˆâ–ˆâ–ˆâ–ˆâ–ˆâ–ˆâ–ˆâ–ˆâ–ˆâ–ˆâ–ˆâ–ˆâ–ˆâ–ˆâ–ˆâ–ˆâ–ˆâ–ˆâ–ˆâ–ˆâ–ˆâ–ˆâ–ˆâ–ˆ                                                      | 4/10 [00:14<00:21,  3.65s/it]current final result is:  C. åœ¨æ”¶åˆ°ä¸€ä¸ªç¡®è®¤ä¹‹å‰å¯ä»¥å‘é€3000B
current final result is:  D. æ—¢ä¿è¯å¯é ï¼Œä¹Ÿä¿è¯æŒ‰åºäº¤ä»˜
 50%|â–ˆâ–ˆâ–ˆâ–ˆâ–ˆâ–ˆâ–ˆâ–ˆâ–ˆâ–ˆâ–ˆâ–ˆâ–ˆâ–ˆâ–ˆâ–ˆâ–ˆâ–ˆâ–ˆâ–ˆâ–ˆâ–ˆâ–ˆâ–ˆâ–ˆâ–ˆâ–ˆâ–ˆâ–ˆâ–ˆâ–ˆâ–ˆâ–ˆâ–ˆâ–ˆâ–ˆâ–ˆâ–ˆâ–ˆâ–ˆâ–ˆâ–ˆâ–ˆâ–ˆâ–ˆ                                             | 5/10 [00:17<00:18,  3.61s/it]current final result is:  B. OSPF
current final result is:  C. åœ¨æ”¶åˆ°ä¸€ä¸ªç¡®è®¤ä¹‹å‰å¯ä»¥å‘é€3000å­—èŠ‚
è§£æžï¼šTCPè¿žæŽ¥çš„å‘é€çª—å£å€¼æŒ‡çš„æ˜¯åœ¨ç­‰å¾…å¯¹æ–¹ç¡®è®¤ä¹‹å‰ï¼Œå‘é€æ–¹èƒ½å¤Ÿå‘é€çš„æ•°æ®é‡ï¼ˆä»¥å­—èŠ‚ä¸ºå•ä½ï¼‰ã€‚å› æ­¤ï¼Œå¦‚æžœå‘é€çª—å£å€¼ç”±2000å˜ä¸º3000ï¼Œè¿™æ„å‘³ç€å‘é€ç«¯å¯ä»¥åœ¨æ”¶åˆ°ä¸‹ä¸€ä¸ªç¡®è®¤æ¶ˆæ¯ä¹‹å‰å‘é€3000å­—èŠ‚çš„æ•°æ®ã€‚è¿™å¹¶ä¸ç›´æŽ¥å…³è”åˆ°å¯ä»¥å‘é€å¤šå°‘ä¸ªTCPæŠ¥æ–‡æ®µï¼Œå› ä¸ºæ¯ä¸ªæŠ¥æ–‡æ®µçš„å¤§å°å¯èƒ½ä¼šæ ¹æ®å…·ä½“æƒ…å†µè€Œæœ‰æ‰€ä¸åŒã€‚æ‰€ä»¥æ­£ç¡®ç­”æ¡ˆæ˜¯Cã€‚
 60%|â–ˆâ–ˆâ–ˆâ–ˆâ–ˆâ–ˆâ–ˆâ–ˆâ–ˆâ–ˆâ–ˆâ–ˆâ–ˆâ–ˆâ–ˆâ–ˆâ–ˆâ–ˆâ–ˆâ–ˆâ–ˆâ–ˆâ–ˆâ–ˆâ–ˆâ–ˆâ–ˆâ–ˆâ–ˆâ–ˆâ–ˆâ–ˆâ–ˆâ–ˆâ–ˆâ–ˆâ–ˆâ–ˆâ–ˆâ–ˆâ–ˆâ–ˆâ–ˆâ–ˆâ–ˆâ–ˆâ–ˆâ–ˆâ–ˆâ–ˆâ–ˆâ–ˆâ–ˆâ–ˆ                                    | 6/10 [00:29<00:25,  6.44s/it]current final result is:  C. æ•°æ®æŠ¥äº¤æ¢å¯èƒ½å‡ºçŽ°åˆ†ç»„ä¹±åº
current final result is:  A. è·¯ç”±å™¨
 70%|â–ˆâ–ˆâ–ˆâ–ˆâ–ˆâ–ˆâ–ˆâ–ˆâ–ˆâ–ˆâ–ˆâ–ˆâ–ˆâ–ˆâ–ˆâ–ˆâ–ˆâ–ˆâ–ˆâ–ˆâ–ˆâ–ˆâ–ˆâ–ˆâ–ˆâ–ˆâ–ˆâ–ˆâ–ˆâ–ˆâ–ˆâ–ˆâ–ˆâ–ˆâ–ˆâ–ˆâ–ˆâ–ˆâ–ˆâ–ˆâ–ˆâ–ˆâ–ˆâ–ˆâ–ˆâ–ˆâ–ˆâ–ˆâ–ˆâ–ˆâ–ˆâ–ˆâ–ˆâ–ˆâ–ˆâ–ˆâ–ˆâ–ˆâ–ˆâ–ˆâ–ˆâ–ˆâ–‰                           | 7/10 [00:32<00:15,  5.14s/it]current final result is:  D. â…¡ã€â…¢ã€â…£
current final result is:  C. 4
 80%|â–ˆâ–ˆâ–ˆâ–ˆâ–ˆâ–ˆâ–ˆâ–ˆâ–ˆâ–ˆâ–ˆâ–ˆâ–ˆâ–ˆâ–ˆâ–ˆâ–ˆâ–ˆâ–ˆâ–ˆâ–ˆâ–ˆâ–ˆâ–ˆâ–ˆâ–ˆâ–ˆâ–ˆâ–ˆâ–ˆâ–ˆâ–ˆâ–ˆâ–ˆâ–ˆâ–ˆâ–ˆâ–ˆâ–ˆâ–ˆâ–ˆâ–ˆâ–ˆâ–ˆâ–ˆâ–ˆâ–ˆâ–ˆâ–ˆâ–ˆâ–ˆâ–ˆâ–ˆâ–ˆâ–ˆâ–ˆâ–ˆâ–ˆâ–ˆâ–ˆâ–ˆâ–ˆâ–ˆâ–ˆâ–ˆâ–ˆâ–ˆâ–ˆâ–ˆâ–ˆâ–ˆâ–ˆ                  | 8/10 [00:33<00:08,  4.07s/it]current final result is:  A. 8B
current final result is:  C. 1200
è§£æžï¼šTCPç¡®è®¤åºå·æ˜¯æŒ‡æŽ¥æ”¶æ–¹æœŸæœ›æ”¶åˆ°å‘é€æ–¹ä¸‹ä¸€ä¸ªæ•°æ®å­—èŠ‚çš„åºå·ã€‚ç”±äºŽä¸»æœºä¹™æ­£ç¡®æŽ¥æ”¶åˆ°äº†ç¬¬1ä¸ªå’Œç¬¬3ä¸ªæ®µï¼Œå³åºå·ä»Ž300å¼€å§‹çš„300å­—èŠ‚å’Œåºå·ä»Ž9000å¼€å§‹çš„500å­—èŠ‚ï¼Œå› æ­¤å®ƒæœŸå¾…æ”¶åˆ°ä¸‹ä¸€ä¸ªæ•°æ®çš„èµ·å§‹åºå·æ˜¯9000 + 500 = 9500ã€‚ä½†ç”±äºŽç¬¬2ä¸ªæ®µä¸¢å¤±äº†ï¼Œæ‰€ä»¥ä¸»æœºä¹™ä¸èƒ½ç¡®è®¤ä»Ž400åˆ°9000è¿™éƒ¨åˆ†æ•°æ®ã€‚å› æ­¤ï¼Œä¸»æœºä¹™å‘é€ç»™ä¸»æœºç”²çš„ç¡®è®¤åºå·åº”å½“æ˜¯9500ï¼Œå³é€‰é¡¹Cä¸­çš„1200ï¼ˆæ³¨æ„é¢˜ç›®ä¸­ç»™å‡ºçš„åºå·æ˜¯ä»Ž300å¼€å§‹è®¡ç®—çš„ï¼Œå®žé™…çš„TCPåºå·æ˜¯ä»Ž0å¼€å§‹çš„ï¼Œæ‰€ä»¥éœ€è¦å‡åŽ»åˆå§‹åºå·300å¾—åˆ°å®žé™…ç¡®è®¤åºå·9500-300=9200ï¼Œå¯¹åº”é¢˜ç›®é€‰é¡¹ä¸­çš„1200ï¼‰ã€‚
 90%|â–ˆâ–ˆâ–ˆâ–ˆâ–ˆâ–ˆâ–ˆâ–ˆâ–ˆâ–ˆâ–ˆâ–ˆâ–ˆâ–ˆâ–ˆâ–ˆâ–ˆâ–ˆâ–ˆâ–ˆâ–ˆâ–ˆâ–ˆâ–ˆâ–ˆâ–ˆâ–ˆâ–ˆâ–ˆâ–ˆâ–ˆâ–ˆâ–ˆâ–ˆâ–ˆâ–ˆâ–ˆâ–ˆâ–ˆâ–ˆâ–ˆâ–ˆâ–ˆâ–ˆâ–ˆâ–ˆâ–ˆâ–ˆâ–ˆâ–ˆâ–ˆâ–ˆâ–ˆâ–ˆâ–ˆâ–ˆâ–ˆâ–ˆâ–ˆâ–ˆâ–ˆâ–ˆâ–ˆâ–ˆâ–ˆâ–ˆâ–ˆâ–ˆâ–ˆâ–ˆâ–ˆâ–ˆâ–ˆâ–ˆâ–ˆâ–ˆâ–ˆâ–ˆâ–ˆâ–ˆâ–ˆ         | 9/10 [00:56<00:09,  9.91s/it]current final result is:  D. 128
100%|â–ˆâ–ˆâ–ˆâ–ˆâ–ˆâ–ˆâ–ˆâ–ˆâ–ˆâ–ˆâ–ˆâ–ˆâ–ˆâ–ˆâ–ˆâ–ˆâ–ˆâ–ˆâ–ˆâ–ˆâ–ˆâ–ˆâ–ˆâ–ˆâ–ˆâ–ˆâ–ˆâ–ˆâ–ˆâ–ˆâ–ˆâ–ˆâ–ˆâ–ˆâ–ˆâ–ˆâ–ˆâ–ˆâ–ˆâ–ˆâ–ˆâ–ˆâ–ˆâ–ˆâ–ˆâ–ˆâ–ˆâ–ˆâ–ˆâ–ˆâ–ˆâ–ˆâ–ˆâ–ˆâ–ˆâ–ˆâ–ˆâ–ˆâ–ˆâ–ˆâ–ˆâ–ˆâ–ˆâ–ˆâ–ˆâ–ˆâ–ˆâ–ˆâ–ˆâ–ˆâ–ˆâ–ˆâ–ˆâ–ˆâ–ˆâ–ˆâ–ˆâ–ˆâ–ˆâ–ˆâ–ˆâ–ˆâ–ˆâ–ˆâ–ˆâ–ˆâ–ˆâ–ˆâ–ˆ| 10/10 [00:57<00:00,  7.14s/it]100%|â–ˆâ–ˆâ–ˆâ–ˆâ–ˆâ–ˆâ–ˆâ–ˆâ–ˆâ–ˆâ–ˆâ–ˆâ–ˆâ–ˆâ–ˆâ–ˆâ–ˆâ–ˆâ–ˆâ–ˆâ–ˆâ–ˆâ–ˆâ–ˆâ–ˆâ–ˆâ–ˆâ–ˆâ–ˆâ–ˆâ–ˆâ–ˆâ–ˆâ–ˆâ–ˆâ–ˆâ–ˆâ–ˆâ–ˆâ–ˆâ–ˆâ–ˆâ–ˆâ–ˆâ–ˆâ–ˆâ–ˆâ–ˆâ–ˆâ–ˆâ–ˆâ–ˆâ–ˆâ–ˆâ–ˆâ–ˆâ–ˆâ–ˆâ–ˆâ–ˆâ–ˆâ–ˆâ–ˆâ–ˆâ–ˆâ–ˆâ–ˆâ–ˆâ–ˆâ–ˆâ–ˆâ–ˆâ–ˆâ–ˆâ–ˆâ–ˆâ–ˆâ–ˆâ–ˆâ–ˆâ–ˆâ–ˆâ–ˆâ–ˆâ–ˆâ–ˆâ–ˆâ–ˆâ–ˆ| 10/10 [00:57<00:00,  5.77s/it]
05/28 17:05:59 - OpenCompass - [4m[97mINFO[0m - time elapsed: 57.70s
